18:25:09 **** Clean-only build of configuration Debug for project BST ****
make clean 
rm -rf  ./src/main.o  ./src/main.d  BST
 
18:44:10 **** Build of configuration Debug for project DynamicArray ****
make all 
Building file: ../src/DynamicArray.cpp
Invoking: Cross G++ Compiler
g++ -O0 -g3 -Wall -c -fmessage-length=0 -MMD -MP -MF"src/DynamicArray.d" -MT"src/DynamicArray.d" -o "src/DynamicArray.o" "../src/DynamicArray.cpp"
../src/DynamicArray.cpp: In function ‘int main()’:
../src/DynamicArray.cpp:23:12: error: invalid conversion from ‘void*’ to ‘int*’ [-fpermissive]
  p = malloc(10* sizeof(int));
      ~~~~~~^~~~~~~~~~~~~~~~~
src/subdir.mk:18: recipe for target 'src/DynamicArray.o' failed
make: *** [src/DynamicArray.o] Error 1
18:46:10 **** Incremental Build of configuration Debug for project DynamicArray ****
make all 
Building file: ../src/DynamicArray.cpp
Invoking: Cross G++ Compiler
g++ -O0 -g3 -Wall -c -fmessage-length=0 -MMD -MP -MF"src/DynamicArray.d" -MT"src/DynamicArray.d" -o "src/DynamicArray.o" "../src/DynamicArray.cpp"
../src/DynamicArray.cpp: In function ‘int main()’:
../src/DynamicArray.cpp:22:8: warning: variable ‘p’ set but not used [-Wunused-but-set-variable]
  int * p ;
        ^
Finished building: ../src/DynamicArray.cpp
 
Building target: DynamicArray
Invoking: Cross G++ Linker
g++  -o "DynamicArray"  ./src/DynamicArray.o   
Finished building target: DynamicArray
 
18:46:32 **** Incremental Build of configuration Debug for project DynamicArray ****
make all 
Building file: ../src/DynamicArray.cpp
Invoking: Cross G++ Compiler
g++ -O0 -g3 -Wall -c -fmessage-length=0 -MMD -MP -MF"src/DynamicArray.d" -MT"src/DynamicArray.d" -o "src/DynamicArray.o" "../src/DynamicArray.cpp"
Finished building: ../src/DynamicArray.cpp
 
Building target: DynamicArray
Invoking: Cross G++ Linker
g++  -o "DynamicArray"  ./src/DynamicArray.o   
Finished building target: DynamicArray
 
18:46:47 **** Incremental Build of configuration Debug for project DynamicArray ****
make all 
Building file: ../src/DynamicArray.cpp
Invoking: Cross G++ Compiler
g++ -O0 -g3 -Wall -c -fmessage-length=0 -MMD -MP -MF"src/DynamicArray.d" -MT"src/DynamicArray.d" -o "src/DynamicArray.o" "../src/DynamicArray.cpp"
../src/DynamicArray.cpp: In function ‘int main()’:
../src/DynamicArray.cpp:23:30: error: lvalue required as left operand of assignment
  p = new int [5] = {1,2,3,4,5};
                              ^
make: *** [src/DynamicArray.o] Error 1
src/subdir.mk:18: recipe for target 'src/DynamicArray.o' failed
18:46:56 **** Incremental Build of configuration Debug for project DynamicArray ****
make all 
Building file: ../src/DynamicArray.cpp
Invoking: Cross G++ Compiler
g++ -O0 -g3 -Wall -c -fmessage-length=0 -MMD -MP -MF"src/DynamicArray.d" -MT"src/DynamicArray.d" -o "src/DynamicArray.o" "../src/DynamicArray.cpp"
Finished building: ../src/DynamicArray.cpp
 
Building target: DynamicArray
Invoking: Cross G++ Linker
g++  -o "DynamicArray"  ./src/DynamicArray.o   
Finished building target: DynamicArray
 
18:47:13 **** Incremental Build of configuration Debug for project DynamicArray ****
make all 
make: Nothing to be done for 'all'.
18:48:06 **** Incremental Build of configuration Debug for project DynamicArray ****
make all 
Building file: ../src/DynamicArray.cpp
Invoking: Cross G++ Compiler
g++ -O0 -g3 -Wall -c -fmessage-length=0 -MMD -MP -MF"src/DynamicArray.d" -MT"src/DynamicArray.d" -o "src/DynamicArray.o" "../src/DynamicArray.cpp"
../src/DynamicArray.cpp: In function ‘void print(int*)’:
../src/DynamicArray.cpp:17:3: error: expected ‘;’ before ‘p’
   p = p+1;
   ^
make: *** [src/DynamicArray.o] Error 1
src/subdir.mk:18: recipe for target 'src/DynamicArray.o' failed
18:48:15 **** Incremental Build of configuration Debug for project DynamicArray ****
make all 
Building file: ../src/DynamicArray.cpp
Invoking: Cross G++ Compiler
g++ -O0 -g3 -Wall -c -fmessage-length=0 -MMD -MP -MF"src/DynamicArray.d" -MT"src/DynamicArray.d" -o "src/DynamicArray.o" "../src/DynamicArray.cpp"
Finished building: ../src/DynamicArray.cpp
 
Building target: DynamicArray
Invoking: Cross G++ Linker
g++  -o "DynamicArray"  ./src/DynamicArray.o   
Finished building target: DynamicArray
 
18:48:17 **** Incremental Build of configuration Debug for project DynamicArray ****
make all 
make: Nothing to be done for 'all'.
19:06:05 **** Incremental Build of configuration Debug for project DynamicArray ****
make all 
Building file: ../src/DynamicArray.cpp
Invoking: Cross G++ Compiler
g++ -O0 -g3 -Wall -c -fmessage-length=0 -MMD -MP -MF"src/DynamicArray.d" -MT"src/DynamicArray.d" -o "src/DynamicArray.o" "../src/DynamicArray.cpp"
Finished building: ../src/DynamicArray.cpp
 
Building target: DynamicArray
Invoking: Cross G++ Linker
g++  -o "DynamicArray"  ./src/DynamicArray.o   
Finished building target: DynamicArray
 
19:06:08 **** Incremental Build of configuration Debug for project DynamicArray ****
make all 
make: Nothing to be done for 'all'.
19:07:16 **** Incremental Build of configuration Debug for project DynamicArray ****
make all 
Building file: ../src/DynamicArray.cpp
Invoking: Cross G++ Compiler
g++ -O0 -g3 -Wall -c -fmessage-length=0 -MMD -MP -MF"src/DynamicArray.d" -MT"src/DynamicArray.d" -o "src/DynamicArray.o" "../src/DynamicArray.cpp"
Finished building: ../src/DynamicArray.cpp
 
Building target: DynamicArray
Invoking: Cross G++ Linker
g++  -o "DynamicArray"  ./src/DynamicArray.o   
Finished building target: DynamicArray
 
19:07:21 **** Incremental Build of configuration Debug for project DynamicArray ****
make all 
make: Nothing to be done for 'all'.
19:07:56 **** Incremental Build of configuration Debug for project DynamicArray ****
make all 
Building file: ../src/DynamicArray.cpp
Invoking: Cross G++ Compiler
g++ -O0 -g3 -Wall -c -fmessage-length=0 -MMD -MP -MF"src/DynamicArray.d" -MT"src/DynamicArray.d" -o "src/DynamicArray.o" "../src/DynamicArray.cpp"
Finished building: ../src/DynamicArray.cpp
 
Building target: DynamicArray
Invoking: Cross G++ Linker
g++  -o "DynamicArray"  ./src/DynamicArray.o   
Finished building target: DynamicArray
 
19:07:59 **** Incremental Build of configuration Debug for project DynamicArray ****
make all 
make: Nothing to be done for 'all'.
19:08:17 **** Incremental Build of configuration Debug for project DynamicArray ****
make all 
make: Nothing to be done for 'all'.
19:09:51 **** Incremental Build of configuration Debug for project DynamicArray ****
make all 
Building file: ../src/DynamicArray.cpp
Invoking: Cross G++ Compiler
g++ -O0 -g3 -Wall -c -fmessage-length=0 -MMD -MP -MF"src/DynamicArray.d" -MT"src/DynamicArray.d" -o "src/DynamicArray.o" "../src/DynamicArray.cpp"
Finished building: ../src/DynamicArray.cpp
 
Building target: DynamicArray
Invoking: Cross G++ Linker
g++  -o "DynamicArray"  ./src/DynamicArray.o   
Finished building target: DynamicArray
 
19:09:54 **** Incremental Build of configuration Debug for project DynamicArray ****
make all 
make: Nothing to be done for 'all'.
19:10:38 **** Incremental Build of configuration Debug for project DynamicArray ****
make all 
Building file: ../src/DynamicArray.cpp
Invoking: Cross G++ Compiler
g++ -O0 -g3 -Wall -c -fmessage-length=0 -MMD -MP -MF"src/DynamicArray.d" -MT"src/DynamicArray.d" -o "src/DynamicArray.o" "../src/DynamicArray.cpp"
Finished building: ../src/DynamicArray.cpp
 
Building target: DynamicArray
Invoking: Cross G++ Linker
g++  -o "DynamicArray"  ./src/DynamicArray.o   
Finished building target: DynamicArray
 
19:11:57 **** Incremental Build of configuration Debug for project DynamicArray ****
make all 
Building file: ../src/DynamicArray.cpp
Invoking: Cross G++ Compiler
g++ -O0 -g3 -Wall -c -fmessage-length=0 -MMD -MP -MF"src/DynamicArray.d" -MT"src/DynamicArray.d" -o "src/DynamicArray.o" "../src/DynamicArray.cpp"
Finished building: ../src/DynamicArray.cpp
 
Building target: DynamicArray
Invoking: Cross G++ Linker
g++  -o "DynamicArray"  ./src/DynamicArray.o   
Finished building target: DynamicArray
 
19:12:11 **** Incremental Build of configuration Debug for project DynamicArray ****
make all 
Building file: ../src/DynamicArray.cpp
Invoking: Cross G++ Compiler
g++ -O0 -g3 -Wall -c -fmessage-length=0 -MMD -MP -MF"src/DynamicArray.d" -MT"src/DynamicArray.d" -o "src/DynamicArray.o" "../src/DynamicArray.cpp"
Finished building: ../src/DynamicArray.cpp
 
Building target: DynamicArray
Invoking: Cross G++ Linker
g++  -o "DynamicArray"  ./src/DynamicArray.o   
Finished building target: DynamicArray
 
19:12:13 **** Incremental Build of configuration Debug for project DynamicArray ****
make all 
make: Nothing to be done for 'all'.
19:42:39 **** Incremental Build of configuration Debug for project DynamicArray ****
make all 
Building file: ../src/DynamicArray.cpp
Invoking: Cross G++ Compiler
g++ -O0 -g3 -Wall -c -fmessage-length=0 -MMD -MP -MF"src/DynamicArray.d" -MT"src/DynamicArray.d" -o "src/DynamicArray.o" "../src/DynamicArray.cpp"
../src/DynamicArray.cpp: In function ‘int main()’:
../src/DynamicArray.cpp:53:13: warning: value computed is not used [-Wunused-value]
   ptrArray[j];
   ~~~~~~~~~~^
../src/DynamicArray.cpp:53:13: warning: statement has no effect [-Wunused-value]
../src/DynamicArray.cpp:58:14: error: ‘person_copy’ was not declared in this scope
     memcpy( &person_copy, &person, sizeof(person) );
              ^~~~~~~~~~~
../src/DynamicArray.cpp:58:28: error: ‘person’ was not declared in this scope
     memcpy( &person_copy, &person, sizeof(person) );
                            ^~~~~~
src/subdir.mk:18: recipe for target 'src/DynamicArray.o' failed
make: *** [src/DynamicArray.o] Error 1
19:42:48 **** Incremental Build of configuration Debug for project DynamicArray ****
make all 
Building file: ../src/DynamicArray.cpp
Invoking: Cross G++ Compiler
g++ -O0 -g3 -Wall -c -fmessage-length=0 -MMD -MP -MF"src/DynamicArray.d" -MT"src/DynamicArray.d" -o "src/DynamicArray.o" "../src/DynamicArray.cpp"
../src/DynamicArray.cpp: In function ‘int main()’:
../src/DynamicArray.cpp:54:13: warning: value computed is not used [-Wunused-value]
   ptrArray[j];
   ~~~~~~~~~~^
../src/DynamicArray.cpp:54:13: warning: statement has no effect [-Wunused-value]
../src/DynamicArray.cpp:59:14: error: ‘person_copy’ was not declared in this scope
     memcpy( &person_copy, &person, sizeof(person) );
              ^~~~~~~~~~~
../src/DynamicArray.cpp:59:28: error: ‘person’ was not declared in this scope
     memcpy( &person_copy, &person, sizeof(person) );
                            ^~~~~~
src/subdir.mk:18: recipe for target 'src/DynamicArray.o' failed
make: *** [src/DynamicArray.o] Error 1
19:45:17 **** Incremental Build of configuration Debug for project DynamicArray ****
make all 
Building file: ../src/DynamicArray.cpp
Invoking: Cross G++ Compiler
g++ -O0 -g3 -Wall -c -fmessage-length=0 -MMD -MP -MF"src/DynamicArray.d" -MT"src/DynamicArray.d" -o "src/DynamicArray.o" "../src/DynamicArray.cpp"
../src/DynamicArray.cpp: In function ‘int main()’:
../src/DynamicArray.cpp:54:13: warning: value computed is not used [-Wunused-value]
   ptrArray[j];
   ~~~~~~~~~~^
../src/DynamicArray.cpp:54:13: warning: statement has no effect [-Wunused-value]
Finished building: ../src/DynamicArray.cpp
 
Building target: DynamicArray
Invoking: Cross G++ Linker
g++  -o "DynamicArray"  ./src/DynamicArray.o   
Finished building target: DynamicArray
 
19:46:15 **** Incremental Build of configuration Debug for project DynamicArray ****
make all 
Building file: ../src/DynamicArray.cpp
Invoking: Cross G++ Compiler
g++ -O0 -g3 -Wall -c -fmessage-length=0 -MMD -MP -MF"src/DynamicArray.d" -MT"src/DynamicArray.d" -o "src/DynamicArray.o" "../src/DynamicArray.cpp"
Finished building: ../src/DynamicArray.cpp
 
Building target: DynamicArray
Invoking: Cross G++ Linker
g++  -o "DynamicArray"  ./src/DynamicArray.o   
Finished building target: DynamicArray
 
19:46:55 **** Incremental Build of configuration Debug for project DynamicArray ****
make all 
Building file: ../src/DynamicArray.cpp
Invoking: Cross G++ Compiler
g++ -O0 -g3 -Wall -c -fmessage-length=0 -MMD -MP -MF"src/DynamicArray.d" -MT"src/DynamicArray.d" -o "src/DynamicArray.o" "../src/DynamicArray.cpp"
Finished building: ../src/DynamicArray.cpp
 
Building target: DynamicArray
Invoking: Cross G++ Linker
g++  -o "DynamicArray"  ./src/DynamicArray.o   
Finished building target: DynamicArray
 
19:47:01 **** Incremental Build of configuration Debug for project DynamicArray ****
make all 
make: Nothing to be done for 'all'.
19:48:13 **** Incremental Build of configuration Debug for project DynamicArray ****
make all 
Building file: ../src/DynamicArray.cpp
Invoking: Cross G++ Compiler
g++ -O0 -g3 -Wall -c -fmessage-length=0 -MMD -MP -MF"src/DynamicArray.d" -MT"src/DynamicArray.d" -o "src/DynamicArray.o" "../src/DynamicArray.cpp"
../src/DynamicArray.cpp: In function ‘int main()’:
../src/DynamicArray.cpp:58:49: error: ‘memcpy’ was not declared in this scope
    memcpy(&ptrArray, &ptrArray_new , init_size/2);
                                                 ^
make: *** [src/DynamicArray.o] Error 1
src/subdir.mk:18: recipe for target 'src/DynamicArray.o' failed
20:03:15 **** Incremental Build of configuration Debug for project DynamicArray ****
make all 
Building file: ../src/DynamicArray.cpp
Invoking: Cross G++ Compiler
g++ -O0 -g3 -Wall -c -fmessage-length=0 -MMD -MP -MF"src/DynamicArray.d" -MT"src/DynamicArray.d" -o "src/DynamicArray.o" "../src/DynamicArray.cpp"
Finished building: ../src/DynamicArray.cpp
 
Building target: DynamicArray
Invoking: Cross G++ Linker
g++  -o "DynamicArray"  ./src/DynamicArray.o   
Finished building target: DynamicArray
 
20:03:19 **** Incremental Build of configuration Debug for project DynamicArray ****
make all 
make: Nothing to be done for 'all'.
00:08:24 **** Build of configuration Debug for project iofStream ****
make all 
Building file: ../src/iofStream.cpp
Invoking: Cross G++ Compiler
g++ -O0 -g3 -Wall -c -fmessage-length=0 -MMD -MP -MF"src/iofStream.d" -MT"src/iofStream.d" -o "src/iofStream.o" "../src/iofStream.cpp"
../src/iofStream.cpp:15:19: error: stray ‘@’ in program
  const char * s = @"/home/shreeganesh/Documents/C++/Data-Structure/iofStream/example.txt";
                   ^
make: *** [src/iofStream.o] Error 1
src/subdir.mk:18: recipe for target 'src/iofStream.o' failed
00:11:17 **** Incremental Build of configuration Debug for project iofStream ****
make all 
Building file: ../src/iofStream.cpp
Invoking: Cross G++ Compiler
g++ -O0 -g3 -Wall -c -fmessage-length=0 -MMD -MP -MF"src/iofStream.d" -MT"src/iofStream.d" -o "src/iofStream.o" "../src/iofStream.cpp"
Finished building: ../src/iofStream.cpp
 
Building target: iofStream
Invoking: Cross G++ Linker
g++  -o "iofStream"  ./src/iofStream.o   
Finished building target: iofStream
 
00:11:47 **** Incremental Build of configuration Debug for project iofStream ****
make all 
make: Nothing to be done for 'all'.
00:13:02 **** Incremental Build of configuration Debug for project iofStream ****
make all 
Building file: ../src/iofStream.cpp
Invoking: Cross G++ Compiler
g++ -O0 -g3 -Wall -c -fmessage-length=0 -MMD -MP -MF"src/iofStream.d" -MT"src/iofStream.d" -o "src/iofStream.o" "../src/iofStream.cpp"
../src/iofStream.cpp: In function ‘int main()’:
../src/iofStream.cpp:16:29: error: invalid operands of types ‘const char [17]’ and ‘<unresolved overloaded function type>’ to binary ‘operator<<’
  mystream<"Testing iostream"<<endl;
           ~~~~~~~~~~~~~~~~~~^~~~~~
make: *** [src/iofStream.o] Error 1
src/subdir.mk:18: recipe for target 'src/iofStream.o' failed
00:13:16 **** Incremental Build of configuration Debug for project iofStream ****
make all 
Building file: ../src/iofStream.cpp
Invoking: Cross G++ Compiler
g++ -O0 -g3 -Wall -c -fmessage-length=0 -MMD -MP -MF"src/iofStream.d" -MT"src/iofStream.d" -o "src/iofStream.o" "../src/iofStream.cpp"
Finished building: ../src/iofStream.cpp
 
Building target: iofStream
Invoking: Cross G++ Linker
g++  -o "iofStream"  ./src/iofStream.o   
Finished building target: iofStream
 
22:25:46 **** Build of configuration Debug for project LinkedList2 ****
make all 
Building file: ../src/LinkedList2.cpp
Invoking: Cross G++ Compiler
g++ -O0 -g3 -Wall -c -fmessage-length=0 -MMD -MP -MF"src/LinkedList2.d" -MT"src/LinkedList2.d" -o "src/LinkedList2.o" "../src/LinkedList2.cpp"
Finished building: ../src/LinkedList2.cpp
 
Building target: LinkedList2
Invoking: Cross G++ Linker
g++  -o "LinkedList2"  ./src/LinkedList2.o   
Finished building target: LinkedList2
 
22:34:15 **** Incremental Build of configuration Debug for project LinkedList2 ****
make all 
Building file: ../src/LinkedList2.cpp
Invoking: Cross G++ Compiler
g++ -O0 -g3 -Wall -c -fmessage-length=0 -MMD -MP -MF"src/LinkedList2.d" -MT"src/LinkedList2.d" -o "src/LinkedList2.o" "../src/LinkedList2.cpp"
Finished building: ../src/LinkedList2.cpp
 
Building target: LinkedList2
Invoking: Cross G++ Linker
g++  -o "LinkedList2"  ./src/LinkedList2.o   
Finished building target: LinkedList2
 
22:34:29 **** Incremental Build of configuration Debug for project LinkedList2 ****
make all 
make: Nothing to be done for 'all'.
22:34:33 **** Incremental Build of configuration Debug for project LinkedList2 ****
make all 
make: Nothing to be done for 'all'.
22:35:20 **** Incremental Build of configuration Debug for project LinkedList2 ****
make all 
Building file: ../src/LinkedList2.cpp
Invoking: Cross G++ Compiler
g++ -O0 -g3 -Wall -c -fmessage-length=0 -MMD -MP -MF"src/LinkedList2.d" -MT"src/LinkedList2.d" -o "src/LinkedList2.o" "../src/LinkedList2.cpp"
Finished building: ../src/LinkedList2.cpp
 
Building target: LinkedList2
Invoking: Cross G++ Linker
g++  -o "LinkedList2"  ./src/LinkedList2.o   
Finished building target: LinkedList2
 
22:35:24 **** Incremental Build of configuration Debug for project LinkedList2 ****
make all 
make: Nothing to be done for 'all'.
22:37:56 **** Incremental Build of configuration Debug for project LinkedList2 ****
make all 
Building file: ../src/LinkedList2.cpp
Invoking: Cross G++ Compiler
g++ -O0 -g3 -Wall -c -fmessage-length=0 -MMD -MP -MF"src/LinkedList2.d" -MT"src/LinkedList2.d" -o "src/LinkedList2.o" "../src/LinkedList2.cpp"
Finished building: ../src/LinkedList2.cpp
 
Building target: LinkedList2
Invoking: Cross G++ Linker
g++  -o "LinkedList2"  ./src/LinkedList2.o   
Finished building target: LinkedList2
 
22:37:58 **** Incremental Build of configuration Debug for project LinkedList2 ****
make all 
make: Nothing to be done for 'all'.
22:39:00 **** Incremental Build of configuration Debug for project LinkedList2 ****
make all 
make: Nothing to be done for 'all'.
22:39:04 **** Incremental Build of configuration Debug for project LinkedList2 ****
make all 
make: Nothing to be done for 'all'.
22:39:06 **** Incremental Build of configuration Debug for project LinkedList2 ****
make all 
make: Nothing to be done for 'all'.
22:41:20 **** Incremental Build of configuration Debug for project LinkedList2 ****
make all 
Building file: ../src/LinkedList2.cpp
Invoking: Cross G++ Compiler
g++ -O0 -g3 -Wall -c -fmessage-length=0 -MMD -MP -MF"src/LinkedList2.d" -MT"src/LinkedList2.d" -o "src/LinkedList2.o" "../src/LinkedList2.cpp"
Finished building: ../src/LinkedList2.cpp
 
Building target: LinkedList2
Invoking: Cross G++ Linker
g++  -o "LinkedList2"  ./src/LinkedList2.o   
Finished building target: LinkedList2
 
22:41:28 **** Incremental Build of configuration Debug for project LinkedList2 ****
make all 
Building file: ../src/LinkedList2.cpp
Invoking: Cross G++ Compiler
g++ -O0 -g3 -Wall -c -fmessage-length=0 -MMD -MP -MF"src/LinkedList2.d" -MT"src/LinkedList2.d" -o "src/LinkedList2.o" "../src/LinkedList2.cpp"
Finished building: ../src/LinkedList2.cpp
 
Building target: LinkedList2
Invoking: Cross G++ Linker
g++  -o "LinkedList2"  ./src/LinkedList2.o   
Finished building target: LinkedList2
 
22:41:30 **** Incremental Build of configuration Debug for project LinkedList2 ****
make all 
make: Nothing to be done for 'all'.
22:42:01 **** Incremental Build of configuration Debug for project LinkedList2 ****
make all 
Building file: ../src/LinkedList2.cpp
Invoking: Cross G++ Compiler
g++ -O0 -g3 -Wall -c -fmessage-length=0 -MMD -MP -MF"src/LinkedList2.d" -MT"src/LinkedList2.d" -o "src/LinkedList2.o" "../src/LinkedList2.cpp"
Finished building: ../src/LinkedList2.cpp
 
Building target: LinkedList2
Invoking: Cross G++ Linker
g++  -o "LinkedList2"  ./src/LinkedList2.o   
Finished building target: LinkedList2
 
22:42:07 **** Incremental Build of configuration Debug for project LinkedList2 ****
make all 
make: Nothing to be done for 'all'.
22:44:25 **** Incremental Build of configuration Debug for project LinkedList2 ****
make all 
Building file: ../src/LinkedList2.cpp
Invoking: Cross G++ Compiler
g++ -O0 -g3 -Wall -c -fmessage-length=0 -MMD -MP -MF"src/LinkedList2.d" -MT"src/LinkedList2.d" -o "src/LinkedList2.o" "../src/LinkedList2.cpp"
Finished building: ../src/LinkedList2.cpp
 
Building target: LinkedList2
Invoking: Cross G++ Linker
g++  -o "LinkedList2"  ./src/LinkedList2.o   
Finished building target: LinkedList2
 
22:44:28 **** Incremental Build of configuration Debug for project LinkedList2 ****
make all 
make: Nothing to be done for 'all'.
22:45:48 **** Incremental Build of configuration Debug for project LinkedList ****
make all 
make: Nothing to be done for 'all'.
22:45:48 **** Incremental Build of configuration Debug for project LinkedList2 ****
make all 
Building file: ../src/LinkedList2.cpp
Invoking: Cross G++ Compiler
g++ -O0 -g3 -Wall -c -fmessage-length=0 -MMD -MP -MF"src/LinkedList2.d" -MT"src/LinkedList2.d" -o "src/LinkedList2.o" "../src/LinkedList2.cpp"
Finished building: ../src/LinkedList2.cpp
 
Building target: LinkedList2
Invoking: Cross G++ Linker
g++  -o "LinkedList2"  ./src/LinkedList2.o   
Finished building target: LinkedList2
 
22:45:50 **** Incremental Build of configuration Debug for project LinkedList2 ****
make all 
make: Nothing to be done for 'all'.
22:55:00 **** Incremental Build of configuration Debug for project LinkedList2 ****
make all 
Building file: ../src/LinkedList2.cpp
Invoking: Cross G++ Compiler
g++ -O0 -g3 -Wall -c -fmessage-length=0 -MMD -MP -MF"src/LinkedList2.d" -MT"src/LinkedList2.d" -o "src/LinkedList2.o" "../src/LinkedList2.cpp"
Finished building: ../src/LinkedList2.cpp
 
Building target: LinkedList2
Invoking: Cross G++ Linker
g++  -o "LinkedList2"  ./src/LinkedList2.o   
Finished building target: LinkedList2
 
22:55:02 **** Incremental Build of configuration Debug for project LinkedList2 ****
make all 
make: Nothing to be done for 'all'.
22:55:50 **** Incremental Build of configuration Debug for project LinkedList2 ****
make all 
Building file: ../src/LinkedList2.cpp
Invoking: Cross G++ Compiler
g++ -O0 -g3 -Wall -c -fmessage-length=0 -MMD -MP -MF"src/LinkedList2.d" -MT"src/LinkedList2.d" -o "src/LinkedList2.o" "../src/LinkedList2.cpp"
Finished building: ../src/LinkedList2.cpp
 
Building target: LinkedList2
Invoking: Cross G++ Linker
g++  -o "LinkedList2"  ./src/LinkedList2.o   
Finished building target: LinkedList2
 
22:55:53 **** Incremental Build of configuration Debug for project LinkedList2 ****
make all 
make: Nothing to be done for 'all'.
23:17:57 **** Build of configuration Debug for project LinkedList3 ****
make all 
Building file: ../src/LinkedList3.cpp
Invoking: Cross G++ Compiler
g++ -O0 -g3 -Wall -c -fmessage-length=0 -MMD -MP -MF"src/LinkedList3.d" -MT"src/LinkedList3.d" -o "src/LinkedList3.o" "../src/LinkedList3.cpp"
Finished building: ../src/LinkedList3.cpp
 
Building target: LinkedList3
Invoking: Cross G++ Linker
g++  -o "LinkedList3"  ./src/LinkedList3.o   
Finished building target: LinkedList3
 
23:35:18 **** Incremental Build of configuration Debug for project LinkedList ****
make all 
make: Nothing to be done for 'all'.
23:35:18 **** Incremental Build of configuration Debug for project LinkedList3 ****
make all 
Building file: ../src/LinkedList3.cpp
Invoking: Cross G++ Compiler
g++ -O0 -g3 -Wall -c -fmessage-length=0 -MMD -MP -MF"src/LinkedList3.d" -MT"src/LinkedList3.d" -o "src/LinkedList3.o" "../src/LinkedList3.cpp"
Finished building: ../src/LinkedList3.cpp
 
Building target: LinkedList3
Invoking: Cross G++ Linker
g++  -o "LinkedList3"  ./src/LinkedList3.o   
Finished building target: LinkedList3
 
23:35:43 **** Incremental Build of configuration Debug for project LinkedList3 ****
make all 
make: Nothing to be done for 'all'.
23:36:11 **** Incremental Build of configuration Debug for project LinkedList3 ****
make all 
Building file: ../src/LinkedList3.cpp
Invoking: Cross G++ Compiler
g++ -O0 -g3 -Wall -c -fmessage-length=0 -MMD -MP -MF"src/LinkedList3.d" -MT"src/LinkedList3.d" -o "src/LinkedList3.o" "../src/LinkedList3.cpp"
Finished building: ../src/LinkedList3.cpp
 
Building target: LinkedList3
Invoking: Cross G++ Linker
g++  -o "LinkedList3"  ./src/LinkedList3.o   
Finished building target: LinkedList3
 
23:36:13 **** Incremental Build of configuration Debug for project LinkedList3 ****
make all 
make: Nothing to be done for 'all'.
23:37:15 **** Incremental Build of configuration Debug for project LinkedList3 ****
make all 
Building file: ../src/LinkedList3.cpp
Invoking: Cross G++ Compiler
g++ -O0 -g3 -Wall -c -fmessage-length=0 -MMD -MP -MF"src/LinkedList3.d" -MT"src/LinkedList3.d" -o "src/LinkedList3.o" "../src/LinkedList3.cpp"
Finished building: ../src/LinkedList3.cpp
 
Building target: LinkedList3
Invoking: Cross G++ Linker
g++  -o "LinkedList3"  ./src/LinkedList3.o   
Finished building target: LinkedList3
 
23:37:23 **** Incremental Build of configuration Debug for project LinkedList3 ****
make all 
make: Nothing to be done for 'all'.
22:43:09 **** Build of configuration Debug for project Vector ****
make all 
Building file: ../src/Vector.cpp
Invoking: Cross G++ Compiler
g++ -O0 -g3 -Wall -c -fmessage-length=0 -MMD -MP -MF"src/Vector.d" -MT"src/Vector.d" -o "src/Vector.o" "../src/Vector.cpp"
../src/Vector.cpp: In member function ‘std::vector<int> Solution::twoSum(std::vector<int>&, int)’:
../src/Vector.cpp:19:23: warning: comparison between signed and unsigned integer expressions [-Wsign-compare]
         for(int i=0; i< nums.size(); i++ )
                      ~^~~~~~~~~~~~~
../src/Vector.cpp:21:30: warning: comparison between signed and unsigned integer expressions [-Wsign-compare]
              for(int j= 0; j < nums.size(); j++)
                            ~~^~~~~~~~~~~~~
../src/Vector.cpp:31:5: warning: control reaches end of non-void function [-Wreturn-type]
     }
     ^
Finished building: ../src/Vector.cpp
 
Building target: Vector
Invoking: Cross G++ Linker
g++  -o "Vector"  ./src/Vector.o   
Finished building target: Vector
 
22:43:47 **** Incremental Build of configuration Debug for project Vector ****
make all 
Building file: ../src/Vector.cpp
Invoking: Cross G++ Compiler
g++ -O0 -g3 -Wall -c -fmessage-length=0 -MMD -MP -MF"src/Vector.d" -MT"src/Vector.d" -o "src/Vector.o" "../src/Vector.cpp"
../src/Vector.cpp: In member function ‘std::vector<int> Solution::twoSum(std::vector<int>&, int)’:
../src/Vector.cpp:19:23: warning: comparison between signed and unsigned integer expressions [-Wsign-compare]
         for(int i=0; i< nums.size(); i++ )
                      ~^~~~~~~~~~~~~
../src/Vector.cpp:21:32: warning: comparison between signed and unsigned integer expressions [-Wsign-compare]
              for(int j= i+1; j < nums.size(); j++)
                              ~~^~~~~~~~~~~~~
../src/Vector.cpp:31:5: warning: control reaches end of non-void function [-Wreturn-type]
     }
     ^
Finished building: ../src/Vector.cpp
 
Building target: Vector
Invoking: Cross G++ Linker
g++  -o "Vector"  ./src/Vector.o   
Finished building target: Vector
 
22:45:04 **** Incremental Build of configuration Debug for project Vector ****
make all 
make: Nothing to be done for 'all'.
22:45:14 **** Incremental Build of configuration Debug for project Vector ****
make all 
make: Nothing to be done for 'all'.
22:45:27 **** Incremental Build of configuration Debug for project Vector ****
make all 
make: Nothing to be done for 'all'.
22:45:36 **** Incremental Build of configuration Debug for project Vector ****
make all 
make: Nothing to be done for 'all'.
22:46:53 **** Incremental Build of configuration Debug for project Vector ****
make all 
Building file: ../src/Vector.cpp
Invoking: Cross G++ Compiler
g++ -O0 -g3 -Wall -c -fmessage-length=0 -MMD -MP -MF"src/Vector.d" -MT"src/Vector.d" -o "src/Vector.o" "../src/Vector.cpp"
../src/Vector.cpp: In member function ‘std::vector<unsigned int> Solution::twoSum(std::vector<unsigned int>&, unsigned int)’:
../src/Vector.cpp:28:29: error: could not convert ‘match’ from ‘std::vector<int>’ to ‘std::vector<unsigned int>’
                      return match;
                             ^~~~~
../src/Vector.cpp:33:19: error: expected type-specifier before ‘IllegalArgumentException’
         throw new IllegalArgumentException("No two sum solution");
                   ^~~~~~~~~~~~~~~~~~~~~~~~
../src/Vector.cpp: In function ‘int main()’:
../src/Vector.cpp:41:21: error: no matching function for call to ‘Solution::twoSum(std::vector<int>&, int)’
  S1.twoSum(array, 10);
                     ^
../src/Vector.cpp:17:26: note: candidate: std::vector<unsigned int> Solution::twoSum(std::vector<unsigned int>&, unsigned int)
     vector<unsigned int> twoSum(vector<unsigned int>& nums, unsigned int target)
                          ^~~~~~
../src/Vector.cpp:17:26: note:   no known conversion for argument 1 from ‘std::vector<int>’ to ‘std::vector<unsigned int>&’
src/subdir.mk:18: recipe for target 'src/Vector.o' failed
make: *** [src/Vector.o] Error 1
22:47:14 **** Incremental Build of configuration Debug for project Vector ****
make all 
Building file: ../src/Vector.cpp
Invoking: Cross G++ Compiler
g++ -O0 -g3 -Wall -c -fmessage-length=0 -MMD -MP -MF"src/Vector.d" -MT"src/Vector.d" -o "src/Vector.o" "../src/Vector.cpp"
../src/Vector.cpp: In member function ‘std::vector<unsigned int> Solution::twoSum(std::vector<unsigned int>&, unsigned int)’:
../src/Vector.cpp:28:29: error: could not convert ‘match’ from ‘std::vector<int>’ to ‘std::vector<unsigned int>’
                      return match;
                             ^~~~~
../src/Vector.cpp: In function ‘int main()’:
../src/Vector.cpp:39:21: error: no matching function for call to ‘Solution::twoSum(std::vector<int>&, int)’
  S1.twoSum(array, 10);
                     ^
../src/Vector.cpp:17:26: note: candidate: std::vector<unsigned int> Solution::twoSum(std::vector<unsigned int>&, unsigned int)
     vector<unsigned int> twoSum(vector<unsigned int>& nums, unsigned int target)
                          ^~~~~~
../src/Vector.cpp:17:26: note:   no known conversion for argument 1 from ‘std::vector<int>’ to ‘std::vector<unsigned int>&’
make: *** [src/Vector.o] Error 1
src/subdir.mk:18: recipe for target 'src/Vector.o' failed
22:47:47 **** Incremental Build of configuration Debug for project Vector ****
make all 
Building file: ../src/Vector.cpp
Invoking: Cross G++ Compiler
g++ -O0 -g3 -Wall -c -fmessage-length=0 -MMD -MP -MF"src/Vector.d" -MT"src/Vector.d" -o "src/Vector.o" "../src/Vector.cpp"
../src/Vector.cpp: In member function ‘std::vector<unsigned int> Solution::twoSum(std::vector<unsigned int>&, unsigned int)’:
../src/Vector.cpp:28:29: error: could not convert ‘match’ from ‘std::vector<int>’ to ‘std::vector<unsigned int>’
                      return match;
                             ^~~~~
../src/Vector.cpp: In function ‘int main()’:
../src/Vector.cpp:39:21: error: no matching function for call to ‘Solution::twoSum(std::vector<int>&, int)’
  S1.twoSum(array, 10);
                     ^
../src/Vector.cpp:17:26: note: candidate: std::vector<unsigned int> Solution::twoSum(std::vector<unsigned int>&, unsigned int)
     vector<unsigned int> twoSum(vector<unsigned int>& nums, unsigned int target)
                          ^~~~~~
../src/Vector.cpp:17:26: note:   no known conversion for argument 1 from ‘std::vector<int>’ to ‘std::vector<unsigned int>&’
make: *** [src/Vector.o] Error 1
src/subdir.mk:18: recipe for target 'src/Vector.o' failed
22:48:14 **** Incremental Build of configuration Debug for project Vector ****
make all 
Building file: ../src/Vector.cpp
Invoking: Cross G++ Compiler
g++ -O0 -g3 -Wall -c -fmessage-length=0 -MMD -MP -MF"src/Vector.d" -MT"src/Vector.d" -o "src/Vector.o" "../src/Vector.cpp"
../src/Vector.cpp: In member function ‘std::vector<int> Solution::twoSum(std::vector<int>&, int)’:
../src/Vector.cpp:19:23: warning: comparison between signed and unsigned integer expressions [-Wsign-compare]
         for(int i=0; i< nums.size(); i++ )
                      ~^~~~~~~~~~~~~
../src/Vector.cpp:21:32: warning: comparison between signed and unsigned integer expressions [-Wsign-compare]
              for(int j= i+1; j < nums.size(); j++)
                              ~~^~~~~~~~~~~~~
../src/Vector.cpp:31:5: warning: control reaches end of non-void function [-Wreturn-type]
     }
     ^
Finished building: ../src/Vector.cpp
 
Building target: Vector
Invoking: Cross G++ Linker
g++  -o "Vector"  ./src/Vector.o   
Finished building target: Vector
 
22:49:12 **** Incremental Build of configuration Debug for project Vector ****
make all 
make: Nothing to be done for 'all'.
22:49:23 **** Incremental Build of configuration Debug for project Vector ****
make all 
Building file: ../src/Vector.cpp
Invoking: Cross G++ Compiler
g++ -O0 -g3 -Wall -c -fmessage-length=0 -MMD -MP -MF"src/Vector.d" -MT"src/Vector.d" -o "src/Vector.o" "../src/Vector.cpp"
../src/Vector.cpp: In member function ‘std::vector<int> Solution::twoSum(std::vector<int>&, int)’:
../src/Vector.cpp:19:23: warning: comparison between signed and unsigned integer expressions [-Wsign-compare]
         for(int i=0; i< nums.size(); i++ )
                      ~^~~~~~~~~~~~~
../src/Vector.cpp:21:32: warning: comparison between signed and unsigned integer expressions [-Wsign-compare]
              for(int j= i+1; j < nums.size(); j++)
                              ~~^~~~~~~~~~~~~
../src/Vector.cpp:31:5: warning: control reaches end of non-void function [-Wreturn-type]
     }
     ^
Finished building: ../src/Vector.cpp
 
Building target: Vector
Invoking: Cross G++ Linker
g++  -o "Vector"  ./src/Vector.o   
Finished building target: Vector
 
22:51:38 **** Incremental Build of configuration Debug for project Vector ****
make all 
Building file: ../src/Vector.cpp
Invoking: Cross G++ Compiler
g++ -O0 -g3 -Wall -c -fmessage-length=0 -MMD -MP -MF"src/Vector.d" -MT"src/Vector.d" -o "src/Vector.o" "../src/Vector.cpp"
../src/Vector.cpp: In member function ‘std::vector<int> Solution::twoSum(std::vector<int>&, int)’:
../src/Vector.cpp:19:23: warning: comparison between signed and unsigned integer expressions [-Wsign-compare]
         for(int i=0; i< nums.size(); i++ )
                      ~^~~~~~~~~~~~~
../src/Vector.cpp:21:32: warning: comparison between signed and unsigned integer expressions [-Wsign-compare]
              for(int j= i+1; j < nums.size(); j++)
                              ~~^~~~~~~~~~~~~
../src/Vector.cpp:31:5: warning: control reaches end of non-void function [-Wreturn-type]
     }
     ^
Finished building: ../src/Vector.cpp
 
Building target: Vector
Invoking: Cross G++ Linker
g++  -o "Vector"  ./src/Vector.o   
Finished building target: Vector
 
22:51:53 **** Incremental Build of configuration Debug for project Vector ****
make all 
Building file: ../src/Vector.cpp
Invoking: Cross G++ Compiler
g++ -O0 -g3 -Wall -c -fmessage-length=0 -MMD -MP -MF"src/Vector.d" -MT"src/Vector.d" -o "src/Vector.o" "../src/Vector.cpp"
../src/Vector.cpp: In member function ‘std::vector<int> Solution::twoSum(std::vector<int>&, int)’:
../src/Vector.cpp:19:23: warning: comparison between signed and unsigned integer expressions [-Wsign-compare]
         for(int i=0; i< nums.size(); i++ )
                      ~^~~~~~~~~~~~~
../src/Vector.cpp:21:32: warning: comparison between signed and unsigned integer expressions [-Wsign-compare]
              for(int j= i+1; j < nums.size(); j++)
                              ~~^~~~~~~~~~~~~
../src/Vector.cpp: In function ‘int main()’:
../src/Vector.cpp:38:6: error: no match for ‘operator<<’ (operand types are ‘std::ostream {aka std::basic_ostream<char>}’ and ‘std::vector<int>’)
  cout<<S1.twoSum(array, 10);
  ~~~~^~~~~~~~~~~~~~~~~~~~~~
In file included from /usr/include/c++/6/iostream:39:0,
                 from ../src/Vector.cpp:9:
/usr/include/c++/6/ostream:108:7: note: candidate: std::basic_ostream<_CharT, _Traits>::__ostream_type& std::basic_ostream<_CharT, _Traits>::operator<<(std::basic_ostream<_CharT, _Traits>::__ostream_type& (*)(std::basic_ostream<_CharT, _Traits>::__ostream_type&)) [with _CharT = char; _Traits = std::char_traits<char>; std::basic_ostream<_CharT, _Traits>::__ostream_type = std::basic_ostream<char>]
       operator<<(__ostream_type& (*__pf)(__ostream_type&))
       ^~~~~~~~
/usr/include/c++/6/ostream:108:7: note:   no known conversion for argument 1 from ‘std::vector<int>’ to ‘std::basic_ostream<char>::__ostream_type& (*)(std::basic_ostream<char>::__ostream_type&) {aka std::basic_ostream<char>& (*)(std::basic_ostream<char>&)}’
/usr/include/c++/6/ostream:117:7: note: candidate: std::basic_ostream<_CharT, _Traits>::__ostream_type& std::basic_ostream<_CharT, _Traits>::operator<<(std::basic_ostream<_CharT, _Traits>::__ios_type& (*)(std::basic_ostream<_CharT, _Traits>::__ios_type&)) [with _CharT = char; _Traits = std::char_traits<char>; std::basic_ostream<_CharT, _Traits>::__ostream_type = std::basic_ostream<char>; std::basic_ostream<_CharT, _Traits>::__ios_type = std::basic_ios<char>]
       operator<<(__ios_type& (*__pf)(__ios_type&))
       ^~~~~~~~
/usr/include/c++/6/ostream:117:7: note:   no known conversion for argument 1 from ‘std::vector<int>’ to ‘std::basic_ostream<char>::__ios_type& (*)(std::basic_ostream<char>::__ios_type&) {aka std::basic_ios<char>& (*)(std::basic_ios<char>&)}’
/usr/include/c++/6/ostream:127:7: note: candidate: std::basic_ostream<_CharT, _Traits>::__ostream_type& std::basic_ostream<_CharT, _Traits>::operator<<(std::ios_base& (*)(std::ios_base&)) [with _CharT = char; _Traits = std::char_traits<char>; std::basic_ostream<_CharT, _Traits>::__ostream_type = std::basic_ostream<char>]
       operator<<(ios_base& (*__pf) (ios_base&))
       ^~~~~~~~
/usr/include/c++/6/ostream:127:7: note:   no known conversion for argument 1 from ‘std::vector<int>’ to ‘std::ios_base& (*)(std::ios_base&)’
/usr/include/c++/6/ostream:166:7: note: candidate: std::basic_ostream<_CharT, _Traits>::__ostream_type& std::basic_ostream<_CharT, _Traits>::operator<<(long int) [with _CharT = char; _Traits = std::char_traits<char>; std::basic_ostream<_CharT, _Traits>::__ostream_type = std::basic_ostream<char>]
       operator<<(long __n)
       ^~~~~~~~
/usr/include/c++/6/ostream:166:7: note:   no known conversion for argument 1 from ‘std::vector<int>’ to ‘long int’
/usr/include/c++/6/ostream:170:7: note: candidate: std::basic_ostream<_CharT, _Traits>::__ostream_type& std::basic_ostream<_CharT, _Traits>::operator<<(long unsigned int) [with _CharT = char; _Traits = std::char_traits<char>; std::basic_ostream<_CharT, _Traits>::__ostream_type = std::basic_ostream<char>]
       operator<<(unsigned long __n)
       ^~~~~~~~
/usr/include/c++/6/ostream:170:7: note:   no known conversion for argument 1 from ‘std::vector<int>’ to ‘long unsigned int’
/usr/include/c++/6/ostream:174:7: note: candidate: std::basic_ostream<_CharT, _Traits>::__ostream_type& std::basic_ostream<_CharT, _Traits>::operator<<(bool) [with _CharT = char; _Traits = std::char_traits<char>; std::basic_ostream<_CharT, _Traits>::__ostream_type = std::basic_ostream<char>]
       operator<<(bool __n)
       ^~~~~~~~
/usr/include/c++/6/ostream:174:7: note:   no known conversion for argument 1 from ‘std::vector<int>’ to ‘bool’
In file included from /usr/include/c++/6/ostream:638:0,
                 from /usr/include/c++/6/iostream:39,
                 from ../src/Vector.cpp:9:
/usr/include/c++/6/bits/ostream.tcc:91:5: note: candidate: std::basic_ostream<_CharT, _Traits>& std::basic_ostream<_CharT, _Traits>::operator<<(short int) [with _CharT = char; _Traits = std::char_traits<char>]
     basic_ostream<_CharT, _Traits>::
     ^~~~~~~~~~~~~~~~~~~~~~~~~~~~~~
/usr/include/c++/6/bits/ostream.tcc:91:5: note:   no known conversion for argument 1 from ‘std::vector<int>’ to ‘short int’
In file included from /usr/include/c++/6/iostream:39:0,
                 from ../src/Vector.cpp:9:
/usr/include/c++/6/ostream:181:7: note: candidate: std::basic_ostream<_CharT, _Traits>::__ostream_type& std::basic_ostream<_CharT, _Traits>::operator<<(short unsigned int) [with _CharT = char; _Traits = std::char_traits<char>; std::basic_ostream<_CharT, _Traits>::__ostream_type = std::basic_ostream<char>]
       operator<<(unsigned short __n)
       ^~~~~~~~
/usr/include/c++/6/ostream:181:7: note:   no known conversion for argument 1 from ‘std::vector<int>’ to ‘short unsigned int’
In file included from /usr/include/c++/6/ostream:638:0,
                 from /usr/include/c++/6/iostream:39,
                 from ../src/Vector.cpp:9:
/usr/include/c++/6/bits/ostream.tcc:105:5: note: candidate: std::basic_ostream<_CharT, _Traits>& std::basic_ostream<_CharT, _Traits>::operator<<(int) [with _CharT = char; _Traits = std::char_traits<char>]
     basic_ostream<_CharT, _Traits>::
     ^~~~~~~~~~~~~~~~~~~~~~~~~~~~~~
/usr/include/c++/6/bits/ostream.tcc:105:5: note:   no known conversion for argument 1 from ‘std::vector<int>’ to ‘int’
In file included from /usr/include/c++/6/iostream:39:0,
                 from ../src/Vector.cpp:9:
/usr/include/c++/6/ostream:192:7: note: candidate: std::basic_ostream<_CharT, _Traits>::__ostream_type& std::basic_ostream<_CharT, _Traits>::operator<<(unsigned int) [with _CharT = char; _Traits = std::char_traits<char>; std::basic_ostream<_CharT, _Traits>::__ostream_type = std::basic_ostream<char>]
       operator<<(unsigned int __n)
       ^~~~~~~~
/usr/include/c++/6/ostream:192:7: note:   no known conversion for argument 1 from ‘std::vector<int>’ to ‘unsigned int’
/usr/include/c++/6/ostream:201:7: note: candidate: std::basic_ostream<_CharT, _Traits>::__ostream_type& std::basic_ostream<_CharT, _Traits>::operator<<(long long int) [with _CharT = char; _Traits = std::char_traits<char>; std::basic_ostream<_CharT, _Traits>::__ostream_type = std::basic_ostream<char>]
       operator<<(long long __n)
       ^~~~~~~~
/usr/include/c++/6/ostream:201:7: note:   no known conversion for argument 1 from ‘std::vector<int>’ to ‘long long int’
/usr/include/c++/6/ostream:205:7: note: candidate: std::basic_ostream<_CharT, _Traits>::__ostream_type& std::basic_ostream<_CharT, _Traits>::operator<<(long long unsigned int) [with _CharT = char; _Traits = std::char_traits<char>; std::basic_ostream<_CharT, _Traits>::__ostream_type = std::basic_ostream<char>]
       operator<<(unsigned long long __n)
       ^~~~~~~~
/usr/include/c++/6/ostream:205:7: note:   no known conversion for argument 1 from ‘std::vector<int>’ to ‘long long unsigned int’
/usr/include/c++/6/ostream:220:7: note: candidate: std::basic_ostream<_CharT, _Traits>::__ostream_type& std::basic_ostream<_CharT, _Traits>::operator<<(double) [with _CharT = char; _Traits = std::char_traits<char>; std::basic_ostream<_CharT, _Traits>::__ostream_type = std::basic_ostream<char>]
       operator<<(double __f)
       ^~~~~~~~
/usr/include/c++/6/ostream:220:7: note:   no known conversion for argument 1 from ‘std::vector<int>’ to ‘double’
/usr/include/c++/6/ostream:224:7: note: candidate: std::basic_ostream<_CharT, _Traits>::__ostream_type& std::basic_ostream<_CharT, _Traits>::operator<<(float) [with _CharT = char; _Traits = std::char_traits<char>; std::basic_ostream<_CharT, _Traits>::__ostream_type = std::basic_ostream<char>]
       operator<<(float __f)
       ^~~~~~~~
/usr/include/c++/6/ostream:224:7: note:   no known conversion for argument 1 from ‘std::vector<int>’ to ‘float’
/usr/include/c++/6/ostream:232:7: note: candidate: std::basic_ostream<_CharT, _Traits>::__ostream_type& std::basic_ostream<_CharT, _Traits>::operator<<(long double) [with _CharT = char; _Traits = std::char_traits<char>; std::basic_ostream<_CharT, _Traits>::__ostream_type = std::basic_ostream<char>]
       operator<<(long double __f)
       ^~~~~~~~
/usr/include/c++/6/ostream:232:7: note:   no known conversion for argument 1 from ‘std::vector<int>’ to ‘long double’
/usr/include/c++/6/ostream:245:7: note: candidate: std::basic_ostream<_CharT, _Traits>::__ostream_type& std::basic_ostream<_CharT, _Traits>::operator<<(const void*) [with _CharT = char; _Traits = std::char_traits<char>; std::basic_ostream<_CharT, _Traits>::__ostream_type = std::basic_ostream<char>]
       operator<<(const void* __p)
       ^~~~~~~~
/usr/include/c++/6/ostream:245:7: note:   no known conversion for argument 1 from ‘std::vector<int>’ to ‘const void*’
In file included from /usr/include/c++/6/ostream:638:0,
                 from /usr/include/c++/6/iostream:39,
                 from ../src/Vector.cpp:9:
/usr/include/c++/6/bits/ostream.tcc:119:5: note: candidate: std::basic_ostream<_CharT, _Traits>& std::basic_ostream<_CharT, _Traits>::operator<<(std::basic_ostream<_CharT, _Traits>::__streambuf_type*) [with _CharT = char; _Traits = std::char_traits<char>; std::basic_ostream<_CharT, _Traits>::__streambuf_type = std::basic_streambuf<char>]
     basic_ostream<_CharT, _Traits>::
     ^~~~~~~~~~~~~~~~~~~~~~~~~~~~~~
/usr/include/c++/6/bits/ostream.tcc:119:5: note:   no known conversion for argument 1 from ‘std::vector<int>’ to ‘std::basic_ostream<char>::__streambuf_type* {aka std::basic_streambuf<char>*}’
In file included from /usr/include/c++/6/string:52:0,
                 from /usr/include/c++/6/bits/locale_classes.h:40,
                 from /usr/include/c++/6/bits/ios_base.h:41,
                 from /usr/include/c++/6/ios:42,
                 from /usr/include/c++/6/ostream:38,
                 from /usr/include/c++/6/iostream:39,
                 from ../src/Vector.cpp:9:
/usr/include/c++/6/bits/basic_string.h:5325:5: note: candidate: template<class _CharT, class _Traits, class _Alloc> std::basic_ostream<_CharT, _Traits>& std::operator<<(std::basic_ostream<_CharT, _Traits>&, const std::__cxx11::basic_string<_CharT, _Traits, _Alloc>&)
     operator<<(basic_ostream<_CharT, _Traits>& __os,
     ^~~~~~~~
/usr/include/c++/6/bits/basic_string.h:5325:5: note:   template argument deduction/substitution failed:
../src/Vector.cpp:38:27: note:   ‘std::vector<int>’ is not derived from ‘const std::__cxx11::basic_string<_CharT, _Traits, _Alloc>’
  cout<<S1.twoSum(array, 10);
                           ^
In file included from /usr/include/c++/6/bits/ios_base.h:46:0,
                 from /usr/include/c++/6/ios:42,
                 from /usr/include/c++/6/ostream:38,
                 from /usr/include/c++/6/iostream:39,
                 from ../src/Vector.cpp:9:
/usr/include/c++/6/system_error:209:5: note: candidate: template<class _CharT, class _Traits> std::basic_ostream<_CharT, _Traits>& std::operator<<(std::basic_ostream<_CharT, _Traits>&, const std::error_code&)
     operator<<(basic_ostream<_CharT, _Traits>& __os, const error_code& __e)
     ^~~~~~~~
/usr/include/c++/6/system_error:209:5: note:   template argument deduction/substitution failed:
../src/Vector.cpp:38:17: note:   cannot convert ‘Solution::twoSum(std::vector<int>&, int)(array, 10)’ (type ‘std::vector<int>’) to type ‘const std::error_code&’
  cout<<S1.twoSum(array, 10);
        ~~~~~~~~~^~~~~~~~~~~
In file included from /usr/include/c++/6/iostream:39:0,
                 from ../src/Vector.cpp:9:
/usr/include/c++/6/ostream:497:5: note: candidate: template<class _CharT, class _Traits> std::basic_ostream<_CharT, _Traits>& std::operator<<(std::basic_ostream<_CharT, _Traits>&, _CharT)
     operator<<(basic_ostream<_CharT, _Traits>& __out, _CharT __c)
     ^~~~~~~~
/usr/include/c++/6/ostream:497:5: note:   template argument deduction/substitution failed:
../src/Vector.cpp:38:27: note:   deduced conflicting types for parameter ‘_CharT’ (‘char’ and ‘std::vector<int>’)
  cout<<S1.twoSum(array, 10);
                           ^
In file included from /usr/include/c++/6/iostream:39:0,
                 from ../src/Vector.cpp:9:
/usr/include/c++/6/ostream:502:5: note: candidate: template<class _CharT, class _Traits> std::basic_ostream<_CharT, _Traits>& std::operator<<(std::basic_ostream<_CharT, _Traits>&, char)
     operator<<(basic_ostream<_CharT, _Traits>& __out, char __c)
     ^~~~~~~~
/usr/include/c++/6/ostream:502:5: note:   template argument deduction/substitution failed:
../src/Vector.cpp:38:17: note:   cannot convert ‘Solution::twoSum(std::vector<int>&, int)(array, 10)’ (type ‘std::vector<int>’) to type ‘char’
  cout<<S1.twoSum(array, 10);
        ~~~~~~~~~^~~~~~~~~~~
In file included from /usr/include/c++/6/iostream:39:0,
                 from ../src/Vector.cpp:9:
/usr/include/c++/6/ostream:508:5: note: candidate: template<class _Traits> std::basic_ostream<char, _Traits>& std::operator<<(std::basic_ostream<char, _Traits>&, char)
     operator<<(basic_ostream<char, _Traits>& __out, char __c)
     ^~~~~~~~
/usr/include/c++/6/ostream:508:5: note:   template argument deduction/substitution failed:
../src/Vector.cpp:38:17: note:   cannot convert ‘Solution::twoSum(std::vector<int>&, int)(array, 10)’ (type ‘std::vector<int>’) to type ‘char’
  cout<<S1.twoSum(array, 10);
        ~~~~~~~~~^~~~~~~~~~~
In file included from /usr/include/c++/6/iostream:39:0,
                 from ../src/Vector.cpp:9:
/usr/include/c++/6/ostream:514:5: note: candidate: template<class _Traits> std::basic_ostream<char, _Traits>& std::operator<<(std::basic_ostream<char, _Traits>&, signed char)
     operator<<(basic_ostream<char, _Traits>& __out, signed char __c)
     ^~~~~~~~
/usr/include/c++/6/ostream:514:5: note:   template argument deduction/substitution failed:
../src/Vector.cpp:38:17: note:   cannot convert ‘Solution::twoSum(std::vector<int>&, int)(array, 10)’ (type ‘std::vector<int>’) to type ‘signed char’
  cout<<S1.twoSum(array, 10);
        ~~~~~~~~~^~~~~~~~~~~
In file included from /usr/include/c++/6/iostream:39:0,
                 from ../src/Vector.cpp:9:
/usr/include/c++/6/ostream:519:5: note: candidate: template<class _Traits> std::basic_ostream<char, _Traits>& std::operator<<(std::basic_ostream<char, _Traits>&, unsigned char)
     operator<<(basic_ostream<char, _Traits>& __out, unsigned char __c)
     ^~~~~~~~
/usr/include/c++/6/ostream:519:5: note:   template argument deduction/substitution failed:
../src/Vector.cpp:38:17: note:   cannot convert ‘Solution::twoSum(std::vector<int>&, int)(array, 10)’ (type ‘std::vector<int>’) to type ‘unsigned char’
  cout<<S1.twoSum(array, 10);
        ~~~~~~~~~^~~~~~~~~~~
In file included from /usr/include/c++/6/iostream:39:0,
                 from ../src/Vector.cpp:9:
/usr/include/c++/6/ostream:539:5: note: candidate: template<class _CharT, class _Traits> std::basic_ostream<_CharT, _Traits>& std::operator<<(std::basic_ostream<_CharT, _Traits>&, const _CharT*)
     operator<<(basic_ostream<_CharT, _Traits>& __out, const _CharT* __s)
     ^~~~~~~~
/usr/include/c++/6/ostream:539:5: note:   template argument deduction/substitution failed:
../src/Vector.cpp:38:27: note:   mismatched types ‘const _CharT*’ and ‘std::vector<int>’
  cout<<S1.twoSum(array, 10);
                           ^
In file included from /usr/include/c++/6/ostream:638:0,
                 from /usr/include/c++/6/iostream:39,
                 from ../src/Vector.cpp:9:
/usr/include/c++/6/bits/ostream.tcc:321:5: note: candidate: template<class _CharT, class _Traits> std::basic_ostream<_CharT, _Traits>& std::operator<<(std::basic_ostream<_CharT, _Traits>&, const char*)
     operator<<(basic_ostream<_CharT, _Traits>& __out, const char* __s)
     ^~~~~~~~
/usr/include/c++/6/bits/ostream.tcc:321:5: note:   template argument deduction/substitution failed:
../src/Vector.cpp:38:17: note:   cannot convert ‘Solution::twoSum(std::vector<int>&, int)(array, 10)’ (type ‘std::vector<int>’) to type ‘const char*’
  cout<<S1.twoSum(array, 10);
        ~~~~~~~~~^~~~~~~~~~~
In file included from /usr/include/c++/6/iostream:39:0,
                 from ../src/Vector.cpp:9:
/usr/include/c++/6/ostream:556:5: note: candidate: template<class _Traits> std::basic_ostream<char, _Traits>& std::operator<<(std::basic_ostream<char, _Traits>&, const char*)
     operator<<(basic_ostream<char, _Traits>& __out, const char* __s)
     ^~~~~~~~
/usr/include/c++/6/ostream:556:5: note:   template argument deduction/substitution failed:
../src/Vector.cpp:38:17: note:   cannot convert ‘Solution::twoSum(std::vector<int>&, int)(array, 10)’ (type ‘std::vector<int>’) to type ‘const char*’
  cout<<S1.twoSum(array, 10);
        ~~~~~~~~~^~~~~~~~~~~
In file included from /usr/include/c++/6/iostream:39:0,
                 from ../src/Vector.cpp:9:
/usr/include/c++/6/ostream:569:5: note: candidate: template<class _Traits> std::basic_ostream<char, _Traits>& std::operator<<(std::basic_ostream<char, _Traits>&, const signed char*)
     operator<<(basic_ostream<char, _Traits>& __out, const signed char* __s)
     ^~~~~~~~
/usr/include/c++/6/ostream:569:5: note:   template argument deduction/substitution failed:
../src/Vector.cpp:38:17: note:   cannot convert ‘Solution::twoSum(std::vector<int>&, int)(array, 10)’ (type ‘std::vector<int>’) to type ‘const signed char*’
  cout<<S1.twoSum(array, 10);
        ~~~~~~~~~^~~~~~~~~~~
In file included from /usr/include/c++/6/iostream:39:0,
                 from ../src/Vector.cpp:9:
/usr/include/c++/6/ostream:574:5: note: candidate: template<class _Traits> std::basic_ostream<char, _Traits>& std::operator<<(std::basic_ostream<char, _Traits>&, const unsigned char*)
src/subdir.mk:18: recipe for target 'src/Vector.o' failed
     operator<<(basic_ostream<char, _Traits>& __out, const unsigned char* __s)
     ^~~~~~~~
/usr/include/c++/6/ostream:574:5: note:   template argument deduction/substitution failed:
../src/Vector.cpp:38:17: note:   cannot convert ‘Solution::twoSum(std::vector<int>&, int)(array, 10)’ (type ‘std::vector<int>’) to type ‘const unsigned char*’
  cout<<S1.twoSum(array, 10);
        ~~~~~~~~~^~~~~~~~~~~
In file included from /usr/include/c++/6/iostream:39:0,
                 from ../src/Vector.cpp:9:
/usr/include/c++/6/ostream:628:5: note: candidate: std::basic_ostream<_CharT, _Traits>& std::operator<<(std::basic_ostream<_CharT, _Traits>&&, const _Tp&) [with _CharT = char; _Traits = std::char_traits<char>; _Tp = std::vector<int>] <near match>
     operator<<(basic_ostream<_CharT, _Traits>&& __os, const _Tp& __x)
     ^~~~~~~~
/usr/include/c++/6/ostream:628:5: note:   conversion of argument 1 would be ill-formed:
../src/Vector.cpp:38:27: error: cannot bind ‘std::ostream {aka std::basic_ostream<char>}’ lvalue to ‘std::basic_ostream<char>&&’
  cout<<S1.twoSum(array, 10);
                           ^
make: *** [src/Vector.o] Error 1
22:52:07 **** Incremental Build of configuration Debug for project Vector ****
make all 
Building file: ../src/Vector.cpp
Invoking: Cross G++ Compiler
g++ -O0 -g3 -Wall -c -fmessage-length=0 -MMD -MP -MF"src/Vector.d" -MT"src/Vector.d" -o "src/Vector.o" "../src/Vector.cpp"
../src/Vector.cpp: In member function ‘std::vector<int> Solution::twoSum(std::vector<int>&, int)’:
../src/Vector.cpp:19:23: warning: comparison between signed and unsigned integer expressions [-Wsign-compare]
         for(int i=0; i< nums.size(); i++ )
                      ~^~~~~~~~~~~~~
../src/Vector.cpp:21:32: warning: comparison between signed and unsigned integer expressions [-Wsign-compare]
              for(int j= i+1; j < nums.size(); j++)
                              ~~^~~~~~~~~~~~~
../src/Vector.cpp:31:5: warning: control reaches end of non-void function [-Wreturn-type]
     }
     ^
Finished building: ../src/Vector.cpp
 
Building target: Vector
Invoking: Cross G++ Linker
g++  -o "Vector"  ./src/Vector.o   
Finished building target: Vector
 
22:52:15 **** Incremental Build of configuration Debug for project Vector ****
make all 
make: Nothing to be done for 'all'.
22:52:20 **** Incremental Build of configuration Debug for project Vector ****
make all 
make: Nothing to be done for 'all'.
22:52:24 **** Incremental Build of configuration Debug for project Vector ****
make all 
make: Nothing to be done for 'all'.
22:59:11 **** Incremental Build of configuration Debug for project Vector ****
make all 
Building file: ../src/Vector.cpp
Invoking: Cross G++ Compiler
g++ -O0 -g3 -Wall -c -fmessage-length=0 -MMD -MP -MF"src/Vector.d" -MT"src/Vector.d" -o "src/Vector.o" "../src/Vector.cpp"
../src/Vector.cpp: In member function ‘std::vector<int> Solution::twoSum(std::vector<int>&, int)’:
../src/Vector.cpp:20:23: warning: comparison between signed and unsigned integer expressions [-Wsign-compare]
         for(int i=0; i< nums.size(); i++ )
                      ~^~~~~~~~~~~~~
../src/Vector.cpp:22:32: warning: comparison between signed and unsigned integer expressions [-Wsign-compare]
              for(int j= i+1; j < nums.size(); j++)
                              ~~^~~~~~~~~~~~~
../src/Vector.cpp: In member function ‘std::vector<int> Solution::twoSum1(std::vector<int>&, int)’:
../src/Vector.cpp:35:6: error: ‘Map’ was not declared in this scope
      Map<Integer, Integer> map = new HashMap<>();
      ^~~
../src/Vector.cpp:35:10: error: ‘Integer’ was not declared in this scope
      Map<Integer, Integer> map = new HashMap<>();
          ^~~~~~~
../src/Vector.cpp:35:32: error: missing template arguments before ‘=’ token
      Map<Integer, Integer> map = new HashMap<>();
                                ^
../src/Vector.cpp:35:38: error: ‘HashMap’ does not name a type
      Map<Integer, Integer> map = new HashMap<>();
                                      ^~~~~~~
../src/Vector.cpp:35:46: error: expected primary-expression before ‘>’ token
      Map<Integer, Integer> map = new HashMap<>();
                                              ^
../src/Vector.cpp:35:48: error: expected primary-expression before ‘)’ token
      Map<Integer, Integer> map = new HashMap<>();
                                                ^
../src/Vector.cpp:37:2: warning: no return statement in function returning non-void [-Wreturn-type]
  }
  ^
../src/Vector.cpp: In function ‘int main()’:
../src/Vector.cpp:45:6: error: expected primary-expression before ‘)’ token
  for()
      ^
../src/Vector.cpp:47:1: error: expected primary-expression before ‘}’ token
 }
 ^
../src/Vector.cpp:47:1: error: expected ‘;’ before ‘}’ token
../src/Vector.cpp:47:1: error: expected primary-expression before ‘}’ token
../src/Vector.cpp:47:1: error: expected ‘)’ before ‘}’ token
../src/Vector.cpp:47:1: error: expected primary-expression before ‘}’ token
../src/Vector.cpp: In member function ‘std::vector<int> Solution::twoSum(std::vector<int>&, int)’:
../src/Vector.cpp:32:5: warning: control reaches end of non-void function [-Wreturn-type]
     }
     ^
src/subdir.mk:18: recipe for target 'src/Vector.o' failed
make: *** [src/Vector.o] Error 1
22:59:20 **** Incremental Build of configuration Debug for project Vector ****
make all 
Building file: ../src/Vector.cpp
Invoking: Cross G++ Compiler
g++ -O0 -g3 -Wall -c -fmessage-length=0 -MMD -MP -MF"src/Vector.d" -MT"src/Vector.d" -o "src/Vector.o" "../src/Vector.cpp"
../src/Vector.cpp: In member function ‘std::vector<int> Solution::twoSum(std::vector<int>&, int)’:
../src/Vector.cpp:20:23: warning: comparison between signed and unsigned integer expressions [-Wsign-compare]
         for(int i=0; i< nums.size(); i++ )
                      ~^~~~~~~~~~~~~
../src/Vector.cpp:22:32: warning: comparison between signed and unsigned integer expressions [-Wsign-compare]
              for(int j= i+1; j < nums.size(); j++)
                              ~~^~~~~~~~~~~~~
../src/Vector.cpp: In member function ‘std::vector<int> Solution::twoSum1(std::vector<int>&, int)’:
../src/Vector.cpp:35:6: error: ‘Map’ was not declared in this scope
      Map<Integer, Integer> map = new HashMap<>();
      ^~~
../src/Vector.cpp:35:10: error: ‘Integer’ was not declared in this scope
      Map<Integer, Integer> map = new HashMap<>();
          ^~~~~~~
../src/Vector.cpp:35:32: error: missing template arguments before ‘=’ token
      Map<Integer, Integer> map = new HashMap<>();
                                ^
../src/Vector.cpp:35:38: error: ‘HashMap’ does not name a type
      Map<Integer, Integer> map = new HashMap<>();
                                      ^~~~~~~
../src/Vector.cpp:35:46: error: expected primary-expression before ‘>’ token
      Map<Integer, Integer> map = new HashMap<>();
                                              ^
../src/Vector.cpp:35:48: error: expected primary-expression before ‘)’ token
      Map<Integer, Integer> map = new HashMap<>();
                                                ^
../src/Vector.cpp:37:2: warning: no return statement in function returning non-void [-Wreturn-type]
  }
  ^
../src/Vector.cpp: In member function ‘std::vector<int> Solution::twoSum(std::vector<int>&, int)’:
../src/Vector.cpp:32:5: warning: control reaches end of non-void function [-Wreturn-type]
     }
     ^
src/subdir.mk:18: recipe for target 'src/Vector.o' failed
make: *** [src/Vector.o] Error 1
23:00:04 **** Incremental Build of configuration Debug for project Vector ****
make all 
Building file: ../src/Vector.cpp
Invoking: Cross G++ Compiler
g++ -O0 -g3 -Wall -c -fmessage-length=0 -MMD -MP -MF"src/Vector.d" -MT"src/Vector.d" -o "src/Vector.o" "../src/Vector.cpp"
../src/Vector.cpp: In member function ‘std::vector<int> Solution::twoSum(std::vector<int>&, int)’:
../src/Vector.cpp:21:23: warning: comparison between signed and unsigned integer expressions [-Wsign-compare]
         for(int i=0; i< nums.size(); i++ )
                      ~^~~~~~~~~~~~~
../src/Vector.cpp:23:32: warning: comparison between signed and unsigned integer expressions [-Wsign-compare]
              for(int j= i+1; j < nums.size(); j++)
                              ~~^~~~~~~~~~~~~
../src/Vector.cpp: In member function ‘std::vector<int> Solution::twoSum1(std::vector<int>&, int)’:
../src/Vector.cpp:36:6: error: ‘Map’ was not declared in this scope
      Map<Integer, Integer> map = new HashMap<>();
      ^~~
../src/Vector.cpp:36:10: error: ‘Integer’ was not declared in this scope
      Map<Integer, Integer> map = new HashMap<>();
          ^~~~~~~
../src/Vector.cpp:36:32: error: missing template arguments before ‘=’ token
      Map<Integer, Integer> map = new HashMap<>();
                                ^
../src/Vector.cpp:36:38: error: ‘HashMap’ does not name a type
      Map<Integer, Integer> map = new HashMap<>();
                                      ^~~~~~~
../src/Vector.cpp:36:46: error: expected primary-expression before ‘>’ token
      Map<Integer, Integer> map = new HashMap<>();
                                              ^
../src/Vector.cpp:36:48: error: expected primary-expression before ‘)’ token
      Map<Integer, Integer> map = new HashMap<>();
                                                ^
../src/Vector.cpp:38:2: warning: no return statement in function returning non-void [-Wreturn-type]
  }
  ^
../src/Vector.cpp: In member function ‘std::vector<int> Solution::twoSum(std::vector<int>&, int)’:
../src/Vector.cpp:33:5: warning: control reaches end of non-void function [-Wreturn-type]
     }
     ^
make: *** [src/Vector.o] Error 1
src/subdir.mk:18: recipe for target 'src/Vector.o' failed
23:00:34 **** Incremental Build of configuration Debug for project Vector ****
make all 
Building file: ../src/Vector.cpp
Invoking: Cross G++ Compiler
g++ -O0 -g3 -Wall -c -fmessage-length=0 -MMD -MP -MF"src/Vector.d" -MT"src/Vector.d" -o "src/Vector.o" "../src/Vector.cpp"
../src/Vector.cpp: In member function ‘std::vector<int> Solution::twoSum(std::vector<int>&, int)’:
../src/Vector.cpp:21:23: warning: comparison between signed and unsigned integer expressions [-Wsign-compare]
         for(int i=0; i< nums.size(); i++ )
                      ~^~~~~~~~~~~~~
../src/Vector.cpp:23:32: warning: comparison between signed and unsigned integer expressions [-Wsign-compare]
              for(int j= i+1; j < nums.size(); j++)
                              ~~^~~~~~~~~~~~~
../src/Vector.cpp: In member function ‘std::vector<int> Solution::twoSum1(std::vector<int>&, int)’:
../src/Vector.cpp:36:6: error: ‘Map’ was not declared in this scope
      Map<Integer, Integer> map = new HashMap<>();
      ^~~
../src/Vector.cpp:36:10: error: ‘Integer’ was not declared in this scope
      Map<Integer, Integer> map = new HashMap<>();
          ^~~~~~~
../src/Vector.cpp:36:32: error: missing template arguments before ‘=’ token
      Map<Integer, Integer> map = new HashMap<>();
                                ^
../src/Vector.cpp:36:38: error: ‘HashMap’ does not name a type
      Map<Integer, Integer> map = new HashMap<>();
                                      ^~~~~~~
../src/Vector.cpp:36:46: error: expected primary-expression before ‘>’ token
      Map<Integer, Integer> map = new HashMap<>();
                                              ^
../src/Vector.cpp:36:48: error: expected primary-expression before ‘)’ token
      Map<Integer, Integer> map = new HashMap<>();
                                                ^
../src/Vector.cpp:38:2: warning: no return statement in function returning non-void [-Wreturn-type]
  }
  ^
../src/Vector.cpp: In member function ‘std::vector<int> Solution::twoSum(std::vector<int>&, int)’:
../src/Vector.cpp:33:5: warning: control reaches end of non-void function [-Wreturn-type]
     }
     ^
src/subdir.mk:18: recipe for target 'src/Vector.o' failed
make: *** [src/Vector.o] Error 1
23:03:39 **** Incremental Build of configuration Debug for project Vector ****
make all 
Building file: ../src/Vector.cpp
Invoking: Cross G++ Compiler
g++ -O0 -g3 -Wall -c -fmessage-length=0 -MMD -MP -MF"src/Vector.d" -MT"src/Vector.d" -o "src/Vector.o" "../src/Vector.cpp"
../src/Vector.cpp: In member function ‘std::vector<int> Solution::twoSum1(std::vector<int>&, int)’:
../src/Vector.cpp:20:6: error: ‘Map’ was not declared in this scope
      Map<Integer, Integer> map = new HashMap<>();
      ^~~
../src/Vector.cpp:20:10: error: ‘Integer’ was not declared in this scope
      Map<Integer, Integer> map = new HashMap<>();
          ^~~~~~~
../src/Vector.cpp:20:32: error: missing template arguments before ‘=’ token
      Map<Integer, Integer> map = new HashMap<>();
                                ^
../src/Vector.cpp:20:38: error: ‘HashMap’ does not name a type
      Map<Integer, Integer> map = new HashMap<>();
                                      ^~~~~~~
../src/Vector.cpp:20:46: error: expected primary-expression before ‘>’ token
      Map<Integer, Integer> map = new HashMap<>();
                                              ^
../src/Vector.cpp:20:48: error: expected primary-expression before ‘)’ token
      Map<Integer, Integer> map = new HashMap<>();
                                                ^
../src/Vector.cpp:21:2: warning: no return statement in function returning non-void [-Wreturn-type]
  }
  ^
../src/Vector.cpp: In function ‘int main()’:
../src/Vector.cpp:28:5: error: ‘class Solution’ has no member named ‘twoSum’; did you mean ‘twoSum1’?
  S1.twoSum(array, 10);
     ^~~~~~
src/subdir.mk:18: recipe for target 'src/Vector.o' failed
make: *** [src/Vector.o] Error 1
23:03:49 **** Incremental Build of configuration Debug for project Vector ****
make all 
Building file: ../src/Vector.cpp
Invoking: Cross G++ Compiler
g++ -O0 -g3 -Wall -c -fmessage-length=0 -MMD -MP -MF"src/Vector.d" -MT"src/Vector.d" -o "src/Vector.o" "../src/Vector.cpp"
../src/Vector.cpp: In member function ‘std::vector<int> Solution::twoSum1(std::vector<int>&, int)’:
../src/Vector.cpp:20:6: error: ‘Map’ was not declared in this scope
      Map<Integer, Integer> map = new HashMap<>();
      ^~~
../src/Vector.cpp:20:10: error: ‘Integer’ was not declared in this scope
      Map<Integer, Integer> map = new HashMap<>();
          ^~~~~~~
../src/Vector.cpp:20:32: error: missing template arguments before ‘=’ token
      Map<Integer, Integer> map = new HashMap<>();
                                ^
../src/Vector.cpp:20:38: error: ‘HashMap’ does not name a type
      Map<Integer, Integer> map = new HashMap<>();
                                      ^~~~~~~
../src/Vector.cpp:20:46: error: expected primary-expression before ‘>’ token
      Map<Integer, Integer> map = new HashMap<>();
                                              ^
../src/Vector.cpp:20:48: error: expected primary-expression before ‘)’ token
      Map<Integer, Integer> map = new HashMap<>();
                                                ^
../src/Vector.cpp:21:2: warning: no return statement in function returning non-void [-Wreturn-type]
  }
  ^
src/subdir.mk:18: recipe for target 'src/Vector.o' failed
make: *** [src/Vector.o] Error 1
23:05:28 **** Build of configuration Debug for project HashTable ****
make all 
Building file: ../src/HashTable.cpp
Invoking: Cross G++ Compiler
g++ -O0 -g3 -Wall -c -fmessage-length=0 -MMD -MP -MF"src/HashTable.d" -MT"src/HashTable.d" -o "src/HashTable.o" "../src/HashTable.cpp"
../src/HashTable.cpp:28:5: error: reference to ‘hash’ is ambiguous
 int hash::Hash(string key)
     ^~~~
../src/HashTable.cpp:20:7: note: candidates are: class hash
 class hash
       ^~~~
In file included from /usr/include/c++/6/bits/basic_string.h:5628:0,
                 from /usr/include/c++/6/string:52,
                 from /usr/include/c++/6/bits/locale_classes.h:40,
                 from /usr/include/c++/6/bits/ios_base.h:41,
                 from /usr/include/c++/6/ios:42,
                 from /usr/include/c++/6/ostream:38,
                 from /usr/include/c++/6/iostream:39,
                 from ../src/HashTable.cpp:9:
/usr/include/c++/6/bits/functional_hash.h:58:12: note:                 template<class _Tp> struct std::hash
     struct hash;
            ^~~~
../src/HashTable.cpp: In function ‘int Hash(std::__cxx11::string)’:
../src/HashTable.cpp:32:14: error: cannot convert ‘std::__cxx11::basic_string<_CharT, _Traits, _Alloc>::length<char, std::char_traits<char>, std::allocator<char> >’ from type ‘std::__cxx11::basic_string<char>::size_type (std::__cxx11::basic_string<char>::)() const noexcept {aka long unsigned int (std::__cxx11::basic_string<char>::)() const noexcept}’ to type ‘int’
  index = key.length ;
              ^~~~~~
../src/HashTable.cpp:30:6: warning: unused variable ‘hash’ [-Wunused-variable]
  int hash = 0;
      ^~~~
../src/HashTable.cpp: In function ‘int main()’:
../src/HashTable.cpp:38:2: error: reference to ‘hash’ is ambiguous
  hash HashTable;
  ^~~~
../src/HashTable.cpp:20:7: note: candidates are: class hash
 class hash
       ^~~~
In file included from /usr/include/c++/6/bits/basic_string.h:5628:0,
                 from /usr/include/c++/6/string:52,
                 from /usr/include/c++/6/bits/locale_classes.h:40,
                 from /usr/include/c++/6/bits/ios_base.h:41,
                 from /usr/include/c++/6/ios:42,
                 from /usr/include/c++/6/ostream:38,
                 from /usr/include/c++/6/iostream:39,
                 from ../src/HashTable.cpp:9:
/usr/include/c++/6/bits/functional_hash.h:58:12: note:                 template<class _Tp> struct std::hash
     struct hash;
            ^~~~
../src/HashTable.cpp:39:8: error: ‘HashTable’ was not declared in this scope
  cout<<HashTable.Hash("paul");
        ^~~~~~~~~
src/subdir.mk:18: recipe for target 'src/HashTable.o' failed
make: *** [src/HashTable.o] Error 1
23:05:43 **** Incremental Build of configuration Debug for project HashTable ****
make all 
Building file: ../src/HashTable.cpp
Invoking: Cross G++ Compiler
g++ -O0 -g3 -Wall -c -fmessage-length=0 -MMD -MP -MF"src/HashTable.d" -MT"src/HashTable.d" -o "src/HashTable.o" "../src/HashTable.cpp"
../src/HashTable.cpp:28:5: error: reference to ‘hash’ is ambiguous
 int hash::Hash(string key)
     ^~~~
../src/HashTable.cpp:20:7: note: candidates are: class hash
 class hash
       ^~~~
In file included from /usr/include/c++/6/bits/basic_string.h:5628:0,
                 from /usr/include/c++/6/string:52,
                 from /usr/include/c++/6/bits/locale_classes.h:40,
                 from /usr/include/c++/6/bits/ios_base.h:41,
                 from /usr/include/c++/6/ios:42,
                 from /usr/include/c++/6/ostream:38,
                 from /usr/include/c++/6/iostream:39,
                 from ../src/HashTable.cpp:9:
/usr/include/c++/6/bits/functional_hash.h:58:12: note:                 template<class _Tp> struct std::hash
     struct hash;
            ^~~~
../src/HashTable.cpp: In function ‘int Hash(std::__cxx11::string)’:
../src/HashTable.cpp:32:14: error: cannot convert ‘std::__cxx11::basic_string<_CharT, _Traits, _Alloc>::length<char, std::char_traits<char>, std::allocator<char> >’ from type ‘std::__cxx11::basic_string<char>::size_type (std::__cxx11::basic_string<char>::)() const noexcept {aka long unsigned int (std::__cxx11::basic_string<char>::)() const noexcept}’ to type ‘int’
  index = key.length ;
              ^~~~~~
../src/HashTable.cpp:30:6: warning: unused variable ‘hash’ [-Wunused-variable]
  int hash = 0;
      ^~~~
../src/HashTable.cpp: In function ‘int main()’:
../src/HashTable.cpp:38:2: error: reference to ‘hash’ is ambiguous
  hash HashTable = new hash();
  ^~~~
../src/HashTable.cpp:20:7: note: candidates are: class hash
 class hash
       ^~~~
In file included from /usr/include/c++/6/bits/basic_string.h:5628:0,
                 from /usr/include/c++/6/string:52,
                 from /usr/include/c++/6/bits/locale_classes.h:40,
                 from /usr/include/c++/6/bits/ios_base.h:41,
                 from /usr/include/c++/6/ios:42,
                 from /usr/include/c++/6/ostream:38,
                 from /usr/include/c++/6/iostream:39,
                 from ../src/HashTable.cpp:9:
/usr/include/c++/6/bits/functional_hash.h:58:12: note:                 template<class _Tp> struct std::hash
     struct hash;
            ^~~~
../src/HashTable.cpp:39:8: error: ‘HashTable’ was not declared in this scope
  cout<<HashTable.Hash("paul");
        ^~~~~~~~~
src/subdir.mk:18: recipe for target 'src/HashTable.o' failed
make: *** [src/HashTable.o] Error 1
23:06:03 **** Incremental Build of configuration Debug for project HashTable ****
make all 
Building file: ../src/HashTable.cpp
Invoking: Cross G++ Compiler
g++ -O0 -g3 -Wall -c -fmessage-length=0 -MMD -MP -MF"src/HashTable.d" -MT"src/HashTable.d" -o "src/HashTable.o" "../src/HashTable.cpp"
../src/HashTable.cpp:28:5: error: reference to ‘hash’ is ambiguous
 int hash::Hash(string key)
     ^~~~
../src/HashTable.cpp:20:7: note: candidates are: class hash
 class hash
       ^~~~
In file included from /usr/include/c++/6/bits/basic_string.h:5628:0,
                 from /usr/include/c++/6/string:52,
                 from /usr/include/c++/6/bits/locale_classes.h:40,
                 from /usr/include/c++/6/bits/ios_base.h:41,
                 from /usr/include/c++/6/ios:42,
                 from /usr/include/c++/6/ostream:38,
                 from /usr/include/c++/6/iostream:39,
                 from ../src/HashTable.cpp:9:
/usr/include/c++/6/bits/functional_hash.h:58:12: note:                 template<class _Tp> struct std::hash
     struct hash;
            ^~~~
../src/HashTable.cpp: In function ‘int Hash(std::__cxx11::string)’:
../src/HashTable.cpp:32:14: error: cannot convert ‘std::__cxx11::basic_string<_CharT, _Traits, _Alloc>::length<char, std::char_traits<char>, std::allocator<char> >’ from type ‘std::__cxx11::basic_string<char>::size_type (std::__cxx11::basic_string<char>::)() const noexcept {aka long unsigned int (std::__cxx11::basic_string<char>::)() const noexcept}’ to type ‘int’
  index = key.length ;
              ^~~~~~
../src/HashTable.cpp:30:6: warning: unused variable ‘hash’ [-Wunused-variable]
  int hash = 0;
      ^~~~
../src/HashTable.cpp: In function ‘int main()’:
../src/HashTable.cpp:38:2: error: reference to ‘hash’ is ambiguous
  hash HashTable;
  ^~~~
../src/HashTable.cpp:20:7: note: candidates are: class hash
 class hash
       ^~~~
In file included from /usr/include/c++/6/bits/basic_string.h:5628:0,
                 from /usr/include/c++/6/string:52,
                 from /usr/include/c++/6/bits/locale_classes.h:40,
                 from /usr/include/c++/6/bits/ios_base.h:41,
                 from /usr/include/c++/6/ios:42,
                 from /usr/include/c++/6/ostream:38,
                 from /usr/include/c++/6/iostream:39,
                 from ../src/HashTable.cpp:9:
/usr/include/c++/6/bits/functional_hash.h:58:12: note:                 template<class _Tp> struct std::hash
     struct hash;
            ^~~~
../src/HashTable.cpp:39:8: error: ‘HashTable’ was not declared in this scope
  cout<<HashTable.Hash("paul");
        ^~~~~~~~~
src/subdir.mk:18: recipe for target 'src/HashTable.o' failed
make: *** [src/HashTable.o] Error 1
23:06:28 **** Incremental Build of configuration Debug for project HashTable ****
make all 
Building file: ../src/HashTable.cpp
Invoking: Cross G++ Compiler
g++ -O0 -g3 -Wall -c -fmessage-length=0 -MMD -MP -MF"src/HashTable.d" -MT"src/HashTable.d" -o "src/HashTable.o" "../src/HashTable.cpp"
../src/HashTable.cpp:28:5: error: reference to ‘hash’ is ambiguous
 int hash::HashFunction(string key)
     ^~~~
../src/HashTable.cpp:20:7: note: candidates are: class hash
 class hash
       ^~~~
In file included from /usr/include/c++/6/bits/basic_string.h:5628:0,
                 from /usr/include/c++/6/string:52,
                 from /usr/include/c++/6/bits/locale_classes.h:40,
                 from /usr/include/c++/6/bits/ios_base.h:41,
                 from /usr/include/c++/6/ios:42,
                 from /usr/include/c++/6/ostream:38,
                 from /usr/include/c++/6/iostream:39,
                 from ../src/HashTable.cpp:9:
/usr/include/c++/6/bits/functional_hash.h:58:12: note:                 template<class _Tp> struct std::hash
     struct hash;
            ^~~~
../src/HashTable.cpp: In function ‘int HashFunction(std::__cxx11::string)’:
../src/HashTable.cpp:32:14: error: cannot convert ‘std::__cxx11::basic_string<_CharT, _Traits, _Alloc>::length<char, std::char_traits<char>, std::allocator<char> >’ from type ‘std::__cxx11::basic_string<char>::size_type (std::__cxx11::basic_string<char>::)() const noexcept {aka long unsigned int (std::__cxx11::basic_string<char>::)() const noexcept}’ to type ‘int’
  index = key.length ;
              ^~~~~~
../src/HashTable.cpp:30:6: warning: unused variable ‘hash’ [-Wunused-variable]
  int hash = 0;
      ^~~~
../src/HashTable.cpp: In function ‘int main()’:
../src/HashTable.cpp:38:2: error: reference to ‘hash’ is ambiguous
  hash HashTable;
  ^~~~
../src/HashTable.cpp:20:7: note: candidates are: class hash
 class hash
       ^~~~
In file included from /usr/include/c++/6/bits/basic_string.h:5628:0,
                 from /usr/include/c++/6/string:52,
                 from /usr/include/c++/6/bits/locale_classes.h:40,
                 from /usr/include/c++/6/bits/ios_base.h:41,
                 from /usr/include/c++/6/ios:42,
                 from /usr/include/c++/6/ostream:38,
                 from /usr/include/c++/6/iostream:39,
                 from ../src/HashTable.cpp:9:
/usr/include/c++/6/bits/functional_hash.h:58:12: note:                 template<class _Tp> struct std::hash
     struct hash;
            ^~~~
../src/HashTable.cpp:39:8: error: ‘HashTable’ was not declared in this scope
  cout<<HashTable.Hash("paul");
        ^~~~~~~~~
src/subdir.mk:18: recipe for target 'src/HashTable.o' failed
make: *** [src/HashTable.o] Error 1
23:07:11 **** Incremental Build of configuration Debug for project HashTable ****
make all 
Building file: ../src/HashTable.cpp
Invoking: Cross G++ Compiler
g++ -O0 -g3 -Wall -c -fmessage-length=0 -MMD -MP -MF"src/HashTable.d" -MT"src/HashTable.d" -o "src/HashTable.o" "../src/HashTable.cpp"
../src/HashTable.cpp:28:5: error: reference to ‘hash’ is ambiguous
 int hash::HashFunction(string key)
     ^~~~
../src/HashTable.cpp:20:7: note: candidates are: class hash
 class hash
       ^~~~
In file included from /usr/include/c++/6/bits/basic_string.h:5628:0,
                 from /usr/include/c++/6/string:52,
                 from /usr/include/c++/6/bits/locale_classes.h:40,
                 from /usr/include/c++/6/bits/ios_base.h:41,
                 from /usr/include/c++/6/ios:42,
                 from /usr/include/c++/6/ostream:38,
                 from /usr/include/c++/6/iostream:39,
                 from ../src/HashTable.cpp:9:
/usr/include/c++/6/bits/functional_hash.h:58:12: note:                 template<class _Tp> struct std::hash
     struct hash;
            ^~~~
../src/HashTable.cpp: In function ‘int HashFunction(std::__cxx11::string)’:
../src/HashTable.cpp:32:14: error: cannot convert ‘std::__cxx11::basic_string<_CharT, _Traits, _Alloc>::length<char, std::char_traits<char>, std::allocator<char> >’ from type ‘std::__cxx11::basic_string<char>::size_type (std::__cxx11::basic_string<char>::)() const noexcept {aka long unsigned int (std::__cxx11::basic_string<char>::)() const noexcept}’ to type ‘int’
  index = key.length ;
              ^~~~~~
../src/HashTable.cpp:30:6: warning: unused variable ‘hash’ [-Wunused-variable]
  int hash = 0;
      ^~~~
../src/HashTable.cpp: In function ‘int main()’:
../src/HashTable.cpp:38:2: error: reference to ‘hash’ is ambiguous
  hash HashTable;
  ^~~~
../src/HashTable.cpp:20:7: note: candidates are: class hash
 class hash
       ^~~~
In file included from /usr/include/c++/6/bits/basic_string.h:5628:0,
                 from /usr/include/c++/6/string:52,
                 from /usr/include/c++/6/bits/locale_classes.h:40,
                 from /usr/include/c++/6/bits/ios_base.h:41,
                 from /usr/include/c++/6/ios:42,
                 from /usr/include/c++/6/ostream:38,
                 from /usr/include/c++/6/iostream:39,
                 from ../src/HashTable.cpp:9:
/usr/include/c++/6/bits/functional_hash.h:58:12: note:                 template<class _Tp> struct std::hash
     struct hash;
            ^~~~
../src/HashTable.cpp:39:8: error: ‘HashTable’ was not declared in this scope
  cout<<HashTable.Hash("paul");
        ^~~~~~~~~
src/subdir.mk:18: recipe for target 'src/HashTable.o' failed
make: *** [src/HashTable.o] Error 1
23:07:18 **** Incremental Build of configuration Debug for project HashTable ****
make all 
Building file: ../src/HashTable.cpp
Invoking: Cross G++ Compiler
g++ -O0 -g3 -Wall -c -fmessage-length=0 -MMD -MP -MF"src/HashTable.d" -MT"src/HashTable.d" -o "src/HashTable.o" "../src/HashTable.cpp"
../src/HashTable.cpp:28:5: error: reference to ‘hash’ is ambiguous
 int hash::HashFunction(string key)
     ^~~~
../src/HashTable.cpp:20:7: note: candidates are: class hash
 class hash
       ^~~~
In file included from /usr/include/c++/6/bits/basic_string.h:5628:0,
                 from /usr/include/c++/6/string:52,
                 from /usr/include/c++/6/bits/locale_classes.h:40,
                 from /usr/include/c++/6/bits/ios_base.h:41,
                 from /usr/include/c++/6/ios:42,
                 from /usr/include/c++/6/ostream:38,
                 from /usr/include/c++/6/iostream:39,
                 from ../src/HashTable.cpp:9:
/usr/include/c++/6/bits/functional_hash.h:58:12: note:                 template<class _Tp> struct std::hash
     struct hash;
            ^~~~
../src/HashTable.cpp: In function ‘int HashFunction(std::__cxx11::string)’:
../src/HashTable.cpp:32:14: error: cannot convert ‘std::__cxx11::basic_string<_CharT, _Traits, _Alloc>::length<char, std::char_traits<char>, std::allocator<char> >’ from type ‘std::__cxx11::basic_string<char>::size_type (std::__cxx11::basic_string<char>::)() const noexcept {aka long unsigned int (std::__cxx11::basic_string<char>::)() const noexcept}’ to type ‘int’
  index = key.length ;
              ^~~~~~
../src/HashTable.cpp:30:6: warning: unused variable ‘hash1’ [-Wunused-variable]
  int hash1 = 0;
      ^~~~~
../src/HashTable.cpp: In function ‘int main()’:
../src/HashTable.cpp:38:2: error: reference to ‘hash’ is ambiguous
  hash HashTable;
  ^~~~
../src/HashTable.cpp:20:7: note: candidates are: class hash
 class hash
       ^~~~
In file included from /usr/include/c++/6/bits/basic_string.h:5628:0,
                 from /usr/include/c++/6/string:52,
                 from /usr/include/c++/6/bits/locale_classes.h:40,
                 from /usr/include/c++/6/bits/ios_base.h:41,
                 from /usr/include/c++/6/ios:42,
                 from /usr/include/c++/6/ostream:38,
                 from /usr/include/c++/6/iostream:39,
                 from ../src/HashTable.cpp:9:
/usr/include/c++/6/bits/functional_hash.h:58:12: note:                 template<class _Tp> struct std::hash
     struct hash;
            ^~~~
../src/HashTable.cpp:39:8: error: ‘HashTable’ was not declared in this scope
  cout<<HashTable.Hash("paul");
        ^~~~~~~~~
src/subdir.mk:18: recipe for target 'src/HashTable.o' failed
make: *** [src/HashTable.o] Error 1
23:07:43 **** Incremental Build of configuration Debug for project HashTable ****
make all 
Building file: ../src/HashTable.cpp
Invoking: Cross G++ Compiler
g++ -O0 -g3 -Wall -c -fmessage-length=0 -MMD -MP -MF"src/HashTable.d" -MT"src/HashTable.d" -o "src/HashTable.o" "../src/HashTable.cpp"
../src/HashTable.cpp:26:5: error: reference to ‘hash’ is ambiguous
 int hash::HashFunction(string key)
     ^~~~
../src/HashTable.cpp:20:7: note: candidates are: class hash
 class hash
       ^~~~
In file included from /usr/include/c++/6/bits/basic_string.h:5628:0,
                 from /usr/include/c++/6/string:52,
                 from /usr/include/c++/6/bits/locale_classes.h:40,
                 from /usr/include/c++/6/bits/ios_base.h:41,
                 from /usr/include/c++/6/ios:42,
                 from /usr/include/c++/6/ostream:38,
                 from /usr/include/c++/6/iostream:39,
                 from ../src/HashTable.cpp:9:
/usr/include/c++/6/bits/functional_hash.h:58:12: note:                 template<class _Tp> struct std::hash
     struct hash;
            ^~~~
../src/HashTable.cpp: In function ‘int HashFunction(std::__cxx11::string)’:
../src/HashTable.cpp:30:14: error: cannot convert ‘std::__cxx11::basic_string<_CharT, _Traits, _Alloc>::length<char, std::char_traits<char>, std::allocator<char> >’ from type ‘std::__cxx11::basic_string<char>::size_type (std::__cxx11::basic_string<char>::)() const noexcept {aka long unsigned int (std::__cxx11::basic_string<char>::)() const noexcept}’ to type ‘int’
  index = key.length ;
              ^~~~~~
../src/HashTable.cpp:28:6: warning: unused variable ‘hash1’ [-Wunused-variable]
  int hash1 = 0;
      ^~~~~
../src/HashTable.cpp: In function ‘int main()’:
../src/HashTable.cpp:36:2: error: reference to ‘hash’ is ambiguous
  hash HashTable;
  ^~~~
../src/HashTable.cpp:20:7: note: candidates are: class hash
 class hash
       ^~~~
In file included from /usr/include/c++/6/bits/basic_string.h:5628:0,
                 from /usr/include/c++/6/string:52,
                 from /usr/include/c++/6/bits/locale_classes.h:40,
                 from /usr/include/c++/6/bits/ios_base.h:41,
                 from /usr/include/c++/6/ios:42,
                 from /usr/include/c++/6/ostream:38,
                 from /usr/include/c++/6/iostream:39,
                 from ../src/HashTable.cpp:9:
/usr/include/c++/6/bits/functional_hash.h:58:12: note:                 template<class _Tp> struct std::hash
     struct hash;
            ^~~~
../src/HashTable.cpp:37:8: error: ‘HashTable’ was not declared in this scope
  cout<<HashTable.Hash("paul");
        ^~~~~~~~~
src/subdir.mk:18: recipe for target 'src/HashTable.o' failed
make: *** [src/HashTable.o] Error 1
23:07:59 **** Incremental Build of configuration Debug for project HashTable ****
make all 
Building file: ../src/HashTable.cpp
Invoking: Cross G++ Compiler
g++ -O0 -g3 -Wall -c -fmessage-length=0 -MMD -MP -MF"src/HashTable.d" -MT"src/HashTable.d" -o "src/HashTable.o" "../src/HashTable.cpp"
../src/HashTable.cpp:26:5: error: reference to ‘hash’ is ambiguous
 int hash::HashFunction(string key)
     ^~~~
../src/HashTable.cpp:20:7: note: candidates are: class hash
 class hash
       ^~~~
In file included from /usr/include/c++/6/bits/basic_string.h:5628:0,
                 from /usr/include/c++/6/string:52,
                 from /usr/include/c++/6/bits/locale_classes.h:40,
                 from /usr/include/c++/6/bits/ios_base.h:41,
                 from /usr/include/c++/6/ios:42,
                 from /usr/include/c++/6/ostream:38,
                 from /usr/include/c++/6/iostream:39,
                 from ../src/HashTable.cpp:9:
/usr/include/c++/6/bits/functional_hash.h:58:12: note:                 template<class _Tp> struct std::hash
     struct hash;
            ^~~~
../src/HashTable.cpp: In function ‘int HashFunction(std::__cxx11::string)’:
../src/HashTable.cpp:30:14: error: cannot convert ‘std::__cxx11::basic_string<_CharT, _Traits, _Alloc>::length<char, std::char_traits<char>, std::allocator<char> >’ from type ‘std::__cxx11::basic_string<char>::size_type (std::__cxx11::basic_string<char>::)() const noexcept {aka long unsigned int (std::__cxx11::basic_string<char>::)() const noexcept}’ to type ‘int’
  index = key.length ;
              ^~~~~~
../src/HashTable.cpp:28:6: warning: unused variable ‘hash1’ [-Wunused-variable]
  int hash1 = 0;
      ^~~~~
../src/HashTable.cpp: In function ‘int main()’:
../src/HashTable.cpp:36:2: error: reference to ‘hash’ is ambiguous
  hash HashTable;
  ^~~~
../src/HashTable.cpp:20:7: note: candidates are: class hash
 class hash
       ^~~~
In file included from /usr/include/c++/6/bits/basic_string.h:5628:0,
                 from /usr/include/c++/6/string:52,
                 from /usr/include/c++/6/bits/locale_classes.h:40,
                 from /usr/include/c++/6/bits/ios_base.h:41,
                 from /usr/include/c++/6/ios:42,
                 from /usr/include/c++/6/ostream:38,
                 from /usr/include/c++/6/iostream:39,
                 from ../src/HashTable.cpp:9:
/usr/include/c++/6/bits/functional_hash.h:58:12: note:                 template<class _Tp> struct std::hash
     struct hash;
            ^~~~
../src/HashTable.cpp:37:8: error: ‘HashTable’ was not declared in this scope
  cout<<HashTable.HashFunction("paul");
        ^~~~~~~~~
src/subdir.mk:18: recipe for target 'src/HashTable.o' failed
make: *** [src/HashTable.o] Error 1
23:08:23 **** Incremental Build of configuration Debug for project HashTable ****
make all 
Building file: ../src/HashTable.cpp
Invoking: Cross G++ Compiler
g++ -O0 -g3 -Wall -c -fmessage-length=0 -MMD -MP -MF"src/HashTable.d" -MT"src/HashTable.d" -o "src/HashTable.o" "../src/HashTable.cpp"
../src/HashTable.cpp:20:5: error: reference to ‘hash’ is ambiguous
 int hash::HashFunction(string key)
     ^~~~
../src/HashTable.cpp:14:7: note: candidates are: class hash
 class hash
       ^~~~
In file included from /usr/include/c++/6/bits/basic_string.h:5628:0,
                 from /usr/include/c++/6/string:52,
                 from /usr/include/c++/6/bits/locale_classes.h:40,
                 from /usr/include/c++/6/bits/ios_base.h:41,
                 from /usr/include/c++/6/ios:42,
                 from /usr/include/c++/6/ostream:38,
                 from /usr/include/c++/6/iostream:39,
                 from ../src/HashTable.cpp:9:
/usr/include/c++/6/bits/functional_hash.h:58:12: note:                 template<class _Tp> struct std::hash
     struct hash;
            ^~~~
../src/HashTable.cpp: In function ‘int HashFunction(std::__cxx11::string)’:
../src/HashTable.cpp:24:14: error: cannot convert ‘std::__cxx11::basic_string<_CharT, _Traits, _Alloc>::length<char, std::char_traits<char>, std::allocator<char> >’ from type ‘std::__cxx11::basic_string<char>::size_type (std::__cxx11::basic_string<char>::)() const noexcept {aka long unsigned int (std::__cxx11::basic_string<char>::)() const noexcept}’ to type ‘int’
  index = key.length ;
              ^~~~~~
../src/HashTable.cpp:22:6: warning: unused variable ‘hash1’ [-Wunused-variable]
  int hash1 = 0;
      ^~~~~
../src/HashTable.cpp: In function ‘int main()’:
../src/HashTable.cpp:30:2: error: reference to ‘hash’ is ambiguous
  hash HashTable;
  ^~~~
../src/HashTable.cpp:14:7: note: candidates are: class hash
 class hash
       ^~~~
In file included from /usr/include/c++/6/bits/basic_string.h:5628:0,
                 from /usr/include/c++/6/string:52,
                 from /usr/include/c++/6/bits/locale_classes.h:40,
                 from /usr/include/c++/6/bits/ios_base.h:41,
                 from /usr/include/c++/6/ios:42,
                 from /usr/include/c++/6/ostream:38,
                 from /usr/include/c++/6/iostream:39,
                 from ../src/HashTable.cpp:9:
/usr/include/c++/6/bits/functional_hash.h:58:12: note:                 template<class _Tp> struct std::hash
     struct hash;
            ^~~~
../src/HashTable.cpp:31:8: error: ‘HashTable’ was not declared in this scope
  cout<<HashTable.HashFunction("paul");
        ^~~~~~~~~
src/subdir.mk:18: recipe for target 'src/HashTable.o' failed
make: *** [src/HashTable.o] Error 1
23:08:50 **** Incremental Build of configuration Debug for project HashTable ****
make all 
Building file: ../src/HashTable.cpp
Invoking: Cross G++ Compiler
g++ -O0 -g3 -Wall -c -fmessage-length=0 -MMD -MP -MF"src/HashTable.d" -MT"src/HashTable.d" -o "src/HashTable.o" "../src/HashTable.cpp"
../src/HashTable.cpp:19:5: error: reference to ‘hash’ is ambiguous
 int hash::HashFunction(string key)
     ^~~~
../src/HashTable.cpp:13:7: note: candidates are: class hash
 class hash
       ^~~~
In file included from /usr/include/c++/6/bits/basic_string.h:5628:0,
                 from /usr/include/c++/6/string:52,
                 from /usr/include/c++/6/bits/locale_classes.h:40,
                 from /usr/include/c++/6/bits/ios_base.h:41,
                 from /usr/include/c++/6/ios:42,
                 from /usr/include/c++/6/ostream:38,
                 from /usr/include/c++/6/iostream:39,
                 from ../src/HashTable.cpp:9:
/usr/include/c++/6/bits/functional_hash.h:58:12: note:                 template<class _Tp> struct std::hash
     struct hash;
            ^~~~
../src/HashTable.cpp: In function ‘int HashFunction(std::__cxx11::string)’:
../src/HashTable.cpp:23:14: error: cannot convert ‘std::__cxx11::basic_string<_CharT, _Traits, _Alloc>::length<char, std::char_traits<char>, std::allocator<char> >’ from type ‘std::__cxx11::basic_string<char>::size_type (std::__cxx11::basic_string<char>::)() const noexcept {aka long unsigned int (std::__cxx11::basic_string<char>::)() const noexcept}’ to type ‘int’
  index = key.length ;
              ^~~~~~
../src/HashTable.cpp:21:6: warning: unused variable ‘hash1’ [-Wunused-variable]
  int hash1 = 0;
      ^~~~~
../src/HashTable.cpp: In function ‘int main()’:
../src/HashTable.cpp:29:2: error: reference to ‘hash’ is ambiguous
  hash HashTable;
  ^~~~
../src/HashTable.cpp:13:7: note: candidates are: class hash
 class hash
       ^~~~
In file included from /usr/include/c++/6/bits/basic_string.h:5628:0,
                 from /usr/include/c++/6/string:52,
                 from /usr/include/c++/6/bits/locale_classes.h:40,
                 from /usr/include/c++/6/bits/ios_base.h:41,
                 from /usr/include/c++/6/ios:42,
                 from /usr/include/c++/6/ostream:38,
                 from /usr/include/c++/6/iostream:39,
                 from ../src/HashTable.cpp:9:
/usr/include/c++/6/bits/functional_hash.h:58:12: note:                 template<class _Tp> struct std::hash
     struct hash;
            ^~~~
../src/HashTable.cpp:30:8: error: ‘HashTable’ was not declared in this scope
  cout<<HashTable.HashFunction("paul");
        ^~~~~~~~~
src/subdir.mk:18: recipe for target 'src/HashTable.o' failed
make: *** [src/HashTable.o] Error 1
23:09:08 **** Incremental Build of configuration Debug for project HashTable ****
make all 
Building file: ../src/HashTable.cpp
Invoking: Cross G++ Compiler
g++ -O0 -g3 -Wall -c -fmessage-length=0 -MMD -MP -MF"src/HashTable.d" -MT"src/HashTable.d" -o "src/HashTable.o" "../src/HashTable.cpp"
../src/HashTable.cpp:19:5: error: reference to ‘hash’ is ambiguous
 int hash::HashFunction(string key)
     ^~~~
../src/HashTable.cpp:13:7: note: candidates are: class hash
 class hash
       ^~~~
In file included from /usr/include/c++/6/bits/basic_string.h:5628:0,
                 from /usr/include/c++/6/string:52,
                 from /usr/include/c++/6/bits/locale_classes.h:40,
                 from /usr/include/c++/6/bits/ios_base.h:41,
                 from /usr/include/c++/6/ios:42,
                 from /usr/include/c++/6/ostream:38,
                 from /usr/include/c++/6/iostream:39,
                 from ../src/HashTable.cpp:9:
/usr/include/c++/6/bits/functional_hash.h:58:12: note:                 template<class _Tp> struct std::hash
     struct hash;
            ^~~~
../src/HashTable.cpp: In function ‘int HashFunction(std::__cxx11::string)’:
../src/HashTable.cpp:23:14: error: cannot convert ‘std::__cxx11::basic_string<_CharT, _Traits, _Alloc>::length<char, std::char_traits<char>, std::allocator<char> >’ from type ‘std::__cxx11::basic_string<char>::size_type (std::__cxx11::basic_string<char>::)() const noexcept {aka long unsigned int (std::__cxx11::basic_string<char>::)() const noexcept}’ to type ‘int’
  index = key.length ;
              ^~~~~~
../src/HashTable.cpp:21:6: warning: unused variable ‘hash1’ [-Wunused-variable]
  int hash1 = 0;
      ^~~~~
../src/HashTable.cpp: In function ‘int main()’:
../src/HashTable.cpp:29:2: error: reference to ‘hash’ is ambiguous
  hash HashTable = new hash();
  ^~~~
../src/HashTable.cpp:13:7: note: candidates are: class hash
 class hash
       ^~~~
In file included from /usr/include/c++/6/bits/basic_string.h:5628:0,
                 from /usr/include/c++/6/string:52,
                 from /usr/include/c++/6/bits/locale_classes.h:40,
                 from /usr/include/c++/6/bits/ios_base.h:41,
                 from /usr/include/c++/6/ios:42,
                 from /usr/include/c++/6/ostream:38,
                 from /usr/include/c++/6/iostream:39,
                 from ../src/HashTable.cpp:9:
/usr/include/c++/6/bits/functional_hash.h:58:12: note:                 template<class _Tp> struct std::hash
     struct hash;
            ^~~~
../src/HashTable.cpp:30:8: error: ‘HashTable’ was not declared in this scope
  cout<<HashTable.HashFunction("paul");
        ^~~~~~~~~
src/subdir.mk:18: recipe for target 'src/HashTable.o' failed
make: *** [src/HashTable.o] Error 1
23:10:07 **** Incremental Build of configuration Debug for project HashTable ****
make all 
Building file: ../src/HashTable.cpp
Invoking: Cross G++ Compiler
g++ -O0 -g3 -Wall -c -fmessage-length=0 -MMD -MP -MF"src/HashTable.d" -MT"src/HashTable.d" -o "src/HashTable.o" "../src/HashTable.cpp"
../src/HashTable.cpp: In member function ‘int hashTable::HashFunction(std::__cxx11::string)’:
../src/HashTable.cpp:23:14: error: cannot convert ‘std::__cxx11::basic_string<_CharT, _Traits, _Alloc>::length<char, std::char_traits<char>, std::allocator<char> >’ from type ‘std::__cxx11::basic_string<char>::size_type (std::__cxx11::basic_string<char>::)() const noexcept {aka long unsigned int (std::__cxx11::basic_string<char>::)() const noexcept}’ to type ‘int’
  index = key.length ;
              ^~~~~~
../src/HashTable.cpp:21:6: warning: unused variable ‘hash’ [-Wunused-variable]
  int hash = 0;
      ^~~~
../src/HashTable.cpp: In function ‘int main()’:
../src/HashTable.cpp:29:7: error: missing template arguments before ‘HashTable’
  hash HashTable = new hash();
       ^~~~~~~~~
../src/HashTable.cpp:30:8: error: ‘HashTable’ was not declared in this scope
  cout<<HashTable.HashFunction("paul");
        ^~~~~~~~~
src/subdir.mk:18: recipe for target 'src/HashTable.o' failed
make: *** [src/HashTable.o] Error 1
23:10:32 **** Incremental Build of configuration Debug for project HashTable ****
make all 
Building file: ../src/HashTable.cpp
Invoking: Cross G++ Compiler
g++ -O0 -g3 -Wall -c -fmessage-length=0 -MMD -MP -MF"src/HashTable.d" -MT"src/HashTable.d" -o "src/HashTable.o" "../src/HashTable.cpp"
../src/HashTable.cpp: In member function ‘int hashTable::HashFunction(std::__cxx11::string)’:
../src/HashTable.cpp:21:6: warning: unused variable ‘hash’ [-Wunused-variable]
  int hash = 0;
      ^~~~
../src/HashTable.cpp: In function ‘int main()’:
../src/HashTable.cpp:29:7: error: missing template arguments before ‘HashTable’
  hash HashTable = new hash();
       ^~~~~~~~~
../src/HashTable.cpp:30:8: error: ‘HashTable’ was not declared in this scope
  cout<<HashTable.HashFunction("paul");
        ^~~~~~~~~
src/subdir.mk:18: recipe for target 'src/HashTable.o' failed
make: *** [src/HashTable.o] Error 1
23:10:43 **** Incremental Build of configuration Debug for project HashTable ****
make all 
Building file: ../src/HashTable.cpp
Invoking: Cross G++ Compiler
g++ -O0 -g3 -Wall -c -fmessage-length=0 -MMD -MP -MF"src/HashTable.d" -MT"src/HashTable.d" -o "src/HashTable.o" "../src/HashTable.cpp"
../src/HashTable.cpp: In member function ‘int hashTable::HashFunction(std::__cxx11::string)’:
../src/HashTable.cpp:21:6: warning: unused variable ‘hash’ [-Wunused-variable]
  int hash = 0;
      ^~~~
../src/HashTable.cpp: In function ‘int main()’:
../src/HashTable.cpp:29:28: error: expected type-specifier before ‘hash’
  hashTable HashTable = new hash();
                            ^~~~
make: *** [src/HashTable.o] Error 1
src/subdir.mk:18: recipe for target 'src/HashTable.o' failed
23:11:05 **** Incremental Build of configuration Debug for project HashTable ****
make all 
Building file: ../src/HashTable.cpp
Invoking: Cross G++ Compiler
g++ -O0 -g3 -Wall -c -fmessage-length=0 -MMD -MP -MF"src/HashTable.d" -MT"src/HashTable.d" -o "src/HashTable.o" "../src/HashTable.cpp"
../src/HashTable.cpp: In member function ‘int hashTable::HashFunction(std::__cxx11::string)’:
../src/HashTable.cpp:21:6: warning: unused variable ‘hash’ [-Wunused-variable]
  int hash = 0;
      ^~~~
Finished building: ../src/HashTable.cpp
 
Building target: HashTable
Invoking: Cross G++ Linker
g++  -o "HashTable"  ./src/HashTable.o   
Finished building target: HashTable
 
23:11:18 **** Incremental Build of configuration Debug for project HashTable ****
make all 
Building file: ../src/HashTable.cpp
Invoking: Cross G++ Compiler
g++ -O0 -g3 -Wall -c -fmessage-length=0 -MMD -MP -MF"src/HashTable.d" -MT"src/HashTable.d" -o "src/HashTable.o" "../src/HashTable.cpp"
Finished building: ../src/HashTable.cpp
 
Building target: HashTable
Invoking: Cross G++ Linker
g++  -o "HashTable"  ./src/HashTable.o   
Finished building target: HashTable
 
23:11:46 **** Incremental Build of configuration Debug for project HashTable ****
make all 
Building file: ../src/main.cpp
Invoking: Cross G++ Compiler
g++ -O0 -g3 -Wall -c -fmessage-length=0 -MMD -MP -MF"src/main.d" -MT"src/main.d" -o "src/main.o" "../src/main.cpp"
Finished building: ../src/main.cpp
 
Building target: HashTable
Invoking: Cross G++ Linker
g++  -o "HashTable"  ./src/main.o   
Finished building target: HashTable
 
23:12:13 **** Incremental Build of configuration Debug for project HashTable ****
make all 
Building file: ../src/main.cpp
Invoking: Cross G++ Compiler
g++ -O0 -g3 -Wall -c -fmessage-length=0 -MMD -MP -MF"src/main.d" -MT"src/main.d" -o "src/main.o" "../src/main.cpp"
Finished building: ../src/main.cpp
 
Building target: HashTable
Invoking: Cross G++ Linker
g++  -o "HashTable"  ./src/main.o   
Finished building target: HashTable
 
23:12:14 **** Incremental Build of configuration Debug for project HashTable ****
make all 
make: Nothing to be done for 'all'.
23:26:49 **** Incremental Build of configuration Debug for project HashTable ****
make all 
Building file: ../src/main.cpp
Invoking: Cross G++ Compiler
g++ -O0 -g3 -Wall -c -fmessage-length=0 -MMD -MP -MF"src/main.d" -MT"src/main.d" -o "src/main.o" "../src/main.cpp"
../src/main.cpp: In member function ‘int hashTable::HashFunction(std::__cxx11::string)’:
../src/main.cpp:22:16: warning: comparison between signed and unsigned integer expressions [-Wsign-compare]
  for(int i=0; i< key.length(); i++)
               ~^~~~~~~~~~~~~~
../src/main.cpp: In function ‘int main()’:
../src/main.cpp:33:6: warning: unused variable ‘index’ [-Wunused-variable]
  int index;
      ^~~~~
Finished building: ../src/main.cpp
 
Building target: HashTable
Invoking: Cross G++ Linker
g++  -o "HashTable"  ./src/main.o   
Finished building target: HashTable
 
23:26:52 **** Incremental Build of configuration Debug for project HashTable ****
make all 
make: Nothing to be done for 'all'.
23:28:57 **** Incremental Build of configuration Debug for project HashTable ****
make all 
Building file: ../src/main.cpp
Invoking: Cross G++ Compiler
g++ -O0 -g3 -Wall -c -fmessage-length=0 -MMD -MP -MF"src/main.d" -MT"src/main.d" -o "src/main.o" "../src/main.cpp"
../src/main.cpp: In member function ‘int hashTable::HashFunction(std::__cxx11::string)’:
../src/main.cpp:30:16: warning: comparison between signed and unsigned integer expressions [-Wsign-compare]
  for(int i=0; i< key.length(); i++)
               ~^~~~~~~~~~~~~~
../src/main.cpp: In function ‘int main()’:
../src/main.cpp:41:6: warning: unused variable ‘index’ [-Wunused-variable]
  int index;
      ^~~~~
Finished building: ../src/main.cpp
 
Building target: HashTable
Invoking: Cross G++ Linker
g++  -o "HashTable"  ./src/main.o   
Finished building target: HashTable
 
23:29:27 **** Incremental Build of configuration Debug for project HashTable ****
make all 
Building file: ../src/main.cpp
Invoking: Cross G++ Compiler
g++ -O0 -g3 -Wall -c -fmessage-length=0 -MMD -MP -MF"src/main.d" -MT"src/main.d" -o "src/main.o" "../src/main.cpp"
../src/main.cpp: In function ‘int main()’:
../src/main.cpp:41:6: warning: unused variable ‘index’ [-Wunused-variable]
  int index;
      ^~~~~
Finished building: ../src/main.cpp
 
Building target: HashTable
Invoking: Cross G++ Linker
g++  -o "HashTable"  ./src/main.o   
Finished building target: HashTable
 
23:29:41 **** Incremental Build of configuration Debug for project HashTable ****
make all 
make: Nothing to be done for 'all'.
23:30:04 **** Incremental Build of configuration Debug for project HashTable ****
make all 
Building file: ../src/main.cpp
Invoking: Cross G++ Compiler
g++ -O0 -g3 -Wall -c -fmessage-length=0 -MMD -MP -MF"src/main.d" -MT"src/main.d" -o "src/main.o" "../src/main.cpp"
../src/main.cpp: In function ‘int main()’:
../src/main.cpp:41:6: warning: unused variable ‘index’ [-Wunused-variable]
  int index;
      ^~~~~
Finished building: ../src/main.cpp
 
Building target: HashTable
Invoking: Cross G++ Linker
g++  -o "HashTable"  ./src/main.o   
Finished building target: HashTable
 
23:30:06 **** Incremental Build of configuration Debug for project HashTable ****
make all 
make: Nothing to be done for 'all'.
23:30:11 **** Incremental Build of configuration Debug for project HashTable ****
make all 
Building file: ../src/main.cpp
Invoking: Cross G++ Compiler
g++ -O0 -g3 -Wall -c -fmessage-length=0 -MMD -MP -MF"src/main.d" -MT"src/main.d" -o "src/main.o" "../src/main.cpp"
../src/main.cpp: In function ‘int main()’:
../src/main.cpp:41:6: warning: unused variable ‘index’ [-Wunused-variable]
  int index;
      ^~~~~
Finished building: ../src/main.cpp
 
Building target: HashTable
Invoking: Cross G++ Linker
g++  -o "HashTable"  ./src/main.o   
Finished building target: HashTable
 
23:30:14 **** Incremental Build of configuration Debug for project HashTable ****
make all 
make: Nothing to be done for 'all'.
23:32:03 **** Incremental Build of configuration Debug for project HashTable ****
make all 
Building file: ../src/main.cpp
Invoking: Cross G++ Compiler
g++ -O0 -g3 -Wall -c -fmessage-length=0 -MMD -MP -MF"src/main.d" -MT"src/main.d" -o "src/main.o" "../src/main.cpp"
../src/main.cpp: In constructor ‘hashTable::hashTable()’:
../src/main.cpp:24:14: error: assignment of read-only variable ‘hashTable::tableSize’
  tableSize = 100;
              ^~~
../src/main.cpp: In function ‘int main()’:
../src/main.cpp:41:6: warning: unused variable ‘index’ [-Wunused-variable]
  int index;
      ^~~~~
make: *** [src/main.o] Error 1
src/subdir.mk:18: recipe for target 'src/main.o' failed
23:32:27 **** Incremental Build of configuration Debug for project HashTable ****
make all 
Building file: ../src/main.cpp
Invoking: Cross G++ Compiler
g++ -O0 -g3 -Wall -c -fmessage-length=0 -MMD -MP -MF"src/main.d" -MT"src/main.d" -o "src/main.o" "../src/main.cpp"
../src/main.cpp: In function ‘int main()’:
../src/main.cpp:41:6: warning: unused variable ‘index’ [-Wunused-variable]
  int index;
      ^~~~~
Finished building: ../src/main.cpp
 
Building target: HashTable
Invoking: Cross G++ Linker
g++  -o "HashTable"  ./src/main.o   
Finished building target: HashTable
 
23:37:39 **** Incremental Build of configuration Debug for project HashTable ****
make all 
Building file: ../src/main.cpp
Invoking: Cross G++ Compiler
g++ -O0 -g3 -Wall -c -fmessage-length=0 -MMD -MP -MF"src/main.d" -MT"src/main.d" -o "src/main.o" "../src/main.cpp"
../src/main.cpp: In function ‘int main()’:
../src/main.cpp:45:6: warning: unused variable ‘index’ [-Wunused-variable]
  int index;
      ^~~~~
Finished building: ../src/main.cpp
 
Building target: HashTable
Invoking: Cross G++ Linker
g++  -o "HashTable"  ./src/main.o   
./src/main.o: In function `main':
/home/shreeganesh/Documents/C++/Data-Structure/HashTable/Debug/../src/main.cpp:44: undefined reference to `hashTable::hashTable()'
collect2: error: ld returned 1 exit status
makefile:45: recipe for target 'HashTable' failed
make: *** [HashTable] Error 1
23:38:21 **** Incremental Build of configuration Debug for project HashTable ****
make all 
Building file: ../src/main.cpp
Invoking: Cross G++ Compiler
g++ -O0 -g3 -Wall -c -fmessage-length=0 -MMD -MP -MF"src/main.d" -MT"src/main.d" -o "src/main.o" "../src/main.cpp"
../src/main.cpp: In function ‘int main()’:
../src/main.cpp:44:6: warning: unused variable ‘index’ [-Wunused-variable]
  int index;
      ^~~~~
Finished building: ../src/main.cpp
 
Building target: HashTable
Invoking: Cross G++ Linker
g++  -o "HashTable"  ./src/main.o   
Finished building target: HashTable
 
23:38:31 **** Incremental Build of configuration Debug for project HashTable ****
make all 
Building file: ../src/main.cpp
Invoking: Cross G++ Compiler
g++ -O0 -g3 -Wall -c -fmessage-length=0 -MMD -MP -MF"src/main.d" -MT"src/main.d" -o "src/main.o" "../src/main.cpp"
Finished building: ../src/main.cpp
 
Building target: HashTable
Invoking: Cross G++ Linker
g++  -o "HashTable"  ./src/main.o   
Finished building target: HashTable
 
23:48:49 **** Incremental Build of configuration Debug for project HashTable ****
make all 
Building file: ../src/main.cpp
Invoking: Cross G++ Compiler
g++ -O0 -g3 -Wall -c -fmessage-length=0 -MMD -MP -MF"src/main.d" -MT"src/main.d" -o "src/main.o" "../src/main.cpp"
../src/main.cpp: In constructor ‘hashTable::hashTable()’:
../src/main.cpp:48:22: error: expected type-specifier before ‘tableHash’
   tableHash[i] = new tableHash() ;
                      ^~~~~~~~~
../src/main.cpp: In member function ‘void hashTable::AddItem(std::__cxx11::string, std::__cxx11::string)’:
../src/main.cpp:66:35: error: cannot convert ‘hashTable*’ to ‘item*’ in initialization
   item * ptr = new hashTable[index];
                                   ^
make: *** [src/main.o] Error 1
src/subdir.mk:18: recipe for target 'src/main.o' failed
23:49:18 **** Incremental Build of configuration Debug for project HashTable ****
make all 
Building file: ../src/main.cpp
Invoking: Cross G++ Compiler
g++ -O0 -g3 -Wall -c -fmessage-length=0 -MMD -MP -MF"src/main.d" -MT"src/main.d" -o "src/main.o" "../src/main.cpp"
../src/main.cpp: In constructor ‘hashTable::hashTable()’:
../src/main.cpp:48:22: error: expected type-specifier before ‘tableHash’
   tableHash[i] = new tableHash() ;
                      ^~~~~~~~~
../src/main.cpp: In member function ‘void hashTable::AddItem(std::__cxx11::string, std::__cxx11::string)’:
../src/main.cpp:66:25: error: expected primary-expression before ‘[’ token
   item * ptr = hashTable[index];
                         ^
src/subdir.mk:18: recipe for target 'src/main.o' failed
make: *** [src/main.o] Error 1
23:50:05 **** Incremental Build of configuration Debug for project HashTable ****
make all 
Building file: ../src/main.cpp
Invoking: Cross G++ Compiler
g++ -O0 -g3 -Wall -c -fmessage-length=0 -MMD -MP -MF"src/main.d" -MT"src/main.d" -o "src/main.o" "../src/main.cpp"
../src/main.cpp: In constructor ‘hashTable::hashTable()’:
../src/main.cpp:48:22: error: expected type-specifier before ‘tableHash’
   tableHash[i] = new tableHash() ;
                      ^~~~~~~~~
make: *** [src/main.o] Error 1
src/subdir.mk:18: recipe for target 'src/main.o' failed
23:50:38 **** Incremental Build of configuration Debug for project HashTable ****
make all 
Building file: ../src/main.cpp
Invoking: Cross G++ Compiler
g++ -O0 -g3 -Wall -c -fmessage-length=0 -MMD -MP -MF"src/main.d" -MT"src/main.d" -o "src/main.o" "../src/main.cpp"
../src/main.cpp: In constructor ‘hashTable::hashTable()’:
../src/main.cpp:48:32: error: cannot convert ‘hashTable*’ to ‘item*’ in assignment
   tableHash[i] = new hashTable() ;
                                ^
src/subdir.mk:18: recipe for target 'src/main.o' failed
make: *** [src/main.o] Error 1
23:51:15 **** Incremental Build of configuration Debug for project HashTable ****
make all 
Building file: ../src/main.cpp
Invoking: Cross G++ Compiler
g++ -O0 -g3 -Wall -c -fmessage-length=0 -MMD -MP -MF"src/main.d" -MT"src/main.d" -o "src/main.o" "../src/main.cpp"
../src/main.cpp: In constructor ‘hashTable::hashTable()’:
../src/main.cpp:48:22: error: expected type-specifier before ‘tableHash’
   tableHash[i] = new tableHash() ;
                      ^~~~~~~~~
make: *** [src/main.o] Error 1
src/subdir.mk:18: recipe for target 'src/main.o' failed
23:51:30 **** Incremental Build of configuration Debug for project HashTable ****
make all 
Building file: ../src/main.cpp
Invoking: Cross G++ Compiler
g++ -O0 -g3 -Wall -c -fmessage-length=0 -MMD -MP -MF"src/main.d" -MT"src/main.d" -o "src/main.o" "../src/main.cpp"
Finished building: ../src/main.cpp
 
Building target: HashTable
Invoking: Cross G++ Linker
g++  -o "HashTable"  ./src/main.o   
Finished building target: HashTable
 
00:02:51 **** Incremental Build of configuration Debug for project HashTable ****
make all 
Building file: ../src/main.cpp
Invoking: Cross G++ Compiler
g++ -O0 -g3 -Wall -c -fmessage-length=0 -MMD -MP -MF"src/main.d" -MT"src/main.d" -o "src/main.o" "../src/main.cpp"
../src/main.cpp: In member function ‘int hashTable::NoOfItemInIndex(int)’:
../src/main.cpp:36:25: warning: comparison with string literal results in unspecified behavior [-Waddress]
  if(tableHash[index] == "empty")
                         ^~~~~~~
../src/main.cpp:36:25: error: comparison between distinct pointer types ‘item*’ and ‘const char*’ lacks a cast [-fpermissive]
../src/main.cpp:50:1: warning: control reaches end of non-void function [-Wreturn-type]
 }
 ^
make: *** [src/main.o] Error 1
src/subdir.mk:18: recipe for target 'src/main.o' failed
00:03:10 **** Incremental Build of configuration Debug for project HashTable ****
make all 
Building file: ../src/main.cpp
Invoking: Cross G++ Compiler
g++ -O0 -g3 -Wall -c -fmessage-length=0 -MMD -MP -MF"src/main.d" -MT"src/main.d" -o "src/main.o" "../src/main.cpp"
../src/main.cpp: In member function ‘int hashTable::NoOfItemInIndex(int)’:
../src/main.cpp:50:1: warning: control reaches end of non-void function [-Wreturn-type]
 }
 ^
Finished building: ../src/main.cpp
 
Building target: HashTable
Invoking: Cross G++ Linker
g++  -o "HashTable"  ./src/main.o   
Finished building target: HashTable
 
00:03:31 **** Incremental Build of configuration Debug for project HashTable ****
make all 
Building file: ../src/main.cpp
Invoking: Cross G++ Compiler
g++ -O0 -g3 -Wall -c -fmessage-length=0 -MMD -MP -MF"src/main.d" -MT"src/main.d" -o "src/main.o" "../src/main.cpp"
Finished building: ../src/main.cpp
 
Building target: HashTable
Invoking: Cross G++ Linker
g++  -o "HashTable"  ./src/main.o   
Finished building target: HashTable
 
00:08:35 **** Incremental Build of configuration Debug for project HashTable ****
make all 
Building file: ../src/main.cpp
Invoking: Cross G++ Compiler
g++ -O0 -g3 -Wall -c -fmessage-length=0 -MMD -MP -MF"src/main.d" -MT"src/main.d" -o "src/main.o" "../src/main.cpp"
../src/main.cpp: In member function ‘void hashTable::PrintTable()’:
../src/main.cpp:36:6: warning: unused variable ‘number’ [-Wunused-variable]
  int number;
      ^~~~~~
Finished building: ../src/main.cpp
 
Building target: HashTable
Invoking: Cross G++ Linker
g++  -o "HashTable"  ./src/main.o   
Finished building target: HashTable
 
00:08:43 **** Incremental Build of configuration Debug for project HashTable ****
make all 
Building file: ../src/main.cpp
Invoking: Cross G++ Compiler
g++ -O0 -g3 -Wall -c -fmessage-length=0 -MMD -MP -MF"src/main.d" -MT"src/main.d" -o "src/main.o" "../src/main.cpp"
Finished building: ../src/main.cpp
 
Building target: HashTable
Invoking: Cross G++ Linker
g++  -o "HashTable"  ./src/main.o   
Finished building target: HashTable
 
22:31:49 **** Build of configuration Debug for project Fibo ****
make all 
Building file: ../src/Fibo.cpp
Invoking: Cross G++ Compiler
g++ -O0 -g3 -Wall -c -fmessage-length=0 -MMD -MP -MF"src/Fibo.d" -MT"src/Fibo.d" -o "src/Fibo.o" "../src/Fibo.cpp"
Finished building: ../src/Fibo.cpp
 
Building target: Fibo
Invoking: Cross G++ Linker
g++  -o "Fibo"  ./src/Fibo.o   
Finished building target: Fibo
 
22:31:59 **** Incremental Build of configuration Debug for project Fibo ****
make all 
make: Nothing to be done for 'all'.
22:32:11 **** Incremental Build of configuration Debug for project Fibo ****
make all 
Building file: ../src/Fibo.cpp
Invoking: Cross G++ Compiler
g++ -O0 -g3 -Wall -c -fmessage-length=0 -MMD -MP -MF"src/Fibo.d" -MT"src/Fibo.d" -o "src/Fibo.o" "../src/Fibo.cpp"
Finished building: ../src/Fibo.cpp
 
Building target: Fibo
Invoking: Cross G++ Linker
g++  -o "Fibo"  ./src/Fibo.o   
Finished building target: Fibo
 
22:32:13 **** Incremental Build of configuration Debug for project Fibo ****
make all 
make: Nothing to be done for 'all'.
22:32:18 **** Incremental Build of configuration Debug for project Fibo ****
make all 
Building file: ../src/Fibo.cpp
Invoking: Cross G++ Compiler
g++ -O0 -g3 -Wall -c -fmessage-length=0 -MMD -MP -MF"src/Fibo.d" -MT"src/Fibo.d" -o "src/Fibo.o" "../src/Fibo.cpp"
Finished building: ../src/Fibo.cpp
 
Building target: Fibo
Invoking: Cross G++ Linker
g++  -o "Fibo"  ./src/Fibo.o   
Finished building target: Fibo
 
22:32:20 **** Incremental Build of configuration Debug for project Fibo ****
make all 
make: Nothing to be done for 'all'.
22:32:54 **** Incremental Build of configuration Debug for project Fibo ****
make all 
Building file: ../src/Fibo.cpp
Invoking: Cross G++ Compiler
g++ -O0 -g3 -Wall -c -fmessage-length=0 -MMD -MP -MF"src/Fibo.d" -MT"src/Fibo.d" -o "src/Fibo.o" "../src/Fibo.cpp"
Finished building: ../src/Fibo.cpp
 
Building target: Fibo
Invoking: Cross G++ Linker
g++  -o "Fibo"  ./src/Fibo.o   
Finished building target: Fibo
 
22:33:06 **** Incremental Build of configuration Debug for project Fibo ****
make all 
Building file: ../src/Fibo.cpp
Invoking: Cross G++ Compiler
g++ -O0 -g3 -Wall -c -fmessage-length=0 -MMD -MP -MF"src/Fibo.d" -MT"src/Fibo.d" -o "src/Fibo.o" "../src/Fibo.cpp"
Finished building: ../src/Fibo.cpp
 
Building target: Fibo
Invoking: Cross G++ Linker
g++  -o "Fibo"  ./src/Fibo.o   
Finished building target: Fibo
 
22:33:08 **** Incremental Build of configuration Debug for project Fibo ****
make all 
make: Nothing to be done for 'all'.
22:33:29 **** Incremental Build of configuration Debug for project Fibo ****
make all 
Building file: ../src/Fibo.cpp
Invoking: Cross G++ Compiler
g++ -O0 -g3 -Wall -c -fmessage-length=0 -MMD -MP -MF"src/Fibo.d" -MT"src/Fibo.d" -o "src/Fibo.o" "../src/Fibo.cpp"
Finished building: ../src/Fibo.cpp
 
Building target: Fibo
Invoking: Cross G++ Linker
g++  -o "Fibo"  ./src/Fibo.o   
Finished building target: Fibo
 
22:33:32 **** Incremental Build of configuration Debug for project Fibo ****
make all 
make: Nothing to be done for 'all'.
22:34:47 **** Incremental Build of configuration Debug for project Fibo ****
make all 
Building file: ../src/Fibo.cpp
Invoking: Cross G++ Compiler
g++ -O0 -g3 -Wall -c -fmessage-length=0 -MMD -MP -MF"src/Fibo.d" -MT"src/Fibo.d" -o "src/Fibo.o" "../src/Fibo.cpp"
../src/Fibo.cpp: In function ‘int fibo_dynprog(int)’:
../src/Fibo.cpp:23:1: warning: no return statement in function returning non-void [-Wreturn-type]
 }
 ^
Finished building: ../src/Fibo.cpp
 
Building target: Fibo
Invoking: Cross G++ Linker
g++  -o "Fibo"  ./src/Fibo.o   
Finished building target: Fibo
 
22:38:22 **** Incremental Build of configuration Debug for project Fibo ****
make all 
Building file: ../src/Fibo.cpp
Invoking: Cross G++ Compiler
g++ -O0 -g3 -Wall -c -fmessage-length=0 -MMD -MP -MF"src/Fibo.d" -MT"src/Fibo.d" -o "src/Fibo.o" "../src/Fibo.cpp"
../src/Fibo.cpp: In function ‘int fibo_dynprog(int)’:
../src/Fibo.cpp:32:1: warning: no return statement in function returning non-void [-Wreturn-type]
 }
 ^
Finished building: ../src/Fibo.cpp
 
Building target: Fibo
Invoking: Cross G++ Linker
g++  -o "Fibo"  ./src/Fibo.o   
Finished building target: Fibo
 
22:39:03 **** Incremental Build of configuration Debug for project Fibo ****
make all 
Building file: ../src/Fibo.cpp
Invoking: Cross G++ Compiler
g++ -O0 -g3 -Wall -c -fmessage-length=0 -MMD -MP -MF"src/Fibo.d" -MT"src/Fibo.d" -o "src/Fibo.o" "../src/Fibo.cpp"
Finished building: ../src/Fibo.cpp
 
Building target: Fibo
Invoking: Cross G++ Linker
g++  -o "Fibo"  ./src/Fibo.o   
Finished building target: Fibo
 
22:39:07 **** Incremental Build of configuration Debug for project Fibo ****
make all 
make: Nothing to be done for 'all'.
22:39:30 **** Incremental Build of configuration Debug for project Fibo ****
make all 
Building file: ../src/Fibo.cpp
Invoking: Cross G++ Compiler
g++ -O0 -g3 -Wall -c -fmessage-length=0 -MMD -MP -MF"src/Fibo.d" -MT"src/Fibo.d" -o "src/Fibo.o" "../src/Fibo.cpp"
Finished building: ../src/Fibo.cpp
 
Building target: Fibo
Invoking: Cross G++ Linker
g++  -o "Fibo"  ./src/Fibo.o   
Finished building target: Fibo
 
22:39:33 **** Incremental Build of configuration Debug for project Fibo ****
make all 
make: Nothing to be done for 'all'.
22:41:35 **** Build of configuration Debug for project Factorial ****
make all 
Building file: ../src/Factorial.cpp
Invoking: Cross G++ Compiler
g++ -O0 -g3 -Wall -c -fmessage-length=0 -MMD -MP -MF"src/Factorial.d" -MT"src/Factorial.d" -o "src/Factorial.o" "../src/Factorial.cpp"
Finished building: ../src/Factorial.cpp
 
Building target: Factorial
Invoking: Cross G++ Linker
g++  -o "Factorial"  ./src/Factorial.o   
Finished building target: Factorial
 
22:41:50 **** Incremental Build of configuration Debug for project Factorial ****
make all 
make: Nothing to be done for 'all'.
22:42:24 **** Incremental Build of configuration Debug for project Factorial ****
make all 
Building file: ../src/main.cpp
Invoking: Cross G++ Compiler
g++ -O0 -g3 -Wall -c -fmessage-length=0 -MMD -MP -MF"src/main.d" -MT"src/main.d" -o "src/main.o" "../src/main.cpp"
Finished building: ../src/main.cpp
 
Building target: Factorial
Invoking: Cross G++ Linker
g++  -o "Factorial"  ./src/main.o   
Finished building target: Factorial
 
22:42:26 **** Incremental Build of configuration Debug for project Factorial ****
make all 
make: Nothing to be done for 'all'.
22:44:20 **** Incremental Build of configuration Debug for project Factorial ****
make all 
Building file: ../src/main.cpp
Invoking: Cross G++ Compiler
g++ -O0 -g3 -Wall -c -fmessage-length=0 -MMD -MP -MF"src/main.d" -MT"src/main.d" -o "src/main.o" "../src/main.cpp"
Finished building: ../src/main.cpp
 
Building target: Factorial
Invoking: Cross G++ Linker
g++  -o "Factorial"  ./src/main.o   
Finished building target: Factorial
 
22:44:41 **** Incremental Build of configuration Debug for project Factorial ****
make all 
Building file: ../src/main.cpp
Invoking: Cross G++ Compiler
g++ -O0 -g3 -Wall -c -fmessage-length=0 -MMD -MP -MF"src/main.d" -MT"src/main.d" -o "src/main.o" "../src/main.cpp"
Finished building: ../src/main.cpp
 
Building target: Factorial
Invoking: Cross G++ Linker
g++  -o "Factorial"  ./src/main.o   
Finished building target: Factorial
 
22:44:43 **** Incremental Build of configuration Debug for project Factorial ****
make all 
make: Nothing to be done for 'all'.
01:04:23 **** Build of configuration Debug for project MergeSort ****
make all 
Building file: ../src/MergeSort.cpp
Invoking: Cross G++ Compiler
g++ -O0 -g3 -Wall -c -fmessage-length=0 -MMD -MP -MF"src/MergeSort.d" -MT"src/MergeSort.d" -o "src/MergeSort.o" "../src/MergeSort.cpp"
../src/MergeSort.cpp: In function ‘void mergesort(int*, int*)’:
../src/MergeSort.cpp:14:36: error: too many arguments to function ‘void mergesort(int*, int*)’
  mergesort(array, SortedArray, 0, 9);
                                    ^
../src/MergeSort.cpp:12:6: note: declared here
 void mergesort(int * array, int * SortedArray)
      ^~~~~~~~~
../src/MergeSort.cpp: In function ‘void mergesort(int*, int*, int, int)’:
../src/MergeSort.cpp:25:52: error: ‘mergehalves’ was not declared in this scope
  mergehalves(array,SortedArray, Leftstart, Rightend);
                                                    ^
../src/MergeSort.cpp: In function ‘void mergehalves(int*, int*, int, int)’:
../src/MergeSort.cpp:32:6: warning: unused variable ‘size’ [-Wunused-variable]
  int size = Rightend - Leftstart;
      ^~~~
../src/MergeSort.cpp: In function ‘int main()’:
../src/MergeSort.cpp:57:6: warning: unused variable ‘array’ [-Wunused-variable]
  int array[10] {3,5,21,8,24,43,31,7, 97, 10};
      ^~~~~
../src/MergeSort.cpp:58:6: warning: unused variable ‘SortedArray’ [-Wunused-variable]
  int SortedArray[10];
      ^~~~~~~~~~~
src/subdir.mk:18: recipe for target 'src/MergeSort.o' failed
make: *** [src/MergeSort.o] Error 1
01:04:39 **** Incremental Build of configuration Debug for project MergeSort ****
make all 
Building file: ../src/MergeSort.cpp
Invoking: Cross G++ Compiler
g++ -O0 -g3 -Wall -c -fmessage-length=0 -MMD -MP -MF"src/MergeSort.d" -MT"src/MergeSort.d" -o "src/MergeSort.o" "../src/MergeSort.cpp"
../src/MergeSort.cpp: In function ‘void mergesort(int*, int*)’:
../src/MergeSort.cpp:14:36: error: too many arguments to function ‘void mergesort(int*, int*)’
  mergesort(array, SortedArray, 0, 9);
                                    ^
../src/MergeSort.cpp:12:6: note: declared here
 void mergesort(int * array, int * SortedArray)
      ^~~~~~~~~
../src/MergeSort.cpp: In function ‘void mergesort(int*, int*, int, int)’:
../src/MergeSort.cpp:25:53: error: ‘mergehalves’ was not declared in this scope
  mergehalves(array, SortedArray, Leftstart, Rightend);
                                                     ^
../src/MergeSort.cpp: In function ‘void mergehalves(int*, int*, int, int)’:
../src/MergeSort.cpp:32:6: warning: unused variable ‘size’ [-Wunused-variable]
  int size = Rightend - Leftstart;
      ^~~~
../src/MergeSort.cpp: In function ‘int main()’:
../src/MergeSort.cpp:57:6: warning: unused variable ‘array’ [-Wunused-variable]
  int array[10] {3,5,21,8,24,43,31,7, 97, 10};
      ^~~~~
../src/MergeSort.cpp:58:6: warning: unused variable ‘SortedArray’ [-Wunused-variable]
  int SortedArray[10];
      ^~~~~~~~~~~
src/subdir.mk:18: recipe for target 'src/MergeSort.o' failed
make: *** [src/MergeSort.o] Error 1
01:05:09 **** Incremental Build of configuration Debug for project MergeSort ****
make all 
Building file: ../src/MergeSort.cpp
Invoking: Cross G++ Compiler
g++ -O0 -g3 -Wall -c -fmessage-length=0 -MMD -MP -MF"src/MergeSort.d" -MT"src/MergeSort.d" -o "src/MergeSort.o" "../src/MergeSort.cpp"
../src/MergeSort.cpp: In function ‘void mergehalves(int*, int*, int, int)’:
../src/MergeSort.cpp:35:6: warning: unused variable ‘size’ [-Wunused-variable]
  int size = Rightend - Leftstart;
      ^~~~
../src/MergeSort.cpp: In function ‘int main()’:
../src/MergeSort.cpp:60:6: warning: unused variable ‘array’ [-Wunused-variable]
  int array[10] {3,5,21,8,24,43,31,7, 97, 10};
      ^~~~~
../src/MergeSort.cpp:61:6: warning: unused variable ‘SortedArray’ [-Wunused-variable]
  int SortedArray[10];
      ^~~~~~~~~~~
Finished building: ../src/MergeSort.cpp
 
Building target: MergeSort
Invoking: Cross G++ Linker
g++  -o "MergeSort"  ./src/MergeSort.o   
Finished building target: MergeSort
 
01:07:49 **** Incremental Build of configuration Debug for project MergeSort ****
make all 
Building file: ../src/MergeSort.cpp
Invoking: Cross G++ Compiler
g++ -O0 -g3 -Wall -c -fmessage-length=0 -MMD -MP -MF"src/MergeSort.d" -MT"src/MergeSort.d" -o "src/MergeSort.o" "../src/MergeSort.cpp"
../src/MergeSort.cpp: In function ‘int main()’:
../src/MergeSort.cpp:60:6: warning: unused variable ‘array’ [-Wunused-variable]
  int array[10] {3,5,21,8,24,43,31,7, 97, 10};
      ^~~~~
../src/MergeSort.cpp:61:6: warning: unused variable ‘SortedArray’ [-Wunused-variable]
  int SortedArray[10];
      ^~~~~~~~~~~
Finished building: ../src/MergeSort.cpp
 
Building target: MergeSort
Invoking: Cross G++ Linker
g++  -o "MergeSort"  ./src/MergeSort.o   
Finished building target: MergeSort
 
01:08:19 **** Incremental Build of configuration Debug for project MergeSort ****
make all 
Building file: ../src/MergeSort.cpp
Invoking: Cross G++ Compiler
g++ -O0 -g3 -Wall -c -fmessage-length=0 -MMD -MP -MF"src/MergeSort.d" -MT"src/MergeSort.d" -o "src/MergeSort.o" "../src/MergeSort.cpp"
Finished building: ../src/MergeSort.cpp
 
Building target: MergeSort
Invoking: Cross G++ Linker
g++  -o "MergeSort"  ./src/MergeSort.o   
Finished building target: MergeSort
 
01:09:04 **** Incremental Build of configuration Debug for project MergeSort ****
make all 
Building file: ../src/MergeSort.cpp
Invoking: Cross G++ Compiler
g++ -O0 -g3 -Wall -c -fmessage-length=0 -MMD -MP -MF"src/MergeSort.d" -MT"src/MergeSort.d" -o "src/MergeSort.o" "../src/MergeSort.cpp"
Finished building: ../src/MergeSort.cpp
 
Building target: MergeSort
Invoking: Cross G++ Linker
g++  -o "MergeSort"  ./src/MergeSort.o   
Finished building target: MergeSort
 
01:09:16 **** Incremental Build of configuration Debug for project MergeSort ****
make all 
make: Nothing to be done for 'all'.
18:33:08 **** Build of configuration Debug for project Mergesort ****
make all 
Building file: ../src/Mergesort.cpp
Invoking: Cross G++ Compiler
g++ -O0 -g3 -Wall -c -fmessage-length=0 -MMD -MP -MF"src/Mergesort.d" -MT"src/Mergesort.d" -o "src/Mergesort.o" "../src/Mergesort.cpp"
Finished building: ../src/Mergesort.cpp
 
Building target: Mergesort
Invoking: Cross G++ Linker
g++  -o "Mergesort"  ./src/Mergesort.o   
Finished building target: Mergesort
 
18:34:40 **** Incremental Build of configuration Debug for project Mergesort ****
make all 
Building file: ../src/Mergesort.cpp
Invoking: Cross G++ Compiler
g++ -O0 -g3 -Wall -c -fmessage-length=0 -MMD -MP -MF"src/Mergesort.d" -MT"src/Mergesort.d" -o "src/Mergesort.o" "../src/Mergesort.cpp"
Finished building: ../src/Mergesort.cpp
 
Building target: Mergesort
Invoking: Cross G++ Linker
g++  -o "Mergesort"  ./src/Mergesort.o   
Finished building target: Mergesort
 
18:34:53 **** Incremental Build of configuration Debug for project Mergesort ****
make all 
make: Nothing to be done for 'all'.
19:24:23 **** Incremental Build of configuration Debug for project Mergesort ****
make all 
Building file: ../src/Mergesort.cpp
Invoking: Cross G++ Compiler
g++ -O0 -g3 -Wall -c -fmessage-length=0 -MMD -MP -MF"src/Mergesort.d" -MT"src/Mergesort.d" -o "src/Mergesort.o" "../src/Mergesort.cpp"
Finished building: ../src/Mergesort.cpp
 
Building target: Mergesort
Invoking: Cross G++ Linker
g++  -o "Mergesort"  ./src/Mergesort.o   
Finished building target: Mergesort
 
19:24:28 **** Incremental Build of configuration Debug for project Mergesort ****
make all 
make: Nothing to be done for 'all'.
19:25:20 **** Incremental Build of configuration Debug for project Mergesort ****
make all 
Building file: ../src/Mergesort.cpp
Invoking: Cross G++ Compiler
g++ -O0 -g3 -Wall -c -fmessage-length=0 -MMD -MP -MF"src/Mergesort.d" -MT"src/Mergesort.d" -o "src/Mergesort.o" "../src/Mergesort.cpp"
Finished building: ../src/Mergesort.cpp
 
Building target: Mergesort
Invoking: Cross G++ Linker
g++  -o "Mergesort"  ./src/Mergesort.o   
Finished building target: Mergesort
 
19:25:22 **** Incremental Build of configuration Debug for project Mergesort ****
make all 
make: Nothing to be done for 'all'.
19:25:36 **** Incremental Build of configuration Debug for project Mergesort ****
make all 
Building file: ../src/Mergesort.cpp
Invoking: Cross G++ Compiler
g++ -O0 -g3 -Wall -c -fmessage-length=0 -MMD -MP -MF"src/Mergesort.d" -MT"src/Mergesort.d" -o "src/Mergesort.o" "../src/Mergesort.cpp"
Finished building: ../src/Mergesort.cpp
 
Building target: Mergesort
Invoking: Cross G++ Linker
g++  -o "Mergesort"  ./src/Mergesort.o   
Finished building target: Mergesort
 
19:25:38 **** Incremental Build of configuration Debug for project Mergesort ****
make all 
make: Nothing to be done for 'all'.
19:27:31 **** Incremental Build of configuration Debug for project Mergesort ****
make all 
Building file: ../src/Mergesort.cpp
Invoking: Cross G++ Compiler
g++ -O0 -g3 -Wall -c -fmessage-length=0 -MMD -MP -MF"src/Mergesort.d" -MT"src/Mergesort.d" -o "src/Mergesort.o" "../src/Mergesort.cpp"
Finished building: ../src/Mergesort.cpp
 
Building target: Mergesort
Invoking: Cross G++ Linker
g++  -o "Mergesort"  ./src/Mergesort.o   
Finished building target: Mergesort
 
19:27:34 **** Incremental Build of configuration Debug for project Mergesort ****
make all 
make: Nothing to be done for 'all'.
19:28:56 **** Incremental Build of configuration Debug for project Mergesort ****
make all 
make: Nothing to be done for 'all'.
19:29:01 **** Incremental Build of configuration Debug for project Mergesort ****
make all 
Building file: ../src/Mergesort.cpp
Invoking: Cross G++ Compiler
g++ -O0 -g3 -Wall -c -fmessage-length=0 -MMD -MP -MF"src/Mergesort.d" -MT"src/Mergesort.d" -o "src/Mergesort.o" "../src/Mergesort.cpp"
Finished building: ../src/Mergesort.cpp
 
Building target: Mergesort
Invoking: Cross G++ Linker
g++  -o "Mergesort"  ./src/Mergesort.o   
Finished building target: Mergesort
 
19:29:02 **** Incremental Build of configuration Debug for project Mergesort ****
make all 
make: Nothing to be done for 'all'.
22:14:16 **** Incremental Build of configuration Debug for project Mergesort ****
make all 
Building file: ../src/Mergesort.cpp
Invoking: Cross G++ Compiler
g++ -O0 -g3 -Wall -c -fmessage-length=0 -MMD -MP -MF"src/Mergesort.d" -MT"src/Mergesort.d" -o "src/Mergesort.o" "../src/Mergesort.cpp"
Finished building: ../src/Mergesort.cpp
 
Building target: Mergesort
Invoking: Cross G++ Linker
g++  -o "Mergesort"  ./src/Mergesort.o   
Finished building target: Mergesort
 
22:14:21 **** Incremental Build of configuration Debug for project Mergesort ****
make all 
make: Nothing to be done for 'all'.
22:14:55 **** Incremental Build of configuration Debug for project Mergesort ****
make all 
Building file: ../src/Mergesort.cpp
Invoking: Cross G++ Compiler
g++ -O0 -g3 -Wall -c -fmessage-length=0 -MMD -MP -MF"src/Mergesort.d" -MT"src/Mergesort.d" -o "src/Mergesort.o" "../src/Mergesort.cpp"
Finished building: ../src/Mergesort.cpp
 
Building target: Mergesort
Invoking: Cross G++ Linker
g++  -o "Mergesort"  ./src/Mergesort.o   
Finished building target: Mergesort
 
22:14:57 **** Incremental Build of configuration Debug for project Mergesort ****
make all 
make: Nothing to be done for 'all'.
22:15:12 **** Incremental Build of configuration Debug for project Mergesort ****
make all 
Building file: ../src/Mergesort.cpp
Invoking: Cross G++ Compiler
g++ -O0 -g3 -Wall -c -fmessage-length=0 -MMD -MP -MF"src/Mergesort.d" -MT"src/Mergesort.d" -o "src/Mergesort.o" "../src/Mergesort.cpp"
Finished building: ../src/Mergesort.cpp
 
Building target: Mergesort
Invoking: Cross G++ Linker
g++  -o "Mergesort"  ./src/Mergesort.o   
Finished building target: Mergesort
 
22:15:14 **** Incremental Build of configuration Debug for project Mergesort ****
make all 
make: Nothing to be done for 'all'.
22:15:30 **** Incremental Build of configuration Debug for project Mergesort ****
make all 
Building file: ../src/Mergesort.cpp
Invoking: Cross G++ Compiler
g++ -O0 -g3 -Wall -c -fmessage-length=0 -MMD -MP -MF"src/Mergesort.d" -MT"src/Mergesort.d" -o "src/Mergesort.o" "../src/Mergesort.cpp"
Finished building: ../src/Mergesort.cpp
 
Building target: Mergesort
Invoking: Cross G++ Linker
g++  -o "Mergesort"  ./src/Mergesort.o   
Finished building target: Mergesort
 
22:15:32 **** Incremental Build of configuration Debug for project Mergesort ****
make all 
make: Nothing to be done for 'all'.
22:17:53 **** Incremental Build of configuration Debug for project Mergesort ****
make all 
Building file: ../src/Mergesort.cpp
Invoking: Cross G++ Compiler
g++ -O0 -g3 -Wall -c -fmessage-length=0 -MMD -MP -MF"src/Mergesort.d" -MT"src/Mergesort.d" -o "src/Mergesort.o" "../src/Mergesort.cpp"
Finished building: ../src/Mergesort.cpp
 
Building target: Mergesort
Invoking: Cross G++ Linker
g++  -o "Mergesort"  ./src/Mergesort.o   
Finished building target: Mergesort
 
22:17:57 **** Incremental Build of configuration Debug for project Mergesort ****
make all 
make: Nothing to be done for 'all'.
22:18:22 **** Incremental Build of configuration Debug for project Mergesort ****
make all 
Building file: ../src/Mergesort.cpp
Invoking: Cross G++ Compiler
g++ -O0 -g3 -Wall -c -fmessage-length=0 -MMD -MP -MF"src/Mergesort.d" -MT"src/Mergesort.d" -o "src/Mergesort.o" "../src/Mergesort.cpp"
Finished building: ../src/Mergesort.cpp
 
Building target: Mergesort
Invoking: Cross G++ Linker
g++  -o "Mergesort"  ./src/Mergesort.o   
Finished building target: Mergesort
 
22:18:23 **** Incremental Build of configuration Debug for project Mergesort ****
make all 
make: Nothing to be done for 'all'.
22:18:58 **** Incremental Build of configuration Debug for project Mergesort ****
make all 
Building file: ../src/Mergesort.cpp
Invoking: Cross G++ Compiler
g++ -O0 -g3 -Wall -c -fmessage-length=0 -MMD -MP -MF"src/Mergesort.d" -MT"src/Mergesort.d" -o "src/Mergesort.o" "../src/Mergesort.cpp"
Finished building: ../src/Mergesort.cpp
 
Building target: Mergesort
Invoking: Cross G++ Linker
g++  -o "Mergesort"  ./src/Mergesort.o   
Finished building target: Mergesort
 
22:19:01 **** Incremental Build of configuration Debug for project Mergesort ****
make all 
make: Nothing to be done for 'all'.
22:19:13 **** Incremental Build of configuration Debug for project Mergesort ****
make all 
Building file: ../src/Mergesort.cpp
Invoking: Cross G++ Compiler
g++ -O0 -g3 -Wall -c -fmessage-length=0 -MMD -MP -MF"src/Mergesort.d" -MT"src/Mergesort.d" -o "src/Mergesort.o" "../src/Mergesort.cpp"
Finished building: ../src/Mergesort.cpp
 
Building target: Mergesort
Invoking: Cross G++ Linker
g++  -o "Mergesort"  ./src/Mergesort.o   
Finished building target: Mergesort
 
22:19:16 **** Incremental Build of configuration Debug for project Mergesort ****
make all 
make: Nothing to be done for 'all'.
22:19:40 **** Incremental Build of configuration Debug for project Mergesort ****
make all 
Building file: ../src/Mergesort.cpp
Invoking: Cross G++ Compiler
g++ -O0 -g3 -Wall -c -fmessage-length=0 -MMD -MP -MF"src/Mergesort.d" -MT"src/Mergesort.d" -o "src/Mergesort.o" "../src/Mergesort.cpp"
Finished building: ../src/Mergesort.cpp
 
Building target: Mergesort
Invoking: Cross G++ Linker
g++  -o "Mergesort"  ./src/Mergesort.o   
Finished building target: Mergesort
 
22:19:42 **** Incremental Build of configuration Debug for project Mergesort ****
make all 
make: Nothing to be done for 'all'.
22:20:09 **** Incremental Build of configuration Debug for project Mergesort ****
make all 
Building file: ../src/Mergesort.cpp
Invoking: Cross G++ Compiler
g++ -O0 -g3 -Wall -c -fmessage-length=0 -MMD -MP -MF"src/Mergesort.d" -MT"src/Mergesort.d" -o "src/Mergesort.o" "../src/Mergesort.cpp"
Finished building: ../src/Mergesort.cpp
 
Building target: Mergesort
Invoking: Cross G++ Linker
g++  -o "Mergesort"  ./src/Mergesort.o   
Finished building target: Mergesort
 
22:20:11 **** Incremental Build of configuration Debug for project Mergesort ****
make all 
make: Nothing to be done for 'all'.
22:20:44 **** Incremental Build of configuration Debug for project Mergesort ****
make all 
Building file: ../src/Mergesort.cpp
Invoking: Cross G++ Compiler
g++ -O0 -g3 -Wall -c -fmessage-length=0 -MMD -MP -MF"src/Mergesort.d" -MT"src/Mergesort.d" -o "src/Mergesort.o" "../src/Mergesort.cpp"
Finished building: ../src/Mergesort.cpp
 
Building target: Mergesort
Invoking: Cross G++ Linker
g++  -o "Mergesort"  ./src/Mergesort.o   
Finished building target: Mergesort
 
22:20:46 **** Incremental Build of configuration Debug for project Mergesort ****
make all 
make: Nothing to be done for 'all'.
22:23:09 **** Incremental Build of configuration Debug for project Mergesort ****
make all 
Building file: ../src/Mergesort.cpp
Invoking: Cross G++ Compiler
g++ -O0 -g3 -Wall -c -fmessage-length=0 -MMD -MP -MF"src/Mergesort.d" -MT"src/Mergesort.d" -o "src/Mergesort.o" "../src/Mergesort.cpp"
Finished building: ../src/Mergesort.cpp
 
Building target: Mergesort
Invoking: Cross G++ Linker
g++  -o "Mergesort"  ./src/Mergesort.o   
Finished building target: Mergesort
 
22:23:11 **** Incremental Build of configuration Debug for project Mergesort ****
make all 
make: Nothing to be done for 'all'.
23:57:45 **** Build of configuration Debug for project VirtualFunction ****
make all 
Building file: ../src/VirtualFunction.cpp
Invoking: Cross G++ Compiler
g++ -O0 -g3 -Wall -c -fmessage-length=0 -MMD -MP -MF"src/VirtualFunction.d" -MT"src/VirtualFunction.d" -o "src/VirtualFunction.o" "../src/VirtualFunction.cpp"
../src/VirtualFunction.cpp:33:2: error: ‘n’ does not name a type
  n->
  ^
src/subdir.mk:18: recipe for target 'src/VirtualFunction.o' failed
make: *** [src/VirtualFunction.o] Error 1
23:58:18 **** Incremental Build of configuration Debug for project VirtualFunction ****
make all 
Building file: ../src/VirtualFunction.cpp
Invoking: Cross G++ Compiler
g++ -O0 -g3 -Wall -c -fmessage-length=0 -MMD -MP -MF"src/VirtualFunction.d" -MT"src/VirtualFunction.d" -o "src/VirtualFunction.o" "../src/VirtualFunction.cpp"
../src/VirtualFunction.cpp:33:2: error: ‘n’ does not name a type
  n->AboutMe();
  ^
make: *** [src/VirtualFunction.o] Error 1
src/subdir.mk:18: recipe for target 'src/VirtualFunction.o' failed
00:01:02 **** Incremental Build of configuration Debug for project VirtualFunction ****
make all 
Building file: ../src/VirtualFunction.cpp
Invoking: Cross G++ Compiler
g++ -O0 -g3 -Wall -c -fmessage-length=0 -MMD -MP -MF"src/VirtualFunction.d" -MT"src/VirtualFunction.d" -o "src/VirtualFunction.o" "../src/VirtualFunction.cpp"
Finished building: ../src/VirtualFunction.cpp
 
Building target: VirtualFunction
Invoking: Cross G++ Linker
g++  -o "VirtualFunction"  ./src/VirtualFunction.o   
Finished building target: VirtualFunction
 
00:23:35 **** Incremental Build of configuration Debug for project VirtualFunction ****
make all 
Building file: ../src/VirtualFunction.cpp
Invoking: Cross G++ Compiler
g++ -O0 -g3 -Wall -c -fmessage-length=0 -MMD -MP -MF"src/VirtualFunction.d" -MT"src/VirtualFunction.d" -o "src/VirtualFunction.o" "../src/VirtualFunction.cpp"
Finished building: ../src/VirtualFunction.cpp
 
Building target: VirtualFunction
Invoking: Cross G++ Linker
g++  -o "VirtualFunction"  ./src/VirtualFunction.o   
Finished building target: VirtualFunction
 
00:23:52 **** Incremental Build of configuration Debug for project VirtualFunction ****
make all 
Building file: ../src/VirtualFunction.cpp
Invoking: Cross G++ Compiler
g++ -O0 -g3 -Wall -c -fmessage-length=0 -MMD -MP -MF"src/VirtualFunction.d" -MT"src/VirtualFunction.d" -o "src/VirtualFunction.o" "../src/VirtualFunction.cpp"
Finished building: ../src/VirtualFunction.cpp
 
Building target: VirtualFunction
Invoking: Cross G++ Linker
g++  -o "VirtualFunction"  ./src/VirtualFunction.o   
Finished building target: VirtualFunction
 
00:24:04 **** Incremental Build of configuration Debug for project VirtualFunction ****
make all 
Building file: ../src/VirtualFunction.cpp
Invoking: Cross G++ Compiler
g++ -O0 -g3 -Wall -c -fmessage-length=0 -MMD -MP -MF"src/VirtualFunction.d" -MT"src/VirtualFunction.d" -o "src/VirtualFunction.o" "../src/VirtualFunction.cpp"
../src/VirtualFunction.cpp: In function ‘int main()’:
../src/VirtualFunction.cpp:46:28: error: ‘Person’ is an inaccessible base of ‘student’
  Person * n2 = new student();
                            ^
make: *** [src/VirtualFunction.o] Error 1
src/subdir.mk:18: recipe for target 'src/VirtualFunction.o' failed
00:24:06 **** Incremental Build of configuration Debug for project VirtualFunction ****
make all 
Building file: ../src/VirtualFunction.cpp
Invoking: Cross G++ Compiler
g++ -O0 -g3 -Wall -c -fmessage-length=0 -MMD -MP -MF"src/VirtualFunction.d" -MT"src/VirtualFunction.d" -o "src/VirtualFunction.o" "../src/VirtualFunction.cpp"
../src/VirtualFunction.cpp: In function ‘int main()’:
../src/VirtualFunction.cpp:46:28: error: ‘Person’ is an inaccessible base of ‘student’
  Person * n2 = new student();
                            ^
src/subdir.mk:18: recipe for target 'src/VirtualFunction.o' failed
make: *** [src/VirtualFunction.o] Error 1
00:24:51 **** Incremental Build of configuration Debug for project VirtualFunction ****
make all 
Building file: ../src/VirtualFunction.cpp
Invoking: Cross G++ Compiler
g++ -O0 -g3 -Wall -c -fmessage-length=0 -MMD -MP -MF"src/VirtualFunction.d" -MT"src/VirtualFunction.d" -o "src/VirtualFunction.o" "../src/VirtualFunction.cpp"
../src/VirtualFunction.cpp: In function ‘int main()’:
../src/VirtualFunction.cpp:46:28: error: ‘Person’ is an inaccessible base of ‘student’
  Person * n2 = new student();
                            ^
src/subdir.mk:18: recipe for target 'src/VirtualFunction.o' failed
make: *** [src/VirtualFunction.o] Error 1
00:25:15 **** Incremental Build of configuration Debug for project VirtualFunction ****
make all 
Building file: ../src/VirtualFunction.cpp
Invoking: Cross G++ Compiler
g++ -O0 -g3 -Wall -c -fmessage-length=0 -MMD -MP -MF"src/VirtualFunction.d" -MT"src/VirtualFunction.d" -o "src/VirtualFunction.o" "../src/VirtualFunction.cpp"
../src/VirtualFunction.cpp: In function ‘int main()’:
../src/VirtualFunction.cpp:46:28: error: ‘Person’ is an inaccessible base of ‘student’
  Person * n2 = new student();
                            ^
src/subdir.mk:18: recipe for target 'src/VirtualFunction.o' failed
make: *** [src/VirtualFunction.o] Error 1
00:25:55 **** Incremental Build of configuration Debug for project VirtualFunction ****
make all 
Building file: ../src/VirtualFunction.cpp
Invoking: Cross G++ Compiler
g++ -O0 -g3 -Wall -c -fmessage-length=0 -MMD -MP -MF"src/VirtualFunction.d" -MT"src/VirtualFunction.d" -o "src/VirtualFunction.o" "../src/VirtualFunction.cpp"
../src/VirtualFunction.cpp: In function ‘int main()’:
../src/VirtualFunction.cpp:46:28: error: ‘Person’ is an inaccessible base of ‘student’
  Person * n2 = new student();
                            ^
src/subdir.mk:18: recipe for target 'src/VirtualFunction.o' failed
make: *** [src/VirtualFunction.o] Error 1
00:28:05 **** Incremental Build of configuration Debug for project VirtualFunction ****
make all 
Building file: ../src/VirtualFunction.cpp
Invoking: Cross G++ Compiler
g++ -O0 -g3 -Wall -c -fmessage-length=0 -MMD -MP -MF"src/VirtualFunction.d" -MT"src/VirtualFunction.d" -o "src/VirtualFunction.o" "../src/VirtualFunction.cpp"
Finished building: ../src/VirtualFunction.cpp
 
Building target: VirtualFunction
Invoking: Cross G++ Linker
g++  -o "VirtualFunction"  ./src/VirtualFunction.o   
Finished building target: VirtualFunction
 
00:28:14 **** Incremental Build of configuration Debug for project VirtualFunction ****
make all 
make: Nothing to be done for 'all'.
00:57:13 **** Incremental Build of configuration Debug for project VirtualFunction ****
make all 
Building file: ../src/VirtualFunction.cpp
Invoking: Cross G++ Compiler
g++ -O0 -g3 -Wall -c -fmessage-length=0 -MMD -MP -MF"src/VirtualFunction.d" -MT"src/VirtualFunction.d" -o "src/VirtualFunction.o" "../src/VirtualFunction.cpp"
Finished building: ../src/VirtualFunction.cpp
 
Building target: VirtualFunction
Invoking: Cross G++ Linker
g++  -o "VirtualFunction"  ./src/VirtualFunction.o   
Finished building target: VirtualFunction
 
00:57:17 **** Incremental Build of configuration Debug for project VirtualFunction ****
make all 
make: Nothing to be done for 'all'.
00:57:46 **** Incremental Build of configuration Debug for project VirtualFunction ****
make all 
Building file: ../src/VirtualFunction.cpp
Invoking: Cross G++ Compiler
g++ -O0 -g3 -Wall -c -fmessage-length=0 -MMD -MP -MF"src/VirtualFunction.d" -MT"src/VirtualFunction.d" -o "src/VirtualFunction.o" "../src/VirtualFunction.cpp"
Finished building: ../src/VirtualFunction.cpp
 
Building target: VirtualFunction
Invoking: Cross G++ Linker
g++  -o "VirtualFunction"  ./src/VirtualFunction.o   
Finished building target: VirtualFunction
 
00:57:50 **** Incremental Build of configuration Debug for project VirtualFunction ****
make all 
make: Nothing to be done for 'all'.
00:58:13 **** Incremental Build of configuration Debug for project VirtualFunction ****
make all 
Building file: ../src/VirtualFunction.cpp
Invoking: Cross G++ Compiler
g++ -O0 -g3 -Wall -c -fmessage-length=0 -MMD -MP -MF"src/VirtualFunction.d" -MT"src/VirtualFunction.d" -o "src/VirtualFunction.o" "../src/VirtualFunction.cpp"
Finished building: ../src/VirtualFunction.cpp
 
Building target: VirtualFunction
Invoking: Cross G++ Linker
g++  -o "VirtualFunction"  ./src/VirtualFunction.o   
Finished building target: VirtualFunction
 
00:58:15 **** Incremental Build of configuration Debug for project VirtualFunction ****
make all 
make: Nothing to be done for 'all'.
00:58:29 **** Incremental Build of configuration Debug for project VirtualFunction ****
make all 
Building file: ../src/VirtualFunction.cpp
Invoking: Cross G++ Compiler
g++ -O0 -g3 -Wall -c -fmessage-length=0 -MMD -MP -MF"src/VirtualFunction.d" -MT"src/VirtualFunction.d" -o "src/VirtualFunction.o" "../src/VirtualFunction.cpp"
Finished building: ../src/VirtualFunction.cpp
 
Building target: VirtualFunction
Invoking: Cross G++ Linker
g++  -o "VirtualFunction"  ./src/VirtualFunction.o   
Finished building target: VirtualFunction
 
00:58:31 **** Incremental Build of configuration Debug for project VirtualFunction ****
make all 
make: Nothing to be done for 'all'.
13:56:49 **** Build of configuration Debug for project Q1.1 ****
make all 
Building file: ../src/main.cpp
Invoking: Cross G++ Compiler
g++ -O0 -g3 -Wall -c -fmessage-length=0 -MMD -MP -MF"src/main.d" -MT"src/main.d" -o "src/main.o" "../src/main.cpp"
../src/main.cpp: In function ‘bool IsCharUnique(std::__cxx11::string)’:
../src/main.cpp:18:19: error: no match for ‘operator=’ (operand types are ‘std::map<char, int>::iterator {aka std::_Rb_tree_iterator<std::pair<const char, int> >}’ and ‘std::__cxx11::basic_string<char>::iterator {aka __gnu_cxx::__normal_iterator<char*, std::__cxx11::basic_string<char> >}’)
  for(it = S.begin(); it != S.end(); it++)
                   ^
In file included from /usr/include/c++/6/map:60:0,
                 from ../src/main.cpp:10:
/usr/include/c++/6/bits/stl_tree.h:178:12: note: candidate: constexpr std::_Rb_tree_iterator<std::pair<const char, int> >& std::_Rb_tree_iterator<std::pair<const char, int> >::operator=(const std::_Rb_tree_iterator<std::pair<const char, int> >&)
     struct _Rb_tree_iterator
            ^~~~~~~~~~~~~~~~~
/usr/include/c++/6/bits/stl_tree.h:178:12: note:   no known conversion for argument 1 from ‘std::__cxx11::basic_string<char>::iterator {aka __gnu_cxx::__normal_iterator<char*, std::__cxx11::basic_string<char> >}’ to ‘const std::_Rb_tree_iterator<std::pair<const char, int> >&’
/usr/include/c++/6/bits/stl_tree.h:178:12: note: candidate: constexpr std::_Rb_tree_iterator<std::pair<const char, int> >& std::_Rb_tree_iterator<std::pair<const char, int> >::operator=(std::_Rb_tree_iterator<std::pair<const char, int> >&&)
/usr/include/c++/6/bits/stl_tree.h:178:12: note:   no known conversion for argument 1 from ‘std::__cxx11::basic_string<char>::iterator {aka __gnu_cxx::__normal_iterator<char*, std::__cxx11::basic_string<char> >}’ to ‘std::_Rb_tree_iterator<std::pair<const char, int> >&&’
../src/main.cpp:18:25: error: no match for ‘operator!=’ (operand types are ‘std::map<char, int>::iterator {aka std::_Rb_tree_iterator<std::pair<const char, int> >}’ and ‘std::__cxx11::basic_string<char>::iterator {aka __gnu_cxx::__normal_iterator<char*, std::__cxx11::basic_string<char> >}’)
  for(it = S.begin(); it != S.end(); it++)
                      ~~~^~~~~~~~~~
In file included from /usr/include/c++/6/map:60:0,
                 from ../src/main.cpp:10:
/usr/include/c++/6/bits/stl_tree.h:241:7: note: candidate: bool std::_Rb_tree_iterator<_Tp>::operator!=(const _Self&) const [with _Tp = std::pair<const char, int>; std::_Rb_tree_iterator<_Tp>::_Self = std::_Rb_tree_iterator<std::pair<const char, int> >]
       operator!=(const _Self& __x) const _GLIBCXX_NOEXCEPT
       ^~~~~~~~
/usr/include/c++/6/bits/stl_tree.h:241:7: note:   no known conversion for argument 1 from ‘std::__cxx11::basic_string<char>::iterator {aka __gnu_cxx::__normal_iterator<char*, std::__cxx11::basic_string<char> >}’ to ‘const _Self& {aka const std::_Rb_tree_iterator<std::pair<const char, int> >&}’
In file included from /usr/include/c++/6/iosfwd:40:0,
                 from /usr/include/c++/6/ios:38,
                 from /usr/include/c++/6/ostream:38,
                 from /usr/include/c++/6/iostream:39,
                 from ../src/main.cpp:9:
/usr/include/c++/6/bits/postypes.h:221:5: note: candidate: template<class _StateT> bool std::operator!=(const std::fpos<_StateT>&, const std::fpos<_StateT>&)
     operator!=(const fpos<_StateT>& __lhs, const fpos<_StateT>& __rhs)
     ^~~~~~~~
/usr/include/c++/6/bits/postypes.h:221:5: note:   template argument deduction/substitution failed:
../src/main.cpp:18:34: note:   ‘std::map<char, int>::iterator {aka std::_Rb_tree_iterator<std::pair<const char, int> >}’ is not derived from ‘const std::fpos<_StateT>’
  for(it = S.begin(); it != S.end(); it++)
                                  ^
In file included from /usr/include/c++/6/bits/stl_algobase.h:64:0,
                 from /usr/include/c++/6/bits/char_traits.h:39,
                 from /usr/include/c++/6/ios:40,
                 from /usr/include/c++/6/ostream:38,
                 from /usr/include/c++/6/iostream:39,
                 from ../src/main.cpp:9:
/usr/include/c++/6/bits/stl_pair.h:444:5: note: candidate: template<class _T1, class _T2> constexpr bool std::operator!=(const std::pair<_T1, _T2>&, const std::pair<_T1, _T2>&)
     operator!=(const pair<_T1, _T2>& __x, const pair<_T1, _T2>& __y)
     ^~~~~~~~
/usr/include/c++/6/bits/stl_pair.h:444:5: note:   template argument deduction/substitution failed:
../src/main.cpp:18:34: note:   ‘std::map<char, int>::iterator {aka std::_Rb_tree_iterator<std::pair<const char, int> >}’ is not derived from ‘const std::pair<_T1, _T2>’
  for(it = S.begin(); it != S.end(); it++)
                                  ^
In file included from /usr/include/c++/6/bits/stl_algobase.h:67:0,
                 from /usr/include/c++/6/bits/char_traits.h:39,
                 from /usr/include/c++/6/ios:40,
                 from /usr/include/c++/6/ostream:38,
                 from /usr/include/c++/6/iostream:39,
                 from ../src/main.cpp:9:
/usr/include/c++/6/bits/stl_iterator.h:304:5: note: candidate: template<class _Iterator> bool std::operator!=(const std::reverse_iterator<_Iterator>&, const std::reverse_iterator<_Iterator>&)
     operator!=(const reverse_iterator<_Iterator>& __x,
     ^~~~~~~~
/usr/include/c++/6/bits/stl_iterator.h:304:5: note:   template argument deduction/substitution failed:
../src/main.cpp:18:34: note:   ‘std::map<char, int>::iterator {aka std::_Rb_tree_iterator<std::pair<const char, int> >}’ is not derived from ‘const std::reverse_iterator<_Iterator>’
  for(it = S.begin(); it != S.end(); it++)
                                  ^
In file included from /usr/include/c++/6/bits/stl_algobase.h:67:0,
                 from /usr/include/c++/6/bits/char_traits.h:39,
                 from /usr/include/c++/6/ios:40,
                 from /usr/include/c++/6/ostream:38,
                 from /usr/include/c++/6/iostream:39,
                 from ../src/main.cpp:9:
/usr/include/c++/6/bits/stl_iterator.h:361:5: note: candidate: template<class _IteratorL, class _IteratorR> bool std::operator!=(const std::reverse_iterator<_Iterator>&, const std::reverse_iterator<_IteratorR>&)
     operator!=(const reverse_iterator<_IteratorL>& __x,
     ^~~~~~~~
/usr/include/c++/6/bits/stl_iterator.h:361:5: note:   template argument deduction/substitution failed:
../src/main.cpp:18:34: note:   ‘std::map<char, int>::iterator {aka std::_Rb_tree_iterator<std::pair<const char, int> >}’ is not derived from ‘const std::reverse_iterator<_Iterator>’
  for(it = S.begin(); it != S.end(); it++)
                                  ^
In file included from /usr/include/c++/6/bits/stl_algobase.h:67:0,
                 from /usr/include/c++/6/bits/char_traits.h:39,
                 from /usr/include/c++/6/ios:40,
                 from /usr/include/c++/6/ostream:38,
                 from /usr/include/c++/6/iostream:39,
                 from ../src/main.cpp:9:
/usr/include/c++/6/bits/stl_iterator.h:1125:5: note: candidate: template<class _IteratorL, class _IteratorR> bool std::operator!=(const std::move_iterator<_IteratorL>&, const std::move_iterator<_IteratorR>&)
     operator!=(const move_iterator<_IteratorL>& __x,
     ^~~~~~~~
/usr/include/c++/6/bits/stl_iterator.h:1125:5: note:   template argument deduction/substitution failed:
../src/main.cpp:18:34: note:   ‘std::map<char, int>::iterator {aka std::_Rb_tree_iterator<std::pair<const char, int> >}’ is not derived from ‘const std::move_iterator<_IteratorL>’
  for(it = S.begin(); it != S.end(); it++)
                                  ^
In file included from /usr/include/c++/6/bits/stl_algobase.h:67:0,
                 from /usr/include/c++/6/bits/char_traits.h:39,
                 from /usr/include/c++/6/ios:40,
                 from /usr/include/c++/6/ostream:38,
                 from /usr/include/c++/6/iostream:39,
                 from ../src/main.cpp:9:
/usr/include/c++/6/bits/stl_iterator.h:1131:5: note: candidate: template<class _Iterator> bool std::operator!=(const std::move_iterator<_IteratorL>&, const std::move_iterator<_IteratorL>&)
     operator!=(const move_iterator<_Iterator>& __x,
     ^~~~~~~~
/usr/include/c++/6/bits/stl_iterator.h:1131:5: note:   template argument deduction/substitution failed:
../src/main.cpp:18:34: note:   ‘std::map<char, int>::iterator {aka std::_Rb_tree_iterator<std::pair<const char, int> >}’ is not derived from ‘const std::move_iterator<_IteratorL>’
  for(it = S.begin(); it != S.end(); it++)
                                  ^
In file included from /usr/include/c++/6/string:41:0,
                 from /usr/include/c++/6/bits/locale_classes.h:40,
                 from /usr/include/c++/6/bits/ios_base.h:41,
                 from /usr/include/c++/6/ios:42,
                 from /usr/include/c++/6/ostream:38,
                 from /usr/include/c++/6/iostream:39,
                 from ../src/main.cpp:9:
/usr/include/c++/6/bits/allocator.h:145:5: note: candidate: template<class _T1, class _T2> bool std::operator!=(const std::allocator<_CharT>&, const std::allocator<_T2>&)
     operator!=(const allocator<_T1>&, const allocator<_T2>&)
     ^~~~~~~~
/usr/include/c++/6/bits/allocator.h:145:5: note:   template argument deduction/substitution failed:
../src/main.cpp:18:34: note:   ‘std::map<char, int>::iterator {aka std::_Rb_tree_iterator<std::pair<const char, int> >}’ is not derived from ‘const std::allocator<_CharT>’
  for(it = S.begin(); it != S.end(); it++)
                                  ^
In file included from /usr/include/c++/6/string:41:0,
                 from /usr/include/c++/6/bits/locale_classes.h:40,
                 from /usr/include/c++/6/bits/ios_base.h:41,
                 from /usr/include/c++/6/ios:42,
                 from /usr/include/c++/6/ostream:38,
                 from /usr/include/c++/6/iostream:39,
                 from ../src/main.cpp:9:
/usr/include/c++/6/bits/allocator.h:151:5: note: candidate: template<class _Tp> bool std::operator!=(const std::allocator<_CharT>&, const std::allocator<_CharT>&)
src/subdir.mk:18: recipe for target 'src/main.o' failed
     operator!=(const allocator<_Tp>&, const allocator<_Tp>&)
     ^~~~~~~~
/usr/include/c++/6/bits/allocator.h:151:5: note:   template argument deduction/substitution failed:
../src/main.cpp:18:34: note:   ‘std::map<char, int>::iterator {aka std::_Rb_tree_iterator<std::pair<const char, int> >}’ is not derived from ‘const std::allocator<_CharT>’
  for(it = S.begin(); it != S.end(); it++)
                                  ^
In file included from /usr/include/c++/6/string:52:0,
                 from /usr/include/c++/6/bits/locale_classes.h:40,
                 from /usr/include/c++/6/bits/ios_base.h:41,
                 from /usr/include/c++/6/ios:42,
                 from /usr/include/c++/6/ostream:38,
                 from /usr/include/c++/6/iostream:39,
                 from ../src/main.cpp:9:
/usr/include/c++/6/bits/basic_string.h:5097:5: note: candidate: template<class _CharT, class _Traits, class _Alloc> bool std::operator!=(const std::__cxx11::basic_string<_CharT, _Traits, _Alloc>&, const std::__cxx11::basic_string<_CharT, _Traits, _Alloc>&)
     operator!=(const basic_string<_CharT, _Traits, _Alloc>& __lhs,
     ^~~~~~~~
/usr/include/c++/6/bits/basic_string.h:5097:5: note:   template argument deduction/substitution failed:
../src/main.cpp:18:34: note:   ‘std::map<char, int>::iterator {aka std::_Rb_tree_iterator<std::pair<const char, int> >}’ is not derived from ‘const std::__cxx11::basic_string<_CharT, _Traits, _Alloc>’
  for(it = S.begin(); it != S.end(); it++)
                                  ^
In file included from /usr/include/c++/6/string:52:0,
                 from /usr/include/c++/6/bits/locale_classes.h:40,
                 from /usr/include/c++/6/bits/ios_base.h:41,
                 from /usr/include/c++/6/ios:42,
                 from /usr/include/c++/6/ostream:38,
                 from /usr/include/c++/6/iostream:39,
                 from ../src/main.cpp:9:
/usr/include/c++/6/bits/basic_string.h:5110:5: note: candidate: template<class _CharT, class _Traits, class _Alloc> bool std::operator!=(const _CharT*, const std::__cxx11::basic_string<_CharT, _Traits, _Alloc>&)
     operator!=(const _CharT* __lhs,
     ^~~~~~~~
/usr/include/c++/6/bits/basic_string.h:5110:5: note:   template argument deduction/substitution failed:
../src/main.cpp:18:34: note:   mismatched types ‘const _CharT*’ and ‘std::_Rb_tree_iterator<std::pair<const char, int> >’
  for(it = S.begin(); it != S.end(); it++)
                                  ^
In file included from /usr/include/c++/6/string:52:0,
                 from /usr/include/c++/6/bits/locale_classes.h:40,
                 from /usr/include/c++/6/bits/ios_base.h:41,
                 from /usr/include/c++/6/ios:42,
                 from /usr/include/c++/6/ostream:38,
                 from /usr/include/c++/6/iostream:39,
                 from ../src/main.cpp:9:
/usr/include/c++/6/bits/basic_string.h:5122:5: note: candidate: template<class _CharT, class _Traits, class _Alloc> bool std::operator!=(const std::__cxx11::basic_string<_CharT, _Traits, _Alloc>&, const _CharT*)
     operator!=(const basic_string<_CharT, _Traits, _Alloc>& __lhs,
     ^~~~~~~~
/usr/include/c++/6/bits/basic_string.h:5122:5: note:   template argument deduction/substitution failed:
../src/main.cpp:18:34: note:   ‘std::map<char, int>::iterator {aka std::_Rb_tree_iterator<std::pair<const char, int> >}’ is not derived from ‘const std::__cxx11::basic_string<_CharT, _Traits, _Alloc>’
  for(it = S.begin(); it != S.end(); it++)
                                  ^
In file included from /usr/include/c++/6/bits/ios_base.h:46:0,
                 from /usr/include/c++/6/ios:42,
                 from /usr/include/c++/6/ostream:38,
                 from /usr/include/c++/6/iostream:39,
                 from ../src/main.cpp:9:
/usr/include/c++/6/system_error:311:3: note: candidate: bool std::operator!=(const std::error_code&, const std::error_code&)
   operator!=(const error_code& __lhs, const error_code& __rhs) noexcept
   ^~~~~~~~
/usr/include/c++/6/system_error:311:3: note:   no known conversion for argument 1 from ‘std::map<char, int>::iterator {aka std::_Rb_tree_iterator<std::pair<const char, int> >}’ to ‘const std::error_code&’
/usr/include/c++/6/system_error:315:3: note: candidate: bool std::operator!=(const std::error_code&, const std::error_condition&)
   operator!=(const error_code& __lhs, const error_condition& __rhs) noexcept
   ^~~~~~~~
/usr/include/c++/6/system_error:315:3: note:   no known conversion for argument 1 from ‘std::map<char, int>::iterator {aka std::_Rb_tree_iterator<std::pair<const char, int> >}’ to ‘const std::error_code&’
/usr/include/c++/6/system_error:319:3: note: candidate: bool std::operator!=(const std::error_condition&, const std::error_code&)
   operator!=(const error_condition& __lhs, const error_code& __rhs) noexcept
   ^~~~~~~~
/usr/include/c++/6/system_error:319:3: note:   no known conversion for argument 1 from ‘std::map<char, int>::iterator {aka std::_Rb_tree_iterator<std::pair<const char, int> >}’ to ‘const std::error_condition&’
/usr/include/c++/6/system_error:323:3: note: candidate: bool std::operator!=(const std::error_condition&, const std::error_condition&)
   operator!=(const error_condition& __lhs,
   ^~~~~~~~
/usr/include/c++/6/system_error:323:3: note:   no known conversion for argument 1 from ‘std::map<char, int>::iterator {aka std::_Rb_tree_iterator<std::pair<const char, int> >}’ to ‘const std::error_condition&’
In file included from /usr/include/c++/6/bits/locale_facets.h:48:0,
                 from /usr/include/c++/6/bits/basic_ios.h:37,
                 from /usr/include/c++/6/ios:44,
                 from /usr/include/c++/6/ostream:38,
                 from /usr/include/c++/6/iostream:39,
                 from ../src/main.cpp:9:
/usr/include/c++/6/bits/streambuf_iterator.h:210:5: note: candidate: template<class _CharT, class _Traits> bool std::operator!=(const std::istreambuf_iterator<_CharT, _Traits>&, const std::istreambuf_iterator<_CharT, _Traits>&)
     operator!=(const istreambuf_iterator<_CharT, _Traits>& __a,
     ^~~~~~~~
/usr/include/c++/6/bits/streambuf_iterator.h:210:5: note:   template argument deduction/substitution failed:
../src/main.cpp:18:34: note:   ‘std::map<char, int>::iterator {aka std::_Rb_tree_iterator<std::pair<const char, int> >}’ is not derived from ‘const std::istreambuf_iterator<_CharT, _Traits>’
  for(it = S.begin(); it != S.end(); it++)
                                  ^
In file included from /usr/include/c++/6/map:60:0,
                 from ../src/main.cpp:10:
/usr/include/c++/6/bits/stl_tree.h:334:5: note: candidate: template<class _Val> bool std::operator!=(const std::_Rb_tree_iterator<_Tp>&, const std::_Rb_tree_const_iterator<_Val>&)
     operator!=(const _Rb_tree_iterator<_Val>& __x,
     ^~~~~~~~
/usr/include/c++/6/bits/stl_tree.h:334:5: note:   template argument deduction/substitution failed:
../src/main.cpp:18:34: note:   ‘std::__cxx11::basic_string<char>::iterator {aka __gnu_cxx::__normal_iterator<char*, std::__cxx11::basic_string<char> >}’ is not derived from ‘const std::_Rb_tree_const_iterator<_Val>’
  for(it = S.begin(); it != S.end(); it++)
                                  ^
In file included from /usr/include/c++/6/map:60:0,
                 from ../src/main.cpp:10:
/usr/include/c++/6/bits/stl_tree.h:1302:5: note: candidate: template<class _Key, class _Val, class _KeyOfValue, class _Compare, class _Alloc> bool std::operator!=(const std::_Rb_tree<_Key, _Val, _KeyOfValue, _Compare, _Alloc>&, const std::_Rb_tree<_Key, _Val, _KeyOfValue, _Compare, _Alloc>&)
     operator!=(const _Rb_tree<_Key, _Val, _KeyOfValue, _Compare, _Alloc>& __x,
     ^~~~~~~~
/usr/include/c++/6/bits/stl_tree.h:1302:5: note:   template argument deduction/substitution failed:
../src/main.cpp:18:34: note:   ‘std::map<char, int>::iterator {aka std::_Rb_tree_iterator<std::pair<const char, int> >}’ is not derived from ‘const std::_Rb_tree<_Key, _Val, _KeyOfValue, _Compare, _Alloc>’
  for(it = S.begin(); it != S.end(); it++)
                                  ^
In file included from /usr/include/c++/6/tuple:39:0,
                 from /usr/include/c++/6/bits/stl_map.h:63,
                 from /usr/include/c++/6/map:61,
                 from ../src/main.cpp:10:
/usr/include/c++/6/array:246:5: note: candidate: template<class _Tp, long unsigned int _Nm> bool std::operator!=(const std::array<_Tp, _Nm>&, const std::array<_Tp, _Nm>&)
     operator!=(const array<_Tp, _Nm>& __one, const array<_Tp, _Nm>& __two)
     ^~~~~~~~
/usr/include/c++/6/array:246:5: note:   template argument deduction/substitution failed:
../src/main.cpp:18:34: note:   ‘std::map<char, int>::iterator {aka std::_Rb_tree_iterator<std::pair<const char, int> >}’ is not derived from ‘const std::array<_Tp, _Nm>’
  for(it = S.begin(); it != S.end(); it++)
                                  ^
In file included from /usr/include/c++/6/bits/stl_map.h:63:0,
                 from /usr/include/c++/6/map:61,
                 from ../src/main.cpp:10:
/usr/include/c++/6/tuple:1363:5: note: candidate: template<class ... _TElements, class ... _UElements> constexpr bool std::operator!=(const std::tuple<_Args1 ...>&, const std::tuple<_Args2 ...>&)
     operator!=(const tuple<_TElements...>& __t,
     ^~~~~~~~
/usr/include/c++/6/tuple:1363:5: note:   template argument deduction/substitution failed:
../src/main.cpp:18:34: note:   ‘std::map<char, int>::iterator {aka std::_Rb_tree_iterator<std::pair<const char, int> >}’ is not derived from ‘const std::tuple<_Args1 ...>’
  for(it = S.begin(); it != S.end(); it++)
                                  ^
In file included from /usr/include/c++/6/map:61:0,
                 from ../src/main.cpp:10:
/usr/include/c++/6/bits/stl_map.h:1331:5: note: candidate: template<class _Key, class _Tp, class _Compare, class _Alloc> bool std::operator!=(const std::map<_Key, _Tp, _Compare, _Alloc>&, const std::map<_Key, _Tp, _Compare, _Alloc>&)
     operator!=(const map<_Key, _Tp, _Compare, _Alloc>& __x,
     ^~~~~~~~
/usr/include/c++/6/bits/stl_map.h:1331:5: note:   template argument deduction/substitution failed:
../src/main.cpp:18:34: note:   ‘std::map<char, int>::iterator {aka std::_Rb_tree_iterator<std::pair<const char, int> >}’ is not derived from ‘const std::map<_Key, _Tp, _Compare, _Alloc>’
  for(it = S.begin(); it != S.end(); it++)
                                  ^
In file included from /usr/include/c++/6/map:62:0,
                 from ../src/main.cpp:10:
/usr/include/c++/6/bits/stl_multimap.h:996:5: note: candidate: template<class _Key, class _Tp, class _Compare, class _Alloc> bool std::operator!=(const std::multimap<_Key, _Tp, _Compare, _Alloc>&, const std::multimap<_Key, _Tp, _Compare, _Alloc>&)
     operator!=(const multimap<_Key, _Tp, _Compare, _Alloc>& __x,
     ^~~~~~~~
/usr/include/c++/6/bits/stl_multimap.h:996:5: note:   template argument deduction/substitution failed:
../src/main.cpp:18:34: note:   ‘std::map<char, int>::iterator {aka std::_Rb_tree_iterator<std::pair<const char, int> >}’ is not derived from ‘const std::multimap<_Key, _Tp, _Compare, _Alloc>’
  for(it = S.begin(); it != S.end(); it++)
                                  ^
In file included from /usr/include/x86_64-linux-gnu/c++/6/bits/c++allocator.h:33:0,
                 from /usr/include/c++/6/bits/allocator.h:46,
                 from /usr/include/c++/6/string:41,
                 from /usr/include/c++/6/bits/locale_classes.h:40,
                 from /usr/include/c++/6/bits/ios_base.h:41,
                 from /usr/include/c++/6/ios:42,
                 from /usr/include/c++/6/ostream:38,
                 from /usr/include/c++/6/iostream:39,
                 from ../src/main.cpp:9:
/usr/include/c++/6/ext/new_allocator.h:144:5: note: candidate: template<class _Tp> bool __gnu_cxx::operator!=(const __gnu_cxx::new_allocator<_Tp>&, const __gnu_cxx::new_allocator<_Tp>&)
     operator!=(const new_allocator<_Tp>&, const new_allocator<_Tp>&)
     ^~~~~~~~
/usr/include/c++/6/ext/new_allocator.h:144:5: note:   template argument deduction/substitution failed:
../src/main.cpp:18:34: note:   ‘std::map<char, int>::iterator {aka std::_Rb_tree_iterator<std::pair<const char, int> >}’ is not derived from ‘const __gnu_cxx::new_allocator<_Tp>’
  for(it = S.begin(); it != S.end(); it++)
                                  ^
In file included from /usr/include/c++/6/bits/stl_algobase.h:67:0,
                 from /usr/include/c++/6/bits/char_traits.h:39,
                 from /usr/include/c++/6/ios:40,
                 from /usr/include/c++/6/ostream:38,
                 from /usr/include/c++/6/iostream:39,
                 from ../src/main.cpp:9:
/usr/include/c++/6/bits/stl_iterator.h:877:5: note: candidate: template<class _Iterator, class _Container> bool __gnu_cxx::operator!=(const __gnu_cxx::__normal_iterator<_Iterator, _Container>&, const __gnu_cxx::__normal_iterator<_Iterator, _Container>&)
     operator!=(const __normal_iterator<_Iterator, _Container>& __lhs,
     ^~~~~~~~
/usr/include/c++/6/bits/stl_iterator.h:877:5: note:   template argument deduction/substitution failed:
../src/main.cpp:18:34: note:   ‘std::map<char, int>::iterator {aka std::_Rb_tree_iterator<std::pair<const char, int> >}’ is not derived from ‘const __gnu_cxx::__normal_iterator<_Iterator, _Container>’
  for(it = S.begin(); it != S.end(); it++)
                                  ^
In file included from /usr/include/c++/6/bits/stl_algobase.h:67:0,
                 from /usr/include/c++/6/bits/char_traits.h:39,
                 from /usr/include/c++/6/ios:40,
                 from /usr/include/c++/6/ostream:38,
                 from /usr/include/c++/6/iostream:39,
                 from ../src/main.cpp:9:
/usr/include/c++/6/bits/stl_iterator.h:870:5: note: candidate: template<class _IteratorL, class _IteratorR, class _Container> bool __gnu_cxx::operator!=(const __gnu_cxx::__normal_iterator<_IteratorL, _Container>&, const __gnu_cxx::__normal_iterator<_IteratorR, _Container>&)
     operator!=(const __normal_iterator<_IteratorL, _Container>& __lhs,
     ^~~~~~~~
/usr/include/c++/6/bits/stl_iterator.h:870:5: note:   template argument deduction/substitution failed:
../src/main.cpp:18:34: note:   ‘std::map<char, int>::iterator {aka std::_Rb_tree_iterator<std::pair<const char, int> >}’ is not derived from ‘const __gnu_cxx::__normal_iterator<_IteratorL, _Container>’
  for(it = S.begin(); it != S.end(); it++)
                                  ^
../src/main.cpp:26:5: error: no match for ‘operator[]’ (operand types are ‘std::__cxx11::string {aka std::__cxx11::basic_string<char>}’ and ‘std::map<char, int>::iterator {aka std::_Rb_tree_iterator<std::pair<const char, int> >}’)
    S[it] = 1;
     ^
In file included from /usr/include/c++/6/string:52:0,
                 from /usr/include/c++/6/bits/locale_classes.h:40,
                 from /usr/include/c++/6/bits/ios_base.h:41,
                 from /usr/include/c++/6/ios:42,
                 from /usr/include/c++/6/ostream:38,
                 from /usr/include/c++/6/iostream:39,
                 from ../src/main.cpp:9:
/usr/include/c++/6/bits/basic_string.h:905:7: note: candidate: std::__cxx11::basic_string<_CharT, _Traits, _Alloc>::const_reference std::__cxx11::basic_string<_CharT, _Traits, _Alloc>::operator[](std::__cxx11::basic_string<_CharT, _Traits, _Alloc>::size_type) const [with _CharT = char; _Traits = std::char_traits<char>; _Alloc = std::allocator<char>; std::__cxx11::basic_string<_CharT, _Traits, _Alloc>::const_reference = const char&; std::__cxx11::basic_string<_CharT, _Traits, _Alloc>::size_type = long unsigned int]
       operator[] (size_type __pos) const _GLIBCXX_NOEXCEPT
       ^~~~~~~~
/usr/include/c++/6/bits/basic_string.h:905:7: note:   no known conversion for argument 1 from ‘std::map<char, int>::iterator {aka std::_Rb_tree_iterator<std::pair<const char, int> >}’ to ‘std::__cxx11::basic_string<char>::size_type {aka long unsigned int}’
/usr/include/c++/6/bits/basic_string.h:922:7: note: candidate: std::__cxx11::basic_string<_CharT, _Traits, _Alloc>::reference std::__cxx11::basic_string<_CharT, _Traits, _Alloc>::operator[](std::__cxx11::basic_string<_CharT, _Traits, _Alloc>::size_type) [with _CharT = char; _Traits = std::char_traits<char>; _Alloc = std::allocator<char>; std::__cxx11::basic_string<_CharT, _Traits, _Alloc>::reference = char&; std::__cxx11::basic_string<_CharT, _Traits, _Alloc>::size_type = long unsigned int]
       operator[](size_type __pos)
       ^~~~~~~~
/usr/include/c++/6/bits/basic_string.h:922:7: note:   no known conversion for argument 1 from ‘std::map<char, int>::iterator {aka std::_Rb_tree_iterator<std::pair<const char, int> >}’ to ‘std::__cxx11::basic_string<char>::size_type {aka long unsigned int}’
make: *** [src/main.o] Error 1
13:59:35 **** Incremental Build of configuration Debug for project Q1.1 ****
make all 
Building file: ../src/main.cpp
Invoking: Cross G++ Compiler
g++ -O0 -g3 -Wall -c -fmessage-length=0 -MMD -MP -MF"src/main.d" -MT"src/main.d" -o "src/main.o" "../src/main.cpp"
../src/main.cpp: In function ‘bool IsCharUnique(std::__cxx11::string)’:
../src/main.cpp:18:19: warning: comparison between signed and unsigned integer expressions [-Wsign-compare]
  for(int i = 0; i < S.length(); i++)
                 ~~^~~~~~~~~~~~
../src/main.cpp:20:23: error: no matching function for call to ‘std::map<char, int>::find(std::map<char, int>::iterator&)’
   if(CharCount.find(it))
                       ^
In file included from /usr/include/c++/6/map:61:0,
                 from ../src/main.cpp:10:
/usr/include/c++/6/bits/stl_map.h:1079:7: note: candidate: std::map<_Key, _Tp, _Compare, _Alloc>::iterator std::map<_Key, _Tp, _Compare, _Alloc>::find(const key_type&) [with _Key = char; _Tp = int; _Compare = std::less<char>; _Alloc = std::allocator<std::pair<const char, int> >; std::map<_Key, _Tp, _Compare, _Alloc>::iterator = std::_Rb_tree_iterator<std::pair<const char, int> >; std::map<_Key, _Tp, _Compare, _Alloc>::key_type = char]
       find(const key_type& __x)
       ^~~~
/usr/include/c++/6/bits/stl_map.h:1079:7: note:   no known conversion for argument 1 from ‘std::map<char, int>::iterator {aka std::_Rb_tree_iterator<std::pair<const char, int> >}’ to ‘const key_type& {aka const char&}’
/usr/include/c++/6/bits/stl_map.h:1085:2: note: candidate: template<class _Kt> decltype (((std::map<_Key, _Tp, _Compare, _Alloc>*)this)->std::map<_Key, _Tp, _Compare, _Alloc>::_M_t._M_find_tr(__x)) std::map<_Key, _Tp, _Compare, _Alloc>::find(const _Kt&) [with _Kt = _Kt; _Key = char; _Tp = int; _Compare = std::less<char>; _Alloc = std::allocator<std::pair<const char, int> >]
  find(const _Kt& __x) -> decltype(_M_t._M_find_tr(__x))
  ^~~~
/usr/include/c++/6/bits/stl_map.h:1085:2: note:   template argument deduction/substitution failed:
/usr/include/c++/6/bits/stl_map.h: In substitution of ‘template<class _Kt> decltype (((std::map<_Key, _Tp, _Compare, _Alloc>*)this)->std::map<_Key, _Tp, _Compare, _Alloc>::_M_t._M_find_tr(__x)) std::map<_Key, _Tp, _Compare, _Alloc>::find(const _Kt&) [with _Kt = std::_Rb_tree_iterator<std::pair<const char, int> >]’:
../src/main.cpp:20:23:   required from here
/usr/include/c++/6/bits/stl_map.h:1085:2: error: no matching function for call to ‘std::_Rb_tree<char, std::pair<const char, int>, std::_Select1st<std::pair<const char, int> >, std::less<char>, std::allocator<std::pair<const char, int> > >::_M_find_tr(const std::_Rb_tree_iterator<std::pair<const char, int> >&)’
In file included from /usr/include/c++/6/map:60:0,
                 from ../src/main.cpp:10:
/usr/include/c++/6/bits/stl_tree.h:1128:2: note: candidate: template<class _Kt, class _Req> std::_Rb_tree<_Key, _Val, _KeyOfValue, _Compare, _Alloc>::iterator std::_Rb_tree<_Key, _Val, _KeyOfValue, _Compare, _Alloc>::_M_find_tr(const _Kt&) [with _Kt = _Kt; _Req = _Req; _Key = char; _Val = std::pair<const char, int>; _KeyOfValue = std::_Select1st<std::pair<const char, int> >; _Compare = std::less<char>; _Alloc = std::allocator<std::pair<const char, int> >]
  _M_find_tr(const _Kt& __k)
  ^~~~~~~~~~
/usr/include/c++/6/bits/stl_tree.h:1128:2: note:   template argument deduction/substitution failed:
/usr/include/c++/6/bits/stl_tree.h:1125:9: error: no type named ‘type’ in ‘struct std::__has_is_transparent<std::less<char>, std::_Rb_tree_iterator<std::pair<const char, int> >, void>’
         typename _Req =
         ^~~~~~~~
/usr/include/c++/6/bits/stl_tree.h:1138:2: note: candidate: template<class _Kt, class _Req> std::_Rb_tree<_Key, _Val, _KeyOfValue, _Compare, _Alloc>::const_iterator std::_Rb_tree<_Key, _Val, _KeyOfValue, _Compare, _Alloc>::_M_find_tr(const _Kt&) const [with _Kt = _Kt; _Req = _Req; _Key = char; _Val = std::pair<const char, int>; _KeyOfValue = std::_Select1st<std::pair<const char, int> >; _Compare = std::less<char>; _Alloc = std::allocator<std::pair<const char, int> >]
  _M_find_tr(const _Kt& __k) const
  ^~~~~~~~~~
/usr/include/c++/6/bits/stl_tree.h:1138:2: note:   template argument deduction/substitution failed:
/usr/include/c++/6/bits/stl_tree.h:1135:9: error: no type named ‘type’ in ‘struct std::__has_is_transparent<std::less<char>, std::_Rb_tree_iterator<std::pair<const char, int> >, void>’
         typename _Req =
         ^~~~~~~~
In file included from /usr/include/c++/6/map:61:0,
                 from ../src/main.cpp:10:
/usr/include/c++/6/bits/stl_map.h:1104:7: note: candidate: std::map<_Key, _Tp, _Compare, _Alloc>::const_iterator std::map<_Key, _Tp, _Compare, _Alloc>::find(const key_type&) const [with _Key = char; _Tp = int; _Compare = std::less<char>; _Alloc = std::allocator<std::pair<const char, int> >; std::map<_Key, _Tp, _Compare, _Alloc>::const_iterator = std::_Rb_tree_const_iterator<std::pair<const char, int> >; std::map<_Key, _Tp, _Compare, _Alloc>::key_type = char]
       find(const key_type& __x) const
       ^~~~
/usr/include/c++/6/bits/stl_map.h:1104:7: note:   no known conversion for argument 1 from ‘std::map<char, int>::iterator {aka std::_Rb_tree_iterator<std::pair<const char, int> >}’ to ‘const key_type& {aka const char&}’
/usr/include/c++/6/bits/stl_map.h:1110:2: note: candidate: template<class _Kt> decltype (((const std::map<_Key, _Tp, _Compare, _Alloc>*)this)->std::map<_Key, _Tp, _Compare, _Alloc>::_M_t._M_find_tr(__x)) std::map<_Key, _Tp, _Compare, _Alloc>::find(const _Kt&) const [with _Kt = _Kt; _Key = char; _Tp = int; _Compare = std::less<char>; _Alloc = std::allocator<std::pair<const char, int> >]
  find(const _Kt& __x) const -> decltype(_M_t._M_find_tr(__x))
  ^~~~
/usr/include/c++/6/bits/stl_map.h:1110:2: note:   template argument deduction/substitution failed:
/usr/include/c++/6/bits/stl_map.h: In substitution of ‘template<class _Kt> decltype (((const std::map<_Key, _Tp, _Compare, _Alloc>*)this)->std::map<_Key, _Tp, _Compare, _Alloc>::_M_t._M_find_tr(__x)) std::map<_Key, _Tp, _Compare, _Alloc>::find(const _Kt&) const [with _Kt = std::_Rb_tree_iterator<std::pair<const char, int> >]’:
../src/main.cpp:20:23:   required from here
/usr/include/c++/6/bits/stl_map.h:1110:2: error: no matching function for call to ‘std::_Rb_tree<char, std::pair<const char, int>, std::_Select1st<std::pair<const char, int> >, std::less<char>, std::allocator<std::pair<const char, int> > >::_M_find_tr(const std::_Rb_tree_iterator<std::pair<const char, int> >&) const’
In file included from /usr/include/c++/6/map:60:0,
                 from ../src/main.cpp:10:
/usr/include/c++/6/bits/stl_tree.h:1128:2: note: candidate: template<class _Kt, class _Req> std::_Rb_tree<_Key, _Val, _KeyOfValue, _Compare, _Alloc>::iterator std::_Rb_tree<_Key, _Val, _KeyOfValue, _Compare, _Alloc>::_M_find_tr(const _Kt&) [with _Kt = _Kt; _Req = _Req; _Key = char; _Val = std::pair<const char, int>; _KeyOfValue = std::_Select1st<std::pair<const char, int> >; _Compare = std::less<char>; _Alloc = std::allocator<std::pair<const char, int> >]
  _M_find_tr(const _Kt& __k)
  ^~~~~~~~~~
/usr/include/c++/6/bits/stl_tree.h:1128:2: note:   template argument deduction/substitution failed:
/usr/include/c++/6/bits/stl_tree.h:1125:9: error: no type named ‘type’ in ‘struct std::__has_is_transparent<std::less<char>, std::_Rb_tree_iterator<std::pair<const char, int> >, void>’
         typename _Req =
         ^~~~~~~~
/usr/include/c++/6/bits/stl_tree.h:1138:2: note: candidate: template<class _Kt, class _Req> std::_Rb_tree<_Key, _Val, _KeyOfValue, _Compare, _Alloc>::const_iterator std::_Rb_tree<_Key, _Val, _KeyOfValue, _Compare, _Alloc>::_M_find_tr(const _Kt&) const [with _Kt = _Kt; _Req = _Req; _Key = char; _Val = std::pair<const char, int>; _KeyOfValue = std::_Select1st<std::pair<const char, int> >; _Compare = std::less<char>; _Alloc = std::allocator<std::pair<const char, int> >]
  _M_find_tr(const _Kt& __k) const
  ^~~~~~~~~~
/usr/include/c++/6/bits/stl_tree.h:1138:2: note:   template argument deduction/substitution failed:
/usr/include/c++/6/bits/stl_tree.h:1135:9: error: no type named ‘type’ in ‘struct std::__has_is_transparent<std::less<char>, std::_Rb_tree_iterator<std::pair<const char, int> >, void>’
         typename _Req =
         ^~~~~~~~
../src/main.cpp:26:13: error: no match for ‘operator[]’ (operand types are ‘std::map<char, int>’ and ‘std::map<char, int>::iterator {aka std::_Rb_tree_iterator<std::pair<const char, int> >}’)
    CharCount[it] = 1;
             ^
In file included from /usr/include/c++/6/map:61:0,
                 from ../src/main.cpp:10:
/usr/include/c++/6/bits/stl_map.h:474:7: note: candidate: std::map<_Key, _Tp, _Compare, _Alloc>::mapped_type& std::map<_Key, _Tp, _Compare, _Alloc>::operator[](const key_type&) [with _Key = char; _Tp = int; _Compare = std::less<char>; _Alloc = std::allocator<std::pair<const char, int> >; std::map<_Key, _Tp, _Compare, _Alloc>::mapped_type = int; std::map<_Key, _Tp, _Compare, _Alloc>::key_type = char]
       operator[](const key_type& __k)
       ^~~~~~~~
/usr/include/c++/6/bits/stl_map.h:474:7: note:   no known conversion for argument 1 from ‘std::map<char, int>::iterator {aka std::_Rb_tree_iterator<std::pair<const char, int> >}’ to ‘const key_type& {aka const char&}’
/usr/include/c++/6/bits/stl_map.h:494:7: note: candidate: std::map<_Key, _Tp, _Compare, _Alloc>::mapped_type& std::map<_Key, _Tp, _Compare, _Alloc>::operator[](std::map<_Key, _Tp, _Compare, _Alloc>::key_type&&) [with _Key = char; _Tp = int; _Compare = std::less<char>; _Alloc = std::allocator<std::pair<const char, int> >; std::map<_Key, _Tp, _Compare, _Alloc>::mapped_type = int; std::map<_Key, _Tp, _Compare, _Alloc>::key_type = char]
       operator[](key_type&& __k)
       ^~~~~~~~
/usr/include/c++/6/bits/stl_map.h:494:7: note:   no known conversion for argument 1 from ‘std::map<char, int>::iterator {aka std::_Rb_tree_iterator<std::pair<const char, int> >}’ to ‘std::map<char, int>::key_type&& {aka char&&}’
make: *** [src/main.o] Error 1
src/subdir.mk:18: recipe for target 'src/main.o' failed
14:00:00 **** Incremental Build of configuration Debug for project Q1.1 ****
make all 
Building file: ../src/main.cpp
Invoking: Cross G++ Compiler
g++ -O0 -g3 -Wall -c -fmessage-length=0 -MMD -MP -MF"src/main.d" -MT"src/main.d" -o "src/main.o" "../src/main.cpp"
../src/main.cpp: In function ‘bool IsCharUnique(std::__cxx11::string)’:
../src/main.cpp:18:19: warning: comparison between signed and unsigned integer expressions [-Wsign-compare]
  for(int i = 0; i < S.length(); i++)
                 ~~^~~~~~~~~~~~
../src/main.cpp:20:20: error: could not convert ‘CharCount.std::map<_Key, _Tp, _Compare, _Alloc>::find<char, int, std::less<char>, std::allocator<std::pair<const char, int> > >((*(const key_type*)(& S.std::__cxx11::basic_string<_CharT, _Traits, _Alloc>::operator[]<char, std::char_traits<char>, std::allocator<char> >(((std::__cxx11::basic_string<char>::size_type)i)))))’ from ‘std::map<char, int>::iterator {aka std::_Rb_tree_iterator<std::pair<const char, int> >}’ to ‘bool’
   if(CharCount.find(S[i]))
      ~~~~~~~~~~~~~~^~~~~~
../src/main.cpp:26:13: error: no match for ‘operator[]’ (operand types are ‘std::map<char, int>’ and ‘std::map<char, int>::iterator {aka std::_Rb_tree_iterator<std::pair<const char, int> >}’)
    CharCount[it] = 1;
             ^
In file included from /usr/include/c++/6/map:61:0,
                 from ../src/main.cpp:10:
/usr/include/c++/6/bits/stl_map.h:474:7: note: candidate: std::map<_Key, _Tp, _Compare, _Alloc>::mapped_type& std::map<_Key, _Tp, _Compare, _Alloc>::operator[](const key_type&) [with _Key = char; _Tp = int; _Compare = std::less<char>; _Alloc = std::allocator<std::pair<const char, int> >; std::map<_Key, _Tp, _Compare, _Alloc>::mapped_type = int; std::map<_Key, _Tp, _Compare, _Alloc>::key_type = char]
       operator[](const key_type& __k)
       ^~~~~~~~
/usr/include/c++/6/bits/stl_map.h:474:7: note:   no known conversion for argument 1 from ‘std::map<char, int>::iterator {aka std::_Rb_tree_iterator<std::pair<const char, int> >}’ to ‘const key_type& {aka const char&}’
/usr/include/c++/6/bits/stl_map.h:494:7: note: candidate: std::map<_Key, _Tp, _Compare, _Alloc>::mapped_type& std::map<_Key, _Tp, _Compare, _Alloc>::operator[](std::map<_Key, _Tp, _Compare, _Alloc>::key_type&&) [with _Key = char; _Tp = int; _Compare = std::less<char>; _Alloc = std::allocator<std::pair<const char, int> >; std::map<_Key, _Tp, _Compare, _Alloc>::mapped_type = int; std::map<_Key, _Tp, _Compare, _Alloc>::key_type = char]
       operator[](key_type&& __k)
       ^~~~~~~~
/usr/include/c++/6/bits/stl_map.h:494:7: note:   no known conversion for argument 1 from ‘std::map<char, int>::iterator {aka std::_Rb_tree_iterator<std::pair<const char, int> >}’ to ‘std::map<char, int>::key_type&& {aka char&&}’
make: *** [src/main.o] Error 1
src/subdir.mk:18: recipe for target 'src/main.o' failed
14:02:37 **** Incremental Build of configuration Debug for project Q1.1 ****
make all 
Building file: ../src/main.cpp
Invoking: Cross G++ Compiler
g++ -O0 -g3 -Wall -c -fmessage-length=0 -MMD -MP -MF"src/main.d" -MT"src/main.d" -o "src/main.o" "../src/main.cpp"
../src/main.cpp: In function ‘bool IsCharUnique(std::__cxx11::string)’:
../src/main.cpp:18:19: warning: comparison between signed and unsigned integer expressions [-Wsign-compare]
  for(int i = 0; i < S.length(); i++)
                 ~~^~~~~~~~~~~~
../src/main.cpp:27:13: error: no match for ‘operator[]’ (operand types are ‘std::map<char, int>’ and ‘std::map<char, int>::iterator {aka std::_Rb_tree_iterator<std::pair<const char, int> >}’)
    CharCount[it] = 1;
             ^
In file included from /usr/include/c++/6/map:61:0,
                 from ../src/main.cpp:10:
/usr/include/c++/6/bits/stl_map.h:474:7: note: candidate: std::map<_Key, _Tp, _Compare, _Alloc>::mapped_type& std::map<_Key, _Tp, _Compare, _Alloc>::operator[](const key_type&) [with _Key = char; _Tp = int; _Compare = std::less<char>; _Alloc = std::allocator<std::pair<const char, int> >; std::map<_Key, _Tp, _Compare, _Alloc>::mapped_type = int; std::map<_Key, _Tp, _Compare, _Alloc>::key_type = char]
       operator[](const key_type& __k)
       ^~~~~~~~
/usr/include/c++/6/bits/stl_map.h:474:7: note:   no known conversion for argument 1 from ‘std::map<char, int>::iterator {aka std::_Rb_tree_iterator<std::pair<const char, int> >}’ to ‘const key_type& {aka const char&}’
/usr/include/c++/6/bits/stl_map.h:494:7: note: candidate: std::map<_Key, _Tp, _Compare, _Alloc>::mapped_type& std::map<_Key, _Tp, _Compare, _Alloc>::operator[](std::map<_Key, _Tp, _Compare, _Alloc>::key_type&&) [with _Key = char; _Tp = int; _Compare = std::less<char>; _Alloc = std::allocator<std::pair<const char, int> >; std::map<_Key, _Tp, _Compare, _Alloc>::mapped_type = int; std::map<_Key, _Tp, _Compare, _Alloc>::key_type = char]
       operator[](key_type&& __k)
       ^~~~~~~~
/usr/include/c++/6/bits/stl_map.h:494:7: note:   no known conversion for argument 1 from ‘std::map<char, int>::iterator {aka std::_Rb_tree_iterator<std::pair<const char, int> >}’ to ‘std::map<char, int>::key_type&& {aka char&&}’
make: *** [src/main.o] Error 1
src/subdir.mk:18: recipe for target 'src/main.o' failed
14:03:12 **** Incremental Build of configuration Debug for project Q1.1 ****
make all 
Building file: ../src/main.cpp
Invoking: Cross G++ Compiler
g++ -O0 -g3 -Wall -c -fmessage-length=0 -MMD -MP -MF"src/main.d" -MT"src/main.d" -o "src/main.o" "../src/main.cpp"
../src/main.cpp: In function ‘bool IsCharUnique(std::__cxx11::string)’:
../src/main.cpp:18:19: warning: comparison between signed and unsigned integer expressions [-Wsign-compare]
  for(int i = 0; i < S.length(); i++)
                 ~~^~~~~~~~~~~~
../src/main.cpp:27:13: error: no match for ‘operator[]’ (operand types are ‘std::map<char, int>’ and ‘std::map<char, int>::iterator {aka std::_Rb_tree_iterator<std::pair<const char, int> >}’)
    CharCount[it] = 1;
             ^
In file included from /usr/include/c++/6/map:61:0,
                 from ../src/main.cpp:10:
/usr/include/c++/6/bits/stl_map.h:474:7: note: candidate: std::map<_Key, _Tp, _Compare, _Alloc>::mapped_type& std::map<_Key, _Tp, _Compare, _Alloc>::operator[](const key_type&) [with _Key = char; _Tp = int; _Compare = std::less<char>; _Alloc = std::allocator<std::pair<const char, int> >; std::map<_Key, _Tp, _Compare, _Alloc>::mapped_type = int; std::map<_Key, _Tp, _Compare, _Alloc>::key_type = char]
       operator[](const key_type& __k)
       ^~~~~~~~
/usr/include/c++/6/bits/stl_map.h:474:7: note:   no known conversion for argument 1 from ‘std::map<char, int>::iterator {aka std::_Rb_tree_iterator<std::pair<const char, int> >}’ to ‘const key_type& {aka const char&}’
/usr/include/c++/6/bits/stl_map.h:494:7: note: candidate: std::map<_Key, _Tp, _Compare, _Alloc>::mapped_type& std::map<_Key, _Tp, _Compare, _Alloc>::operator[](std::map<_Key, _Tp, _Compare, _Alloc>::key_type&&) [with _Key = char; _Tp = int; _Compare = std::less<char>; _Alloc = std::allocator<std::pair<const char, int> >; std::map<_Key, _Tp, _Compare, _Alloc>::mapped_type = int; std::map<_Key, _Tp, _Compare, _Alloc>::key_type = char]
       operator[](key_type&& __k)
       ^~~~~~~~
/usr/include/c++/6/bits/stl_map.h:494:7: note:   no known conversion for argument 1 from ‘std::map<char, int>::iterator {aka std::_Rb_tree_iterator<std::pair<const char, int> >}’ to ‘std::map<char, int>::key_type&& {aka char&&}’
src/subdir.mk:18: recipe for target 'src/main.o' failed
make: *** [src/main.o] Error 1
14:03:26 **** Incremental Build of configuration Debug for project Q1.1 ****
make all 
Building file: ../src/main.cpp
Invoking: Cross G++ Compiler
g++ -O0 -g3 -Wall -c -fmessage-length=0 -MMD -MP -MF"src/main.d" -MT"src/main.d" -o "src/main.o" "../src/main.cpp"
../src/main.cpp: In function ‘bool IsCharUnique(std::__cxx11::string)’:
../src/main.cpp:18:19: warning: comparison between signed and unsigned integer expressions [-Wsign-compare]
  for(int i = 0; i < S.length(); i++)
                 ~~^~~~~~~~~~~~
../src/main.cpp:27:18: error: no match for call to ‘(std::map<char, int>) (__gnu_cxx::__alloc_traits<std::allocator<char> >::value_type&)’
    CharCount(S[i]) = 1;
                  ^
make: *** [src/main.o] Error 1
src/subdir.mk:18: recipe for target 'src/main.o' failed
14:04:25 **** Incremental Build of configuration Debug for project Q1.1 ****
make all 
Building file: ../src/main.cpp
Invoking: Cross G++ Compiler
g++ -O0 -g3 -Wall -c -fmessage-length=0 -MMD -MP -MF"src/main.d" -MT"src/main.d" -o "src/main.o" "../src/main.cpp"
../src/main.cpp: In function ‘bool IsCharUnique(std::__cxx11::string)’:
../src/main.cpp:18:19: warning: comparison between signed and unsigned integer expressions [-Wsign-compare]
  for(int i = 0; i < S.length(); i++)
                 ~~^~~~~~~~~~~~
Finished building: ../src/main.cpp
 
Building target: Q1.1
Invoking: Cross G++ Linker
g++  -o "Q1.1"  ./src/main.o   
Finished building target: Q1.1
 
14:04:38 **** Incremental Build of configuration Debug for project Q1.1 ****
make all 
Building file: ../src/main.cpp
Invoking: Cross G++ Compiler
g++ -O0 -g3 -Wall -c -fmessage-length=0 -MMD -MP -MF"src/main.d" -MT"src/main.d" -o "src/main.o" "../src/main.cpp"
Finished building: ../src/main.cpp
 
Building target: Q1.1
Invoking: Cross G++ Linker
g++  -o "Q1.1"  ./src/main.o   
Finished building target: Q1.1
 
14:04:50 **** Incremental Build of configuration Debug for project Q1.1 ****
make all 
Building file: ../src/main.cpp
Invoking: Cross G++ Compiler
g++ -O0 -g3 -Wall -c -fmessage-length=0 -MMD -MP -MF"src/main.d" -MT"src/main.d" -o "src/main.o" "../src/main.cpp"
../src/main.cpp: In function ‘bool IsCharUnique(std::__cxx11::string)’:
../src/main.cpp:32:1: warning: no return statement in function returning non-void [-Wreturn-type]
 }
 ^
Finished building: ../src/main.cpp
 
Building target: Q1.1
Invoking: Cross G++ Linker
g++  -o "Q1.1"  ./src/main.o   
Finished building target: Q1.1
 
14:05:02 **** Incremental Build of configuration Debug for project Q1.1 ****
make all 
Building file: ../src/main.cpp
Invoking: Cross G++ Compiler
g++ -O0 -g3 -Wall -c -fmessage-length=0 -MMD -MP -MF"src/main.d" -MT"src/main.d" -o "src/main.o" "../src/main.cpp"
../src/main.cpp: In function ‘bool IsCharUnique(std::__cxx11::string)’:
../src/main.cpp:32:1: warning: no return statement in function returning non-void [-Wreturn-type]
 }
 ^
Finished building: ../src/main.cpp
 
Building target: Q1.1
Invoking: Cross G++ Linker
g++  -o "Q1.1"  ./src/main.o   
Finished building target: Q1.1
 
14:05:15 **** Incremental Build of configuration Debug for project Q1.1 ****
make all 
Building file: ../src/main.cpp
Invoking: Cross G++ Compiler
g++ -O0 -g3 -Wall -c -fmessage-length=0 -MMD -MP -MF"src/main.d" -MT"src/main.d" -o "src/main.o" "../src/main.cpp"
../src/main.cpp: In function ‘bool IsCharUnique(std::__cxx11::string)’:
../src/main.cpp:33:1: warning: no return statement in function returning non-void [-Wreturn-type]
 }
 ^
Finished building: ../src/main.cpp
 
Building target: Q1.1
Invoking: Cross G++ Linker
g++  -o "Q1.1"  ./src/main.o   
Finished building target: Q1.1
 
14:05:34 **** Incremental Build of configuration Debug for project Q1.1 ****
make all 
make: Nothing to be done for 'all'.
14:05:44 **** Incremental Build of configuration Debug for project Q1.1 ****
make all 
make: Nothing to be done for 'all'.
14:05:46 **** Incremental Build of configuration Debug for project Q1.1 ****
make all 
make: Nothing to be done for 'all'.
14:06:01 **** Build of configuration Debug for project Q1_1 ****
make all 
Building target: Q1_1
Invoking: Cross G++ Linker
g++  -o "Q1_1"  ./src/main.o   
Finished building target: Q1_1
 
14:06:23 **** Clean-only build of configuration Debug for project Q1_1 ****
make clean 
rm -rf  ./src/main.o  ./src/main.d  Q1_1
 
14:06:26 **** Build of configuration Debug for project Q1_1 ****
make all 
Building file: ../src/main.cpp
Invoking: Cross G++ Compiler
g++ -O0 -g3 -Wall -c -fmessage-length=0 -MMD -MP -MF"src/main.d" -MT"src/main.d" -o "src/main.o" "../src/main.cpp"
../src/main.cpp: In function ‘bool IsCharUnique(std::__cxx11::string)’:
../src/main.cpp:33:1: warning: no return statement in function returning non-void [-Wreturn-type]
 }
 ^
Finished building: ../src/main.cpp
 
Building target: Q1_1
Invoking: Cross G++ Linker
g++  -o "Q1_1"  ./src/main.o   
Finished building target: Q1_1
 
14:06:41 **** Incremental Build of configuration Debug for project Q1_1 ****
make all 
Building file: ../src/main.cpp
Invoking: Cross G++ Compiler
g++ -O0 -g3 -Wall -c -fmessage-length=0 -MMD -MP -MF"src/main.d" -MT"src/main.d" -o "src/main.o" "../src/main.cpp"
../src/main.cpp: In function ‘bool IsCharUnique(std::__cxx11::string)’:
../src/main.cpp:34:1: warning: no return statement in function returning non-void [-Wreturn-type]
 }
 ^
Finished building: ../src/main.cpp
 
Building target: Q1_1
Invoking: Cross G++ Linker
g++  -o "Q1_1"  ./src/main.o   
Finished building target: Q1_1
 
14:07:00 **** Incremental Build of configuration Debug for project Q1_1 ****
make all 
Building file: ../src/main.cpp
Invoking: Cross G++ Compiler
g++ -O0 -g3 -Wall -c -fmessage-length=0 -MMD -MP -MF"src/main.d" -MT"src/main.d" -o "src/main.o" "../src/main.cpp"
Finished building: ../src/main.cpp
 
Building target: Q1_1
Invoking: Cross G++ Linker
g++  -o "Q1_1"  ./src/main.o   
Finished building target: Q1_1
 
14:07:11 **** Incremental Build of configuration Debug for project Q1_1 ****
make all 
make: Nothing to be done for 'all'.
14:08:23 **** Incremental Build of configuration Debug for project Q1_1 ****
make all 
Building file: ../src/main.cpp
Invoking: Cross G++ Compiler
g++ -O0 -g3 -Wall -c -fmessage-length=0 -MMD -MP -MF"src/main.d" -MT"src/main.d" -o "src/main.o" "../src/main.cpp"
Finished building: ../src/main.cpp
 
Building target: Q1_1
Invoking: Cross G++ Linker
g++  -o "Q1_1"  ./src/main.o   
Finished building target: Q1_1
 
14:13:27 **** Incremental Build of configuration Debug for project Q1_1 ****
make all 
Building file: ../src/main.cpp
Invoking: Cross G++ Compiler
g++ -O0 -g3 -Wall -c -fmessage-length=0 -MMD -MP -MF"src/main.d" -MT"src/main.d" -o "src/main.o" "../src/main.cpp"
Finished building: ../src/main.cpp
 
Building target: Q1_1
Invoking: Cross G++ Linker
g++  -o "Q1_1"  ./src/main.o   
Finished building target: Q1_1
 
14:13:29 **** Incremental Build of configuration Debug for project Q1_1 ****
make all 
make: Nothing to be done for 'all'.
14:14:02 **** Incremental Build of configuration Debug for project Q1_1 ****
make all 
Building file: ../src/main.cpp
Invoking: Cross G++ Compiler
g++ -O0 -g3 -Wall -c -fmessage-length=0 -MMD -MP -MF"src/main.d" -MT"src/main.d" -o "src/main.o" "../src/main.cpp"
Finished building: ../src/main.cpp
 
Building target: Q1_1
Invoking: Cross G++ Linker
g++  -o "Q1_1"  ./src/main.o   
Finished building target: Q1_1
 
14:14:05 **** Incremental Build of configuration Debug for project Q1_1 ****
make all 
make: Nothing to be done for 'all'.
14:14:21 **** Incremental Build of configuration Debug for project Q1_1 ****
make all 
Building file: ../src/main.cpp
Invoking: Cross G++ Compiler
g++ -O0 -g3 -Wall -c -fmessage-length=0 -MMD -MP -MF"src/main.d" -MT"src/main.d" -o "src/main.o" "../src/main.cpp"
Finished building: ../src/main.cpp
 
Building target: Q1_1
Invoking: Cross G++ Linker
g++  -o "Q1_1"  ./src/main.o   
Finished building target: Q1_1
 
14:14:23 **** Incremental Build of configuration Debug for project Q1_1 ****
make all 
make: Nothing to be done for 'all'.
14:26:17 **** Incremental Build of configuration Debug for project Q1_1 ****
make all 
Building file: ../src/main.cpp
Invoking: Cross G++ Compiler
g++ -O0 -g3 -Wall -c -fmessage-length=0 -MMD -MP -MF"src/main.d" -MT"src/main.d" -o "src/main.o" "../src/main.cpp"
Finished building: ../src/main.cpp
 
Building target: Q1_1
Invoking: Cross G++ Linker
g++  -o "Q1_1"  ./src/main.o   
Finished building target: Q1_1
 
14:26:19 **** Incremental Build of configuration Debug for project Q1_1 ****
make all 
make: Nothing to be done for 'all'.
14:26:35 **** Incremental Build of configuration Debug for project Q1_1 ****
make all 
Building file: ../src/main.cpp
Invoking: Cross G++ Compiler
g++ -O0 -g3 -Wall -c -fmessage-length=0 -MMD -MP -MF"src/main.d" -MT"src/main.d" -o "src/main.o" "../src/main.cpp"
Finished building: ../src/main.cpp
 
Building target: Q1_1
Invoking: Cross G++ Linker
g++  -o "Q1_1"  ./src/main.o   
Finished building target: Q1_1
 
14:26:37 **** Incremental Build of configuration Debug for project Q1_1 ****
make all 
make: Nothing to be done for 'all'.
14:26:47 **** Incremental Build of configuration Debug for project Q1_1 ****
make all 
Building file: ../src/main.cpp
Invoking: Cross G++ Compiler
g++ -O0 -g3 -Wall -c -fmessage-length=0 -MMD -MP -MF"src/main.d" -MT"src/main.d" -o "src/main.o" "../src/main.cpp"
Finished building: ../src/main.cpp
 
Building target: Q1_1
Invoking: Cross G++ Linker
g++  -o "Q1_1"  ./src/main.o   
Finished building target: Q1_1
 
14:26:49 **** Incremental Build of configuration Debug for project Q1_1 ****
make all 
make: Nothing to be done for 'all'.
14:27:23 **** Incremental Build of configuration Debug for project Q1_1 ****
make all 
Building file: ../src/main.cpp
Invoking: Cross G++ Compiler
g++ -O0 -g3 -Wall -c -fmessage-length=0 -MMD -MP -MF"src/main.d" -MT"src/main.d" -o "src/main.o" "../src/main.cpp"
Finished building: ../src/main.cpp
 
Building target: Q1_1
Invoking: Cross G++ Linker
g++  -o "Q1_1"  ./src/main.o   
Finished building target: Q1_1
 
23:04:24 **** Build of configuration Debug for project RotateMatrix ****
make all 
Building file: ../src/RotateMatrix.cpp
Invoking: Cross G++ Compiler
g++ -O0 -g3 -Wall -c -fmessage-length=0 -MMD -MP -MF"src/RotateMatrix.d" -MT"src/RotateMatrix.d" -o "src/RotateMatrix.o" "../src/RotateMatrix.cpp"
../src/RotateMatrix.cpp: In function ‘int main()’:
../src/RotateMatrix.cpp:44:6: warning: unused variable ‘X’ [-Wunused-variable]
  int X[4][4] = {1,2,3,4,5,6,7,8,9,10,11,12,13,14,15,16};
      ^
Finished building: ../src/RotateMatrix.cpp
 
Building target: RotateMatrix
Invoking: Cross G++ Linker
g++  -o "RotateMatrix"  ./src/RotateMatrix.o   
Finished building target: RotateMatrix
 
23:17:26 **** Incremental Build of configuration Debug for project RotateMatrix ****
make all 
Building file: ../src/RotateMatrix.cpp
Invoking: Cross G++ Compiler
g++ -O0 -g3 -Wall -c -fmessage-length=0 -MMD -MP -MF"src/RotateMatrix.d" -MT"src/RotateMatrix.d" -o "src/RotateMatrix.o" "../src/RotateMatrix.cpp"
Finished building: ../src/RotateMatrix.cpp
 
Building target: RotateMatrix
Invoking: Cross G++ Linker
g++  -o "RotateMatrix"  ./src/RotateMatrix.o   
Finished building target: RotateMatrix
 
23:19:33 **** Incremental Build of configuration Debug for project RotateMatrix ****
make all 
Building file: ../src/RotateMatrix.cpp
Invoking: Cross G++ Compiler
g++ -O0 -g3 -Wall -c -fmessage-length=0 -MMD -MP -MF"src/RotateMatrix.d" -MT"src/RotateMatrix.d" -o "src/RotateMatrix.o" "../src/RotateMatrix.cpp"
Finished building: ../src/RotateMatrix.cpp
 
Building target: RotateMatrix
Invoking: Cross G++ Linker
g++  -o "RotateMatrix"  ./src/RotateMatrix.o   
Finished building target: RotateMatrix
 
23:19:43 **** Incremental Build of configuration Debug for project RotateMatrix ****
make all 
make: Nothing to be done for 'all'.
23:20:16 **** Incremental Build of configuration Debug for project RotateMatrix ****
make all 
Building file: ../src/RotateMatrix.cpp
Invoking: Cross G++ Compiler
g++ -O0 -g3 -Wall -c -fmessage-length=0 -MMD -MP -MF"src/RotateMatrix.d" -MT"src/RotateMatrix.d" -o "src/RotateMatrix.o" "../src/RotateMatrix.cpp"
Finished building: ../src/RotateMatrix.cpp
 
Building target: RotateMatrix
Invoking: Cross G++ Linker
g++  -o "RotateMatrix"  ./src/RotateMatrix.o   
Finished building target: RotateMatrix
 
23:20:18 **** Incremental Build of configuration Debug for project RotateMatrix ****
make all 
make: Nothing to be done for 'all'.
23:20:31 **** Incremental Build of configuration Debug for project RotateMatrix ****
make all 
Building file: ../src/RotateMatrix.cpp
Invoking: Cross G++ Compiler
g++ -O0 -g3 -Wall -c -fmessage-length=0 -MMD -MP -MF"src/RotateMatrix.d" -MT"src/RotateMatrix.d" -o "src/RotateMatrix.o" "../src/RotateMatrix.cpp"
Finished building: ../src/RotateMatrix.cpp
 
Building target: RotateMatrix
Invoking: Cross G++ Linker
g++  -o "RotateMatrix"  ./src/RotateMatrix.o   
Finished building target: RotateMatrix
 
23:20:32 **** Incremental Build of configuration Debug for project RotateMatrix ****
make all 
make: Nothing to be done for 'all'.
23:20:43 **** Incremental Build of configuration Debug for project RotateMatrix ****
make all 
Building file: ../src/RotateMatrix.cpp
Invoking: Cross G++ Compiler
g++ -O0 -g3 -Wall -c -fmessage-length=0 -MMD -MP -MF"src/RotateMatrix.d" -MT"src/RotateMatrix.d" -o "src/RotateMatrix.o" "../src/RotateMatrix.cpp"
Finished building: ../src/RotateMatrix.cpp
 
Building target: RotateMatrix
Invoking: Cross G++ Linker
g++  -o "RotateMatrix"  ./src/RotateMatrix.o   
Finished building target: RotateMatrix
 
23:20:45 **** Incremental Build of configuration Debug for project RotateMatrix ****
make all 
make: Nothing to be done for 'all'.
23:26:44 **** Incremental Build of configuration Debug for project RotateMatrix ****
make all 
Building file: ../src/RotateMatrix.cpp
Invoking: Cross G++ Compiler
g++ -O0 -g3 -Wall -c -fmessage-length=0 -MMD -MP -MF"src/RotateMatrix.d" -MT"src/RotateMatrix.d" -o "src/RotateMatrix.o" "../src/RotateMatrix.cpp"
../src/RotateMatrix.cpp: In function ‘void rotateMatrix(int (*)[4])’:
../src/RotateMatrix.cpp:35:59: error: expected primary-expression before ‘<<’ token
             cout<<"mat[N-1-x][N-1-y];"<<mat[N-1-x][N-1-y];<<endl;
                                                           ^~
../src/RotateMatrix.cpp:12:11: error: expected identifier before numeric constant
 #define N 4
           ^
../src/RotateMatrix.cpp:40:38: note: in expansion of macro ‘N’
             cout<<"[N-1-x][N-1-y]"<<[N-1-x][N-1-y]<<endl;
                                      ^
../src/RotateMatrix.cpp: In lambda function:
../src/RotateMatrix.cpp:40:44: error: expected ‘{’ before ‘[’ token
             cout<<"[N-1-x][N-1-y]"<<[N-1-x][N-1-y]<<endl;
                                            ^
../src/RotateMatrix.cpp: In function ‘void rotateMatrix(int (*)[4])’:
../src/RotateMatrix.cpp:40:44: error: no match for ‘operator[]’ (operand types are ‘rotateMatrix(int (*)[4])::<lambda()>’ and ‘int’)
make: *** [src/RotateMatrix.o] Error 1
src/subdir.mk:18: recipe for target 'src/RotateMatrix.o' failed
23:26:57 **** Incremental Build of configuration Debug for project RotateMatrix ****
make all 
Building file: ../src/RotateMatrix.cpp
Invoking: Cross G++ Compiler
g++ -O0 -g3 -Wall -c -fmessage-length=0 -MMD -MP -MF"src/RotateMatrix.d" -MT"src/RotateMatrix.d" -o "src/RotateMatrix.o" "../src/RotateMatrix.cpp"
../src/RotateMatrix.cpp: In function ‘void rotateMatrix(int (*)[4])’:
../src/RotateMatrix.cpp:12:11: error: expected identifier before numeric constant
 #define N 4
           ^
../src/RotateMatrix.cpp:40:38: note: in expansion of macro ‘N’
             cout<<"[N-1-x][N-1-y]"<<[N-1-x][N-1-y]<<endl;
                                      ^
../src/RotateMatrix.cpp: In lambda function:
../src/RotateMatrix.cpp:40:44: error: expected ‘{’ before ‘[’ token
             cout<<"[N-1-x][N-1-y]"<<[N-1-x][N-1-y]<<endl;
                                            ^
../src/RotateMatrix.cpp: In function ‘void rotateMatrix(int (*)[4])’:
../src/RotateMatrix.cpp:40:44: error: no match for ‘operator[]’ (operand types are ‘rotateMatrix(int (*)[4])::<lambda()>’ and ‘int’)
make: *** [src/RotateMatrix.o] Error 1
src/subdir.mk:18: recipe for target 'src/RotateMatrix.o' failed
23:27:21 **** Incremental Build of configuration Debug for project RotateMatrix ****
make all 
Building file: ../src/RotateMatrix.cpp
Invoking: Cross G++ Compiler
g++ -O0 -g3 -Wall -c -fmessage-length=0 -MMD -MP -MF"src/RotateMatrix.d" -MT"src/RotateMatrix.d" -o "src/RotateMatrix.o" "../src/RotateMatrix.cpp"
Finished building: ../src/RotateMatrix.cpp
 
Building target: RotateMatrix
Invoking: Cross G++ Linker
g++  -o "RotateMatrix"  ./src/RotateMatrix.o   
Finished building target: RotateMatrix
 
23:27:24 **** Incremental Build of configuration Debug for project RotateMatrix ****
make all 
make: Nothing to be done for 'all'.
23:28:14 **** Incremental Build of configuration Debug for project RotateMatrix ****
make all 
Building file: ../src/RotateMatrix.cpp
Invoking: Cross G++ Compiler
g++ -O0 -g3 -Wall -c -fmessage-length=0 -MMD -MP -MF"src/RotateMatrix.d" -MT"src/RotateMatrix.d" -o "src/RotateMatrix.o" "../src/RotateMatrix.cpp"
Finished building: ../src/RotateMatrix.cpp
 
Building target: RotateMatrix
Invoking: Cross G++ Linker
g++  -o "RotateMatrix"  ./src/RotateMatrix.o   
Finished building target: RotateMatrix
 
23:28:16 **** Incremental Build of configuration Debug for project RotateMatrix ****
make all 
make: Nothing to be done for 'all'.
23:30:06 **** Incremental Build of configuration Debug for project RotateMatrix ****
make all 
Building file: ../src/RotateMatrix.cpp
Invoking: Cross G++ Compiler
g++ -O0 -g3 -Wall -c -fmessage-length=0 -MMD -MP -MF"src/RotateMatrix.d" -MT"src/RotateMatrix.d" -o "src/RotateMatrix.o" "../src/RotateMatrix.cpp"
Finished building: ../src/RotateMatrix.cpp
 
Building target: RotateMatrix
Invoking: Cross G++ Linker
g++  -o "RotateMatrix"  ./src/RotateMatrix.o   
Finished building target: RotateMatrix
 
23:30:29 **** Incremental Build of configuration Debug for project RotateMatrix ****
make all 
Building file: ../src/RotateMatrix.cpp
Invoking: Cross G++ Compiler
g++ -O0 -g3 -Wall -c -fmessage-length=0 -MMD -MP -MF"src/RotateMatrix.d" -MT"src/RotateMatrix.d" -o "src/RotateMatrix.o" "../src/RotateMatrix.cpp"
Finished building: ../src/RotateMatrix.cpp
 
Building target: RotateMatrix
Invoking: Cross G++ Linker
g++  -o "RotateMatrix"  ./src/RotateMatrix.o   
Finished building target: RotateMatrix
 
23:30:32 **** Incremental Build of configuration Debug for project RotateMatrix ****
make all 
make: Nothing to be done for 'all'.
23:53:47 **** Incremental Build of configuration Debug for project RotateMatrix ****
make all 
Building file: ../src/RotateMatrix.cpp
Invoking: Cross G++ Compiler
g++ -O0 -g3 -Wall -c -fmessage-length=0 -MMD -MP -MF"src/RotateMatrix.d" -MT"src/RotateMatrix.d" -o "src/RotateMatrix.o" "../src/RotateMatrix.cpp"
Finished building: ../src/RotateMatrix.cpp
 
Building target: RotateMatrix
Invoking: Cross G++ Linker
g++  -o "RotateMatrix"  ./src/RotateMatrix.o   
Finished building target: RotateMatrix
 
00:00:45 **** Incremental Build of configuration Debug for project RotateMatrix ****
make all 
Building file: ../src/RotateMatrix.cpp
Invoking: Cross G++ Compiler
g++ -O0 -g3 -Wall -c -fmessage-length=0 -MMD -MP -MF"src/RotateMatrix.d" -MT"src/RotateMatrix.d" -o "src/RotateMatrix.o" "../src/RotateMatrix.cpp"
Finished building: ../src/RotateMatrix.cpp
 
Building target: RotateMatrix
Invoking: Cross G++ Linker
g++  -o "RotateMatrix"  ./src/RotateMatrix.o   
Finished building target: RotateMatrix
 
00:00:48 **** Incremental Build of configuration Debug for project RotateMatrix ****
make all 
make: Nothing to be done for 'all'.
00:00:59 **** Incremental Build of configuration Debug for project RotateMatrix ****
make all 
Building file: ../src/RotateMatrix.cpp
Invoking: Cross G++ Compiler
g++ -O0 -g3 -Wall -c -fmessage-length=0 -MMD -MP -MF"src/RotateMatrix.d" -MT"src/RotateMatrix.d" -o "src/RotateMatrix.o" "../src/RotateMatrix.cpp"
Finished building: ../src/RotateMatrix.cpp
 
Building target: RotateMatrix
Invoking: Cross G++ Linker
g++  -o "RotateMatrix"  ./src/RotateMatrix.o   
Finished building target: RotateMatrix
 
00:01:00 **** Incremental Build of configuration Debug for project RotateMatrix ****
make all 
make: Nothing to be done for 'all'.
00:01:18 **** Incremental Build of configuration Debug for project RotateMatrix ****
make all 
Building file: ../src/RotateMatrix.cpp
Invoking: Cross G++ Compiler
g++ -O0 -g3 -Wall -c -fmessage-length=0 -MMD -MP -MF"src/RotateMatrix.d" -MT"src/RotateMatrix.d" -o "src/RotateMatrix.o" "../src/RotateMatrix.cpp"
Finished building: ../src/RotateMatrix.cpp
 
Building target: RotateMatrix
Invoking: Cross G++ Linker
g++  -o "RotateMatrix"  ./src/RotateMatrix.o   
Finished building target: RotateMatrix
 
00:01:46 **** Incremental Build of configuration Debug for project RotateMatrix ****
make all 
Building file: ../src/RotateMatrix.cpp
Invoking: Cross G++ Compiler
g++ -O0 -g3 -Wall -c -fmessage-length=0 -MMD -MP -MF"src/RotateMatrix.d" -MT"src/RotateMatrix.d" -o "src/RotateMatrix.o" "../src/RotateMatrix.cpp"
Finished building: ../src/RotateMatrix.cpp
 
Building target: RotateMatrix
Invoking: Cross G++ Linker
g++  -o "RotateMatrix"  ./src/RotateMatrix.o   
Finished building target: RotateMatrix
 
00:01:53 **** Incremental Build of configuration Debug for project RotateMatrix ****
make all 
make: Nothing to be done for 'all'.
00:05:09 **** Incremental Build of configuration Debug for project RotateMatrix ****
make all 
Building file: ../src/RotateMatrix.cpp
Invoking: Cross G++ Compiler
g++ -O0 -g3 -Wall -c -fmessage-length=0 -MMD -MP -MF"src/RotateMatrix.d" -MT"src/RotateMatrix.d" -o "src/RotateMatrix.o" "../src/RotateMatrix.cpp"
Finished building: ../src/RotateMatrix.cpp
 
Building target: RotateMatrix
Invoking: Cross G++ Linker
g++  -o "RotateMatrix"  ./src/RotateMatrix.o   
Finished building target: RotateMatrix
 
00:05:10 **** Incremental Build of configuration Debug for project RotateMatrix ****
make all 
make: Nothing to be done for 'all'.
00:08:29 **** Incremental Build of configuration Debug for project RotateMatrix ****
make all 
Building file: ../src/RotateMatrix.cpp
Invoking: Cross G++ Compiler
g++ -O0 -g3 -Wall -c -fmessage-length=0 -MMD -MP -MF"src/RotateMatrix.d" -MT"src/RotateMatrix.d" -o "src/RotateMatrix.o" "../src/RotateMatrix.cpp"
Finished building: ../src/RotateMatrix.cpp
 
Building target: RotateMatrix
Invoking: Cross G++ Linker
g++  -o "RotateMatrix"  ./src/RotateMatrix.o   
Finished building target: RotateMatrix
 
00:08:30 **** Incremental Build of configuration Debug for project RotateMatrix ****
make all 
make: Nothing to be done for 'all'.
00:12:05 **** Incremental Build of configuration Debug for project RotateMatrix ****
make all 
Building file: ../src/RotateMatrix.cpp
Invoking: Cross G++ Compiler
g++ -O0 -g3 -Wall -c -fmessage-length=0 -MMD -MP -MF"src/RotateMatrix.d" -MT"src/RotateMatrix.d" -o "src/RotateMatrix.o" "../src/RotateMatrix.cpp"
Finished building: ../src/RotateMatrix.cpp
 
Building target: RotateMatrix
Invoking: Cross G++ Linker
g++  -o "RotateMatrix"  ./src/RotateMatrix.o   
Finished building target: RotateMatrix
 
00:12:07 **** Incremental Build of configuration Debug for project RotateMatrix ****
make all 
make: Nothing to be done for 'all'.
00:14:02 **** Incremental Build of configuration Debug for project RotateMatrix ****
make all 
Building file: ../src/RotateMatrix.cpp
Invoking: Cross G++ Compiler
g++ -O0 -g3 -Wall -c -fmessage-length=0 -MMD -MP -MF"src/RotateMatrix.d" -MT"src/RotateMatrix.d" -o "src/RotateMatrix.o" "../src/RotateMatrix.cpp"
Finished building: ../src/RotateMatrix.cpp
 
Building target: RotateMatrix
Invoking: Cross G++ Linker
g++  -o "RotateMatrix"  ./src/RotateMatrix.o   
Finished building target: RotateMatrix
 
00:14:03 **** Incremental Build of configuration Debug for project RotateMatrix ****
make all 
make: Nothing to be done for 'all'.
00:19:07 **** Incremental Build of configuration Debug for project RotateMatrix ****
make all 
Building file: ../src/RotateMatrix.cpp
Invoking: Cross G++ Compiler
g++ -O0 -g3 -Wall -c -fmessage-length=0 -MMD -MP -MF"src/RotateMatrix.d" -MT"src/RotateMatrix.d" -o "src/RotateMatrix.o" "../src/RotateMatrix.cpp"
Finished building: ../src/RotateMatrix.cpp
 
Building target: RotateMatrix
Invoking: Cross G++ Linker
g++  -o "RotateMatrix"  ./src/RotateMatrix.o   
Finished building target: RotateMatrix
 
00:19:08 **** Incremental Build of configuration Debug for project RotateMatrix ****
make all 
make: Nothing to be done for 'all'.
00:19:37 **** Incremental Build of configuration Debug for project RotateMatrix ****
make all 
Building file: ../src/RotateMatrix.cpp
Invoking: Cross G++ Compiler
g++ -O0 -g3 -Wall -c -fmessage-length=0 -MMD -MP -MF"src/RotateMatrix.d" -MT"src/RotateMatrix.d" -o "src/RotateMatrix.o" "../src/RotateMatrix.cpp"
Finished building: ../src/RotateMatrix.cpp
 
Building target: RotateMatrix
Invoking: Cross G++ Linker
g++  -o "RotateMatrix"  ./src/RotateMatrix.o   
Finished building target: RotateMatrix
 
00:19:39 **** Incremental Build of configuration Debug for project RotateMatrix ****
make all 
make: Nothing to be done for 'all'.
00:21:17 **** Incremental Build of configuration Debug for project RotateMatrix ****
make all 
Building file: ../src/RotateMatrix.cpp
Invoking: Cross G++ Compiler
g++ -O0 -g3 -Wall -c -fmessage-length=0 -MMD -MP -MF"src/RotateMatrix.d" -MT"src/RotateMatrix.d" -o "src/RotateMatrix.o" "../src/RotateMatrix.cpp"
Finished building: ../src/RotateMatrix.cpp
 
Building target: RotateMatrix
Invoking: Cross G++ Linker
g++  -o "RotateMatrix"  ./src/RotateMatrix.o   
Finished building target: RotateMatrix
 
00:21:18 **** Incremental Build of configuration Debug for project RotateMatrix ****
make all 
make: Nothing to be done for 'all'.
00:24:22 **** Incremental Build of configuration Debug for project RotateMatrix ****
make all 
Building file: ../src/RotateMatrix.cpp
Invoking: Cross G++ Compiler
g++ -O0 -g3 -Wall -c -fmessage-length=0 -MMD -MP -MF"src/RotateMatrix.d" -MT"src/RotateMatrix.d" -o "src/RotateMatrix.o" "../src/RotateMatrix.cpp"
Finished building: ../src/RotateMatrix.cpp
 
Building target: RotateMatrix
Invoking: Cross G++ Linker
g++  -o "RotateMatrix"  ./src/RotateMatrix.o   
Finished building target: RotateMatrix
 
00:24:29 **** Incremental Build of configuration Debug for project RotateMatrix ****
make all 
Building file: ../src/RotateMatrix.cpp
Invoking: Cross G++ Compiler
g++ -O0 -g3 -Wall -c -fmessage-length=0 -MMD -MP -MF"src/RotateMatrix.d" -MT"src/RotateMatrix.d" -o "src/RotateMatrix.o" "../src/RotateMatrix.cpp"
Finished building: ../src/RotateMatrix.cpp
 
Building target: RotateMatrix
Invoking: Cross G++ Linker
g++  -o "RotateMatrix"  ./src/RotateMatrix.o   
Finished building target: RotateMatrix
 
00:24:30 **** Incremental Build of configuration Debug for project RotateMatrix ****
make all 
make: Nothing to be done for 'all'.
00:25:22 **** Incremental Build of configuration Debug for project RotateMatrix ****
make all 
Building file: ../src/RotateMatrix.cpp
Invoking: Cross G++ Compiler
g++ -O0 -g3 -Wall -c -fmessage-length=0 -MMD -MP -MF"src/RotateMatrix.d" -MT"src/RotateMatrix.d" -o "src/RotateMatrix.o" "../src/RotateMatrix.cpp"
Finished building: ../src/RotateMatrix.cpp
 
Building target: RotateMatrix
Invoking: Cross G++ Linker
g++  -o "RotateMatrix"  ./src/RotateMatrix.o   
Finished building target: RotateMatrix
 
00:25:24 **** Incremental Build of configuration Debug for project RotateMatrix ****
make all 
make: Nothing to be done for 'all'.
00:27:46 **** Incremental Build of configuration Debug for project RotateMatrix ****
make all 
Building file: ../src/RotateMatrix.cpp
Invoking: Cross G++ Compiler
g++ -O0 -g3 -Wall -c -fmessage-length=0 -MMD -MP -MF"src/RotateMatrix.d" -MT"src/RotateMatrix.d" -o "src/RotateMatrix.o" "../src/RotateMatrix.cpp"
Finished building: ../src/RotateMatrix.cpp
 
Building target: RotateMatrix
Invoking: Cross G++ Linker
g++  -o "RotateMatrix"  ./src/RotateMatrix.o   
Finished building target: RotateMatrix
 
00:27:48 **** Incremental Build of configuration Debug for project RotateMatrix ****
make all 
make: Nothing to be done for 'all'.
00:28:19 **** Incremental Build of configuration Debug for project RotateMatrix ****
make all 
Building file: ../src/RotateMatrix.cpp
Invoking: Cross G++ Compiler
g++ -O0 -g3 -Wall -c -fmessage-length=0 -MMD -MP -MF"src/RotateMatrix.d" -MT"src/RotateMatrix.d" -o "src/RotateMatrix.o" "../src/RotateMatrix.cpp"
Finished building: ../src/RotateMatrix.cpp
 
Building target: RotateMatrix
Invoking: Cross G++ Linker
g++  -o "RotateMatrix"  ./src/RotateMatrix.o   
Finished building target: RotateMatrix
 
00:28:21 **** Incremental Build of configuration Debug for project RotateMatrix ****
make all 
make: Nothing to be done for 'all'.
